<?xml version="1.0" encoding="UTF-8"?>
<coverage generated="1765419202801" clover="3.2.0">
  <project timestamp="1765419202801" name="All files">
    <metrics statements="522" coveredstatements="417" conditionals="277" coveredconditionals="187" methods="83" coveredmethods="67" elements="882" coveredelements="671" complexity="0" loc="522" ncloc="522" packages="6" files="17" classes="17"/>
    <package name="middleware">
      <metrics statements="17" coveredstatements="17" conditionals="8" coveredconditionals="7" methods="2" coveredmethods="2"/>
      <file name="auth.js" path="/Users/dallaslones/work/aerekos-cloud/conductor/api/middleware/auth.js">
        <metrics statements="12" coveredstatements="12" conditionals="6" coveredconditionals="5" methods="1" coveredmethods="1"/>
        <line num="1" count="2" type="stmt"/>
        <line num="8" count="38" type="stmt"/>
        <line num="10" count="38" type="stmt"/>
        <line num="12" count="38" type="cond" truecount="4" falsecount="0"/>
        <line num="13" count="5" type="stmt"/>
        <line num="21" count="33" type="stmt"/>
        <line num="24" count="33" type="stmt"/>
        <line num="27" count="32" type="stmt"/>
        <line num="28" count="32" type="stmt"/>
        <line num="30" count="32" type="stmt"/>
        <line num="32" count="1" type="stmt"/>
        <line num="41" count="2" type="stmt"/>
      </file>
      <file name="requestId.js" path="/Users/dallaslones/work/aerekos-cloud/conductor/api/middleware/requestId.js">
        <metrics statements="5" coveredstatements="5" conditionals="2" coveredconditionals="2" methods="1" coveredmethods="1"/>
        <line num="1" count="2" type="stmt"/>
        <line num="9" count="72" type="cond" truecount="2" falsecount="0"/>
        <line num="12" count="72" type="stmt"/>
        <line num="14" count="72" type="stmt"/>
        <line num="17" count="2" type="stmt"/>
      </file>
    </package>
    <package name="models">
      <metrics statements="8" coveredstatements="8" conditionals="0" coveredconditionals="0" methods="0" coveredmethods="0"/>
      <file name="index.js" path="/Users/dallaslones/work/aerekos-cloud/conductor/api/models/index.js">
        <metrics statements="8" coveredstatements="8" conditionals="0" coveredconditionals="0" methods="0" coveredmethods="0"/>
        <line num="1" count="5" type="stmt"/>
        <line num="4" count="5" type="stmt"/>
        <line num="16" count="5" type="stmt"/>
        <line num="28" count="5" type="stmt"/>
        <line num="41" count="5" type="stmt"/>
        <line num="51" count="5" type="stmt"/>
        <line num="63" count="5" type="stmt"/>
        <line num="73" count="5" type="stmt"/>
      </file>
    </package>
    <package name="repos">
      <metrics statements="65" coveredstatements="58" conditionals="28" coveredconditionals="22" methods="23" coveredmethods="19"/>
      <file name="TokenRepository.js" path="/Users/dallaslones/work/aerekos-cloud/conductor/api/repos/TokenRepository.js">
        <metrics statements="17" coveredstatements="16" conditionals="4" coveredconditionals="3" methods="5" coveredmethods="4"/>
        <line num="1" count="4" type="stmt"/>
        <line num="13" count="24" type="stmt"/>
        <line num="18" count="24" type="cond" truecount="2" falsecount="0"/>
        <line num="20" count="21" type="stmt"/>
        <line num="21" count="21" type="stmt"/>
        <line num="24" count="3" type="stmt"/>
        <line num="33" count="17" type="stmt"/>
        <line num="42" count="3" type="stmt"/>
        <line num="43" count="3" type="cond" truecount="1" falsecount="1"/>
        <line num="44" count="0" type="stmt"/>
        <line num="47" count="3" type="stmt"/>
        <line num="48" count="3" type="stmt"/>
        <line num="56" count="6" type="stmt"/>
        <line num="57" count="6" type="stmt"/>
        <line num="58" count="11" type="stmt"/>
        <line num="60" count="6" type="stmt"/>
        <line num="64" count="4" type="stmt"/>
      </file>
      <file name="UserRepository.js" path="/Users/dallaslones/work/aerekos-cloud/conductor/api/repos/UserRepository.js">
        <metrics statements="14" coveredstatements="11" conditionals="8" coveredconditionals="7" methods="6" coveredmethods="4"/>
        <line num="1" count="2" type="stmt"/>
        <line num="13" count="23" type="stmt"/>
        <line num="14" count="23" type="cond" truecount="2" falsecount="0"/>
        <line num="23" count="39" type="stmt"/>
        <line num="24" count="39" type="cond" truecount="2" falsecount="0"/>
        <line num="33" count="6" type="stmt"/>
        <line num="34" count="6" type="cond" truecount="2" falsecount="0"/>
        <line num="43" count="0" type="stmt"/>
        <line num="53" count="7" type="stmt"/>
        <line num="54" count="7" type="cond" truecount="1" falsecount="1"/>
        <line num="55" count="0" type="stmt"/>
        <line num="57" count="7" type="stmt"/>
        <line num="65" count="0" type="stmt"/>
        <line num="69" count="2" type="stmt"/>
      </file>
      <file name="WorkerRepository.js" path="/Users/dallaslones/work/aerekos-cloud/conductor/api/repos/WorkerRepository.js">
        <metrics statements="34" coveredstatements="31" conditionals="16" coveredconditionals="12" methods="12" coveredmethods="11"/>
        <line num="1" count="3" type="stmt"/>
        <line num="13" count="77" type="stmt"/>
        <line num="14" count="77" type="cond" truecount="2" falsecount="0"/>
        <line num="23" count="5" type="stmt"/>
        <line num="24" count="5" type="cond" truecount="1" falsecount="1"/>
        <line num="33" count="5" type="stmt"/>
        <line num="34" count="5" type="cond" truecount="2" falsecount="0"/>
        <line num="43" count="2" type="stmt"/>
        <line num="53" count="18" type="stmt"/>
        <line num="54" count="18" type="cond" truecount="1" falsecount="1"/>
        <line num="55" count="0" type="stmt"/>
        <line num="57" count="18" type="stmt"/>
        <line num="65" count="2" type="stmt"/>
        <line num="74" count="0" type="stmt"/>
        <line num="83" count="3" type="stmt"/>
        <line num="95" count="7" type="stmt"/>
        <line num="105" count="3" type="cond" truecount="1" falsecount="1"/>
        <line num="106" count="3" type="stmt"/>
        <line num="117" count="10" type="stmt"/>
        <line num="119" count="10" type="cond" truecount="2" falsecount="0"/>
        <line num="121" count="4" type="stmt"/>
        <line num="122" count="4" type="stmt"/>
        <line num="125" count="6" type="stmt"/>
        <line num="138" count="45" type="stmt"/>
        <line num="139" count="45" type="cond" truecount="2" falsecount="0"/>
        <line num="140" count="1" type="stmt"/>
        <line num="144" count="44" type="stmt"/>
        <line num="147" count="44" type="stmt"/>
        <line num="148" count="44" type="cond" truecount="1" falsecount="1"/>
        <line num="149" count="44" type="stmt"/>
        <line num="150" count="44" type="stmt"/>
        <line num="153" count="0" type="stmt"/>
        <line num="157" count="44" type="stmt"/>
        <line num="165" count="3" type="stmt"/>
      </file>
    </package>
    <package name="routes">
      <metrics statements="121" coveredstatements="105" conditionals="63" coveredconditionals="44" methods="13" coveredmethods="13"/>
      <file name="auth.js" path="/Users/dallaslones/work/aerekos-cloud/conductor/api/routes/auth.js">
        <metrics statements="50" coveredstatements="42" conditionals="30" coveredconditionals="23" methods="5" coveredmethods="5"/>
        <line num="1" count="2" type="stmt"/>
        <line num="2" count="2" type="stmt"/>
        <line num="3" count="2" type="stmt"/>
        <line num="4" count="2" type="stmt"/>
        <line num="10" count="2" type="stmt"/>
        <line num="11" count="16" type="stmt"/>
        <line num="12" count="16" type="stmt"/>
        <line num="14" count="16" type="cond" truecount="4" falsecount="0"/>
        <line num="15" count="1" type="stmt"/>
        <line num="23" count="15" type="stmt"/>
        <line num="25" count="14" type="stmt"/>
        <line num="30" count="1" type="cond" truecount="1" falsecount="1"/>
        <line num="31" count="1" type="stmt"/>
        <line num="38" count="0" type="stmt"/>
        <line num="47" count="2" type="stmt"/>
        <line num="48" count="1" type="stmt"/>
        <line num="49" count="1" type="stmt"/>
        <line num="50" count="1" type="stmt"/>
        <line num="52" count="0" type="cond" truecount="0" falsecount="2"/>
        <line num="53" count="0" type="stmt"/>
        <line num="60" count="0" type="stmt"/>
        <line num="69" count="2" type="stmt"/>
        <line num="70" count="1" type="stmt"/>
        <line num="80" count="2" type="stmt"/>
        <line num="81" count="4" type="stmt"/>
        <line num="82" count="4" type="stmt"/>
        <line num="84" count="4" type="cond" truecount="4" falsecount="0"/>
        <line num="85" count="1" type="stmt"/>
        <line num="93" count="3" type="stmt"/>
        <line num="99" count="1" type="stmt"/>
        <line num="104" count="2" type="cond" truecount="2" falsecount="0"/>
        <line num="105" count="1" type="stmt"/>
        <line num="112" count="1" type="cond" truecount="1" falsecount="1"/>
        <line num="113" count="0" type="stmt"/>
        <line num="120" count="1" type="cond" truecount="1" falsecount="1"/>
        <line num="121" count="1" type="stmt"/>
        <line num="128" count="0" type="stmt"/>
        <line num="137" count="2" type="stmt"/>
        <line num="138" count="7" type="stmt"/>
        <line num="139" count="7" type="stmt"/>
        <line num="141" count="7" type="cond" truecount="4" falsecount="0"/>
        <line num="142" count="1" type="stmt"/>
        <line num="150" count="6" type="stmt"/>
        <line num="155" count="2" type="stmt"/>
        <line num="160" count="4" type="cond" truecount="1" falsecount="1"/>
        <line num="161" count="0" type="stmt"/>
        <line num="168" count="4" type="cond" truecount="5" falsecount="1"/>
        <line num="172" count="4" type="stmt"/>
        <line num="179" count="0" type="stmt"/>
        <line num="183" count="2" type="stmt"/>
      </file>
      <file name="token.js" path="/Users/dallaslones/work/aerekos-cloud/conductor/api/routes/token.js">
        <metrics statements="17" coveredstatements="14" conditionals="2" coveredconditionals="1" methods="2" coveredmethods="2"/>
        <line num="1" count="2" type="stmt"/>
        <line num="2" count="2" type="stmt"/>
        <line num="3" count="2" type="stmt"/>
        <line num="4" count="2" type="stmt"/>
        <line num="11" count="2" type="stmt"/>
        <line num="12" count="18" type="stmt"/>
        <line num="13" count="18" type="stmt"/>
        <line num="15" count="18" type="cond" truecount="1" falsecount="1"/>
        <line num="16" count="0" type="stmt"/>
        <line num="24" count="18" type="stmt"/>
        <line num="26" count="0" type="stmt"/>
        <line num="35" count="2" type="stmt"/>
        <line num="36" count="1" type="stmt"/>
        <line num="37" count="1" type="stmt"/>
        <line num="38" count="1" type="stmt"/>
        <line num="43" count="0" type="stmt"/>
        <line num="47" count="2" type="stmt"/>
      </file>
      <file name="worker.js" path="/Users/dallaslones/work/aerekos-cloud/conductor/api/routes/worker.js">
        <metrics statements="54" coveredstatements="49" conditionals="31" coveredconditionals="20" methods="6" coveredmethods="6"/>
        <line num="1" count="2" type="stmt"/>
        <line num="2" count="2" type="stmt"/>
        <line num="3" count="2" type="stmt"/>
        <line num="10" count="2" type="stmt"/>
        <line num="11" count="5" type="stmt"/>
        <line num="12" count="5" type="stmt"/>
        <line num="14" count="5" type="cond" truecount="2" falsecount="0"/>
        <line num="15" count="1" type="stmt"/>
        <line num="26" count="4" type="stmt"/>
        <line num="27" count="4" type="stmt"/>
        <line num="30" count="4" type="cond" truecount="4" falsecount="0"/>
        <line num="33" count="1" type="cond" truecount="1" falsecount="4"/>
        <line num="40" count="1" type="cond" truecount="2" falsecount="2"/>
        <line num="45" count="1" type="cond" truecount="2" falsecount="0"/>
        <line num="46" count="1" type="cond" truecount="2" falsecount="0"/>
        <line num="49" count="4" type="cond" truecount="1" falsecount="1"/>
        <line num="51" count="3" type="stmt"/>
        <line num="64" count="1" type="cond" truecount="1" falsecount="1"/>
        <line num="65" count="1" type="stmt"/>
        <line num="72" count="0" type="stmt"/>
        <line num="80" count="2" type="stmt"/>
        <line num="81" count="2" type="stmt"/>
        <line num="82" count="2" type="stmt"/>
        <line num="84" count="2" type="stmt"/>
        <line num="86" count="1" type="stmt"/>
        <line num="97" count="1" type="cond" truecount="1" falsecount="1"/>
        <line num="98" count="1" type="stmt"/>
        <line num="105" count="0" type="stmt"/>
        <line num="113" count="2" type="stmt"/>
        <line num="114" count="3" type="stmt"/>
        <line num="115" count="3" type="stmt"/>
        <line num="116" count="3" type="stmt"/>
        <line num="118" count="3" type="cond" truecount="2" falsecount="0"/>
        <line num="119" count="1" type="stmt"/>
        <line num="127" count="2" type="stmt"/>
        <line num="129" count="1" type="stmt"/>
        <line num="140" count="1" type="cond" truecount="1" falsecount="1"/>
        <line num="141" count="1" type="stmt"/>
        <line num="148" count="0" type="stmt"/>
        <line num="157" count="2" type="stmt"/>
        <line num="158" count="2" type="stmt"/>
        <line num="159" count="2" type="stmt"/>
        <line num="161" count="2" type="stmt"/>
        <line num="162" count="25" type="stmt"/>
        <line num="174" count="0" type="stmt"/>
        <line num="183" count="2" type="stmt"/>
        <line num="184" count="3" type="stmt"/>
        <line num="185" count="3" type="stmt"/>
        <line num="187" count="3" type="stmt"/>
        <line num="189" count="2" type="stmt"/>
        <line num="203" count="1" type="cond" truecount="1" falsecount="1"/>
        <line num="204" count="1" type="stmt"/>
        <line num="211" count="0" type="stmt"/>
        <line num="215" count="2" type="stmt"/>
      </file>
    </package>
    <package name="services">
      <metrics statements="289" coveredstatements="210" conditionals="170" coveredconditionals="109" methods="42" coveredmethods="30"/>
      <file name="JWTService.js" path="/Users/dallaslones/work/aerekos-cloud/conductor/api/services/JWTService.js">
        <metrics statements="14" coveredstatements="12" conditionals="8" coveredconditionals="4" methods="3" coveredmethods="3"/>
        <line num="1" count="2" type="stmt"/>
        <line num="3" count="2" type="cond" truecount="1" falsecount="1"/>
        <line num="4" count="2" type="cond" truecount="1" falsecount="1"/>
        <line num="16" count="18" type="stmt"/>
        <line num="23" count="18" type="stmt"/>
        <line num="35" count="35" type="stmt"/>
        <line num="36" count="35" type="stmt"/>
        <line num="38" count="2" type="cond" truecount="1" falsecount="1"/>
        <line num="39" count="0" type="stmt"/>
        <line num="40" count="2" type="cond" truecount="1" falsecount="1"/>
        <line num="41" count="2" type="stmt"/>
        <line num="43" count="0" type="stmt"/>
        <line num="53" count="1" type="stmt"/>
        <line num="57" count="2" type="stmt"/>
      </file>
      <file name="TokenService.js" path="/Users/dallaslones/work/aerekos-cloud/conductor/api/services/TokenService.js">
        <metrics statements="22" coveredstatements="22" conditionals="8" coveredconditionals="7" methods="5" coveredmethods="5"/>
        <line num="1" count="4" type="stmt"/>
        <line num="2" count="4" type="stmt"/>
        <line num="3" count="4" type="stmt"/>
        <line num="10" count="4" type="stmt"/>
        <line num="18" count="17" type="stmt"/>
        <line num="21" count="17" type="stmt"/>
        <line num="23" count="17" type="stmt"/>
        <line num="29" count="17" type="stmt"/>
        <line num="38" count="14" type="stmt"/>
        <line num="40" count="14" type="cond" truecount="2" falsecount="0"/>
        <line num="41" count="4" type="stmt"/>
        <line num="44" count="10" type="stmt"/>
        <line num="47" count="10" type="cond" truecount="2" falsecount="0"/>
        <line num="48" count="1" type="stmt"/>
        <line num="49" count="1" type="cond" truecount="1" falsecount="1"/>
        <line num="50" count="1" type="stmt"/>
        <line num="54" count="9" type="stmt"/>
        <line num="62" count="22" type="stmt"/>
        <line num="63" count="22" type="cond" truecount="2" falsecount="0"/>
        <line num="73" count="3" type="stmt"/>
        <line num="76" count="3" type="stmt"/>
        <line num="80" count="4" type="stmt"/>
      </file>
      <file name="UserService.js" path="/Users/dallaslones/work/aerekos-cloud/conductor/api/services/UserService.js">
        <metrics statements="68" coveredstatements="61" conditionals="42" coveredconditionals="36" methods="6" coveredmethods="5"/>
        <line num="1" count="2" type="stmt"/>
        <line num="2" count="2" type="stmt"/>
        <line num="3" count="2" type="stmt"/>
        <line num="10" count="2" type="stmt"/>
        <line num="11" count="2" type="stmt"/>
        <line num="22" count="18" type="stmt"/>
        <line num="24" count="18" type="cond" truecount="2" falsecount="0"/>
        <line num="25" count="1" type="stmt"/>
        <line num="28" count="17" type="stmt"/>
        <line num="30" count="17" type="cond" truecount="2" falsecount="0"/>
        <line num="31" count="2" type="stmt"/>
        <line num="34" count="15" type="stmt"/>
        <line num="36" count="15" type="stmt"/>
        <line num="54" count="3" type="stmt"/>
        <line num="56" count="3" type="cond" truecount="2" falsecount="0"/>
        <line num="57" count="1" type="stmt"/>
        <line num="60" count="2" type="stmt"/>
        <line num="77" count="0" type="stmt"/>
        <line num="78" count="0" type="cond" truecount="0" falsecount="2"/>
        <line num="79" count="0" type="stmt"/>
        <line num="82" count="0" type="stmt"/>
        <line num="83" count="0" type="cond" truecount="0" falsecount="2"/>
        <line num="84" count="0" type="stmt"/>
        <line num="87" count="0" type="stmt"/>
        <line num="100" count="7" type="stmt"/>
        <line num="102" count="7" type="cond" truecount="2" falsecount="0"/>
        <line num="103" count="1" type="stmt"/>
        <line num="107" count="6" type="stmt"/>
        <line num="109" count="6" type="cond" truecount="2" falsecount="0"/>
        <line num="110" count="2" type="stmt"/>
        <line num="114" count="4" type="cond" truecount="4" falsecount="0"/>
        <line num="115" count="2" type="stmt"/>
        <line num="119" count="2" type="stmt"/>
        <line num="122" count="2" type="stmt"/>
        <line num="127" count="2" type="stmt"/>
        <line num="144" count="17" type="stmt"/>
        <line num="146" count="17" type="cond" truecount="2" falsecount="0"/>
        <line num="147" count="1" type="stmt"/>
        <line num="150" count="16" type="stmt"/>
        <line num="153" count="16" type="cond" truecount="1" falsecount="1"/>
        <line num="154" count="16" type="stmt"/>
        <line num="156" count="16" type="cond" truecount="2" falsecount="0"/>
        <line num="157" count="1" type="stmt"/>
        <line num="160" count="15" type="cond" truecount="2" falsecount="0"/>
        <line num="161" count="2" type="stmt"/>
        <line num="165" count="13" type="cond" truecount="2" falsecount="0"/>
        <line num="166" count="5" type="stmt"/>
        <line num="167" count="5" type="cond" truecount="2" falsecount="0"/>
        <line num="168" count="2" type="stmt"/>
        <line num="170" count="3" type="stmt"/>
        <line num="175" count="11" type="cond" truecount="1" falsecount="1"/>
        <line num="176" count="11" type="stmt"/>
        <line num="178" count="11" type="cond" truecount="2" falsecount="0"/>
        <line num="179" count="1" type="stmt"/>
        <line num="183" count="10" type="stmt"/>
        <line num="184" count="10" type="cond" truecount="2" falsecount="0"/>
        <line num="185" count="2" type="stmt"/>
        <line num="189" count="8" type="cond" truecount="2" falsecount="0"/>
        <line num="190" count="6" type="stmt"/>
        <line num="191" count="6" type="cond" truecount="2" falsecount="0"/>
        <line num="192" count="2" type="stmt"/>
        <line num="194" count="4" type="stmt"/>
        <line num="199" count="6" type="cond" truecount="2" falsecount="0"/>
        <line num="200" count="1" type="stmt"/>
        <line num="209" count="5" type="stmt"/>
        <line num="212" count="5" type="stmt"/>
        <line num="215" count="5" type="stmt"/>
        <line num="224" count="2" type="stmt"/>
      </file>
      <file name="WorkerService.js" path="/Users/dallaslones/work/aerekos-cloud/conductor/api/services/WorkerService.js">
        <metrics statements="59" coveredstatements="53" conditionals="70" coveredconditionals="47" methods="10" coveredmethods="8"/>
        <line num="1" count="3" type="stmt"/>
        <line num="2" count="3" type="stmt"/>
        <line num="9" count="3" type="stmt"/>
        <line num="10" count="3" type="stmt"/>
        <line num="25" count="8" type="stmt"/>
        <line num="26" count="8" type="cond" truecount="2" falsecount="0"/>
        <line num="27" count="1" type="stmt"/>
        <line num="31" count="7" type="cond" truecount="2" falsecount="0"/>
        <line num="32" count="2" type="stmt"/>
        <line num="33" count="2" type="stmt"/>
        <line num="34" count="2" type="cond" truecount="1" falsecount="1"/>
        <line num="36" count="2" type="stmt"/>
        <line num="45" count="2" type="cond" truecount="2" falsecount="4"/>
        <line num="47" count="2" type="stmt"/>
        <line num="55" count="2" type="stmt"/>
        <line num="59" count="0" type="stmt"/>
        <line num="64" count="5" type="stmt"/>
        <line num="65" count="5" type="stmt"/>
        <line num="68" count="5" type="cond" truecount="4" falsecount="0"/>
        <line num="69" count="3" type="cond" truecount="2" falsecount="0"/>
        <line num="72" count="3" type="stmt"/>
        <line num="81" count="3" type="cond" truecount="2" falsecount="4"/>
        <line num="83" count="3" type="stmt"/>
        <line num="91" count="3" type="stmt"/>
        <line num="95" count="2" type="stmt"/>
        <line num="104" count="2" type="cond" truecount="2" falsecount="4"/>
        <line num="106" count="2" type="stmt"/>
        <line num="114" count="2" type="stmt"/>
        <line num="124" count="4" type="stmt"/>
        <line num="126" count="4" type="cond" truecount="2" falsecount="0"/>
        <line num="127" count="1" type="stmt"/>
        <line num="131" count="3" type="stmt"/>
        <line num="132" count="3" type="stmt"/>
        <line num="134" count="3" type="stmt"/>
        <line num="145" count="4" type="stmt"/>
        <line num="147" count="4" type="cond" truecount="2" falsecount="0"/>
        <line num="148" count="1" type="stmt"/>
        <line num="152" count="3" type="stmt"/>
        <line num="155" count="3" type="cond" truecount="2" falsecount="4"/>
        <line num="157" count="3" type="stmt"/>
        <line num="165" count="3" type="stmt"/>
        <line num="175" count="3" type="stmt"/>
        <line num="177" count="3" type="cond" truecount="2" falsecount="0"/>
        <line num="178" count="1" type="stmt"/>
        <line num="181" count="2" type="stmt"/>
        <line num="189" count="2" type="stmt"/>
        <line num="192" count="2" type="stmt"/>
        <line num="194" count="25" type="stmt"/>
        <line num="198" count="2" type="stmt"/>
        <line num="207" count="0" type="stmt"/>
        <line num="210" count="0" type="stmt"/>
        <line num="212" count="0" type="stmt"/>
        <line num="216" count="0" type="stmt"/>
        <line num="226" count="4" type="stmt"/>
        <line num="228" count="4" type="cond" truecount="1" falsecount="1"/>
        <line num="229" count="0" type="stmt"/>
        <line num="232" count="4" type="stmt"/>
        <line num="233" count="4" type="stmt"/>
        <line num="237" count="3" type="stmt"/>
      </file>
      <file name="WorkerSocketService.js" path="/Users/dallaslones/work/aerekos-cloud/conductor/api/services/WorkerSocketService.js">
        <metrics statements="126" coveredstatements="62" conditionals="42" coveredconditionals="15" methods="18" coveredmethods="9"/>
        <line num="1" count="3" type="stmt"/>
        <line num="2" count="3" type="stmt"/>
        <line num="3" count="3" type="stmt"/>
        <line num="10" count="3" type="stmt"/>
        <line num="11" count="3" type="stmt"/>
        <line num="12" count="3" type="stmt"/>
        <line num="13" count="3" type="stmt"/>
        <line num="14" count="3" type="stmt"/>
        <line num="15" count="3" type="stmt"/>
        <line num="23" count="4" type="stmt"/>
        <line num="31" count="4" type="stmt"/>
        <line num="32" count="4" type="stmt"/>
        <line num="35" count="4" type="stmt"/>
        <line num="36" count="4" type="stmt"/>
        <line num="37" count="4" type="stmt"/>
        <line num="39" count="4" type="cond" truecount="1" falsecount="1"/>
        <line num="40" count="0" type="stmt"/>
        <line num="41" count="0" type="stmt"/>
        <line num="45" count="4" type="stmt"/>
        <line num="54" count="4" type="stmt"/>
        <line num="55" count="4" type="stmt"/>
        <line num="58" count="4" type="stmt"/>
        <line num="66" count="4" type="stmt"/>
        <line num="68" count="4" type="stmt"/>
        <line num="70" count="0" type="stmt"/>
        <line num="71" count="0" type="stmt"/>
        <line num="76" count="4" type="stmt"/>
        <line num="77" count="2" type="stmt"/>
        <line num="78" count="2" type="cond" truecount="1" falsecount="1"/>
        <line num="79" count="0" type="stmt"/>
        <line num="80" count="0" type="stmt"/>
        <line num="83" count="2" type="stmt"/>
        <line num="85" count="2" type="stmt"/>
        <line num="88" count="2" type="stmt"/>
        <line num="91" count="2" type="cond" truecount="1" falsecount="1"/>
        <line num="92" count="2" type="stmt"/>
        <line num="93" count="2" type="stmt"/>
        <line num="101" count="2" type="stmt"/>
        <line num="118" count="2" type="stmt"/>
        <line num="128" count="2" type="stmt"/>
        <line num="129" count="2" type="stmt"/>
        <line num="132" count="2" type="stmt"/>
        <line num="134" count="0" type="stmt"/>
        <line num="135" count="0" type="stmt"/>
        <line num="140" count="4" type="stmt"/>
        <line num="141" count="0" type="stmt"/>
        <line num="142" count="0" type="cond" truecount="0" falsecount="2"/>
        <line num="143" count="0" type="stmt"/>
        <line num="144" count="0" type="stmt"/>
        <line num="147" count="0" type="stmt"/>
        <line num="148" count="0" type="stmt"/>
        <line num="149" count="0" type="stmt"/>
        <line num="152" count="0" type="stmt"/>
        <line num="157" count="0" type="stmt"/>
        <line num="158" count="0" type="stmt"/>
        <line num="163" count="4" type="stmt"/>
        <line num="164" count="4" type="stmt"/>
        <line num="166" count="4" type="cond" truecount="1" falsecount="1"/>
        <line num="167" count="4" type="stmt"/>
        <line num="169" count="4" type="stmt"/>
        <line num="171" count="4" type="stmt"/>
        <line num="174" count="4" type="stmt"/>
        <line num="179" count="4" type="stmt"/>
        <line num="183" count="4" type="stmt"/>
        <line num="184" count="4" type="stmt"/>
        <line num="185" count="4" type="stmt"/>
        <line num="187" count="0" type="stmt"/>
        <line num="192" count="4" type="stmt"/>
        <line num="193" count="0" type="stmt"/>
        <line num="198" count="4" type="stmt"/>
        <line num="199" count="3" type="stmt"/>
        <line num="200" count="3" type="stmt"/>
        <line num="203" count="3" type="stmt"/>
        <line num="204" count="0" type="stmt"/>
        <line num="205" count="0" type="cond" truecount="0" falsecount="2"/>
        <line num="206" count="0" type="stmt"/>
        <line num="207" count="0" type="stmt"/>
        <line num="212" count="3" type="stmt"/>
        <line num="213" count="0" type="stmt"/>
        <line num="214" count="0" type="cond" truecount="0" falsecount="2"/>
        <line num="215" count="0" type="stmt"/>
        <line num="216" count="0" type="stmt"/>
        <line num="220" count="3" type="stmt"/>
        <line num="221" count="3" type="stmt"/>
        <line num="226" count="4" type="stmt"/>
        <line num="228" count="4" type="stmt"/>
        <line num="235" count="4" type="cond" truecount="2" falsecount="0"/>
        <line num="236" count="3" type="stmt"/>
        <line num="240" count="4" type="stmt"/>
        <line num="241" count="0" type="stmt"/>
        <line num="244" count="0" type="stmt"/>
        <line num="245" count="0" type="stmt"/>
        <line num="246" count="0" type="stmt"/>
        <line num="248" count="0" type="cond" truecount="0" falsecount="2"/>
        <line num="249" count="0" type="stmt"/>
        <line num="251" count="0" type="stmt"/>
        <line num="253" count="0" type="stmt"/>
        <line num="256" count="0" type="stmt"/>
        <line num="263" count="0" type="stmt"/>
        <line num="264" count="0" type="stmt"/>
        <line num="267" count="0" type="stmt"/>
        <line num="268" count="0" type="cond" truecount="0" falsecount="2"/>
        <line num="269" count="0" type="stmt"/>
        <line num="270" count="0" type="stmt"/>
        <line num="274" count="0" type="stmt"/>
        <line num="280" count="0" type="stmt"/>
        <line num="281" count="0" type="stmt"/>
        <line num="282" count="0" type="stmt"/>
        <line num="284" count="0" type="cond" truecount="0" falsecount="2"/>
        <line num="285" count="0" type="stmt"/>
        <line num="289" count="0" type="cond" truecount="0" falsecount="4"/>
        <line num="290" count="0" type="stmt"/>
        <line num="291" count="0" type="stmt"/>
        <line num="294" count="0" type="cond" truecount="0" falsecount="2"/>
        <line num="295" count="0" type="stmt"/>
        <line num="296" count="0" type="stmt"/>
        <line num="299" count="0" type="stmt"/>
        <line num="308" count="0" type="stmt"/>
        <line num="318" count="0" type="stmt"/>
        <line num="327" count="0" type="stmt"/>
        <line num="337" count="0" type="stmt"/>
        <line num="338" count="0" type="cond" truecount="0" falsecount="2"/>
        <line num="339" count="0" type="stmt"/>
        <line num="349" count="0" type="cond" truecount="0" falsecount="2"/>
        <line num="350" count="0" type="stmt"/>
        <line num="355" count="3" type="stmt"/>
      </file>
    </package>
    <package name="utils">
      <metrics statements="22" coveredstatements="19" conditionals="8" coveredconditionals="5" methods="3" coveredmethods="3"/>
      <file name="db.js" path="/Users/dallaslones/work/aerekos-cloud/conductor/api/utils/db.js">
        <metrics statements="10" coveredstatements="9" conditionals="8" coveredconditionals="5" methods="0" coveredmethods="0"/>
        <line num="1" count="5" type="stmt"/>
        <line num="2" count="5" type="stmt"/>
        <line num="3" count="5" type="stmt"/>
        <line num="6" count="5" type="stmt"/>
        <line num="7" count="5" type="cond" truecount="1" falsecount="1"/>
        <line num="8" count="0" type="stmt"/>
        <line num="11" count="5" type="cond" truecount="1" falsecount="1"/>
        <line num="16" count="5" type="cond" truecount="2" falsecount="0"/>
        <line num="18" count="5" type="stmt"/>
        <line num="24" count="5" type="stmt"/>
      </file>
      <file name="dbInit.js" path="/Users/dallaslones/work/aerekos-cloud/conductor/api/utils/dbInit.js">
        <metrics statements="7" coveredstatements="5" conditionals="0" coveredconditionals="0" methods="1" coveredmethods="1"/>
        <line num="1" count="5" type="stmt"/>
        <line num="7" count="5" type="stmt"/>
        <line num="10" count="5" type="stmt"/>
        <line num="11" count="5" type="stmt"/>
        <line num="13" count="0" type="stmt"/>
        <line num="14" count="0" type="stmt"/>
        <line num="18" count="5" type="stmt"/>
      </file>
      <file name="password.js" path="/Users/dallaslones/work/aerekos-cloud/conductor/api/utils/password.js">
        <metrics statements="5" coveredstatements="5" conditionals="0" coveredconditionals="0" methods="2" coveredmethods="2"/>
        <line num="1" count="3" type="stmt"/>
        <line num="3" count="3" type="stmt"/>
        <line num="11" count="40" type="stmt"/>
        <line num="21" count="24" type="stmt"/>
        <line num="24" count="3" type="stmt"/>
      </file>
    </package>
  </project>
</coverage>
