{"/Users/dallaslones/work/aerekos-cloud/conductor/api/middleware/auth.js": {"path":"/Users/dallaslones/work/aerekos-cloud/conductor/api/middleware/auth.js","statementMap":{"0":{"start":{"line":1,"column":19},"end":{"line":1,"column":52}},"1":{"start":{"line":8,"column":2},"end":{"line":38,"column":3}},"2":{"start":{"line":10,"column":23},"end":{"line":10,"column":48}},"3":{"start":{"line":12,"column":4},"end":{"line":19,"column":5}},"4":{"start":{"line":13,"column":6},"end":{"line":18,"column":9}},"5":{"start":{"line":21,"column":18},"end":{"line":21,"column":41}},"6":{"start":{"line":24,"column":20},"end":{"line":24,"column":49}},"7":{"start":{"line":27,"column":4},"end":{"line":27,"column":23}},"8":{"start":{"line":28,"column":4},"end":{"line":28,"column":28}},"9":{"start":{"line":30,"column":4},"end":{"line":30,"column":11}},"10":{"start":{"line":32,"column":4},"end":{"line":37,"column":7}},"11":{"start":{"line":41,"column":0},"end":{"line":41,"column":30}}},"fnMap":{"0":{"name":"authenticate","decl":{"start":{"line":7,"column":9},"end":{"line":7,"column":21}},"loc":{"start":{"line":7,"column":38},"end":{"line":39,"column":1}},"line":7}},"branchMap":{"0":{"loc":{"start":{"line":12,"column":4},"end":{"line":19,"column":5}},"type":"if","locations":[{"start":{"line":12,"column":4},"end":{"line":19,"column":5}},{"start":{},"end":{}}],"line":12},"1":{"loc":{"start":{"line":12,"column":8},"end":{"line":12,"column":56}},"type":"binary-expr","locations":[{"start":{"line":12,"column":8},"end":{"line":12,"column":19}},{"start":{"line":12,"column":23},"end":{"line":12,"column":56}}],"line":12},"2":{"loc":{"start":{"line":34,"column":17},"end":{"line":34,"column":49}},"type":"binary-expr","locations":[{"start":{"line":34,"column":17},"end":{"line":34,"column":30}},{"start":{"line":34,"column":34},"end":{"line":34,"column":49}}],"line":34}},"s":{"0":2,"1":38,"2":38,"3":38,"4":5,"5":33,"6":33,"7":32,"8":32,"9":32,"10":1,"11":2},"f":{"0":38},"b":{"0":[5,33],"1":[38,33],"2":[1,0]},"_coverageSchema":"1a1c01bbd47fc00a2c39e90264f33305004495a9","hash":"7093aa98dda7326ae128b7338a6b86126a73252b"}
,"/Users/dallaslones/work/aerekos-cloud/conductor/api/middleware/requestId.js": {"path":"/Users/dallaslones/work/aerekos-cloud/conductor/api/middleware/requestId.js","statementMap":{"0":{"start":{"line":1,"column":23},"end":{"line":1,"column":40}},"1":{"start":{"line":9,"column":2},"end":{"line":9,"column":55}},"2":{"start":{"line":12,"column":2},"end":{"line":12,"column":40}},"3":{"start":{"line":14,"column":2},"end":{"line":14,"column":9}},"4":{"start":{"line":17,"column":0},"end":{"line":17,"column":37}}},"fnMap":{"0":{"name":"requestIdMiddleware","decl":{"start":{"line":7,"column":9},"end":{"line":7,"column":28}},"loc":{"start":{"line":7,"column":45},"end":{"line":15,"column":1}},"line":7}},"branchMap":{"0":{"loc":{"start":{"line":9,"column":11},"end":{"line":9,"column":54}},"type":"binary-expr","locations":[{"start":{"line":9,"column":11},"end":{"line":9,"column":38}},{"start":{"line":9,"column":42},"end":{"line":9,"column":54}}],"line":9}},"s":{"0":2,"1":72,"2":72,"3":72,"4":2},"f":{"0":72},"b":{"0":[72,72]},"_coverageSchema":"1a1c01bbd47fc00a2c39e90264f33305004495a9","hash":"0b14d43b1ff5a0132e22ceacbdfcb49e66709eb9"}
,"/Users/dallaslones/work/aerekos-cloud/conductor/api/models/index.js": {"path":"/Users/dallaslones/work/aerekos-cloud/conductor/api/models/index.js","statementMap":{"0":{"start":{"line":1,"column":11},"end":{"line":1,"column":33}},"1":{"start":{"line":4,"column":13},"end":{"line":13,"column":2}},"2":{"start":{"line":16,"column":15},"end":{"line":24,"column":2}},"3":{"start":{"line":28,"column":16},"end":{"line":37,"column":2}},"4":{"start":{"line":41,"column":26},"end":{"line":47,"column":2}},"5":{"start":{"line":51,"column":14},"end":{"line":59,"column":2}},"6":{"start":{"line":63,"column":17},"end":{"line":71,"column":2}},"7":{"start":{"line":73,"column":0},"end":{"line":81,"column":2}}},"fnMap":{},"branchMap":{},"s":{"0":5,"1":5,"2":5,"3":5,"4":5,"5":5,"6":5,"7":5},"f":{},"b":{},"_coverageSchema":"1a1c01bbd47fc00a2c39e90264f33305004495a9","hash":"86e4510236a257cf15c2c941d3acbc41b54a37d3"}
,"/Users/dallaslones/work/aerekos-cloud/conductor/api/repos/TokenRepository.js": {"path":"/Users/dallaslones/work/aerekos-cloud/conductor/api/repos/TokenRepository.js","statementMap":{"0":{"start":{"line":1,"column":18},"end":{"line":1,"column":38}},"1":{"start":{"line":13,"column":19},"end":{"line":15,"column":6}},"2":{"start":{"line":18,"column":4},"end":{"line":22,"column":5}},"3":{"start":{"line":20,"column":6},"end":{"line":20,"column":77}},"4":{"start":{"line":20,"column":28},"end":{"line":20,"column":75}},"5":{"start":{"line":21,"column":6},"end":{"line":21,"column":23}},"6":{"start":{"line":24,"column":4},"end":{"line":24,"column":16}},"7":{"start":{"line":33,"column":4},"end":{"line":33,"column":41}},"8":{"start":{"line":42,"column":19},"end":{"line":42,"column":72}},"9":{"start":{"line":43,"column":4},"end":{"line":45,"column":5}},"10":{"start":{"line":44,"column":6},"end":{"line":44,"column":41}},"11":{"start":{"line":47,"column":18},"end":{"line":47,"column":27}},"12":{"start":{"line":48,"column":4},"end":{"line":48,"column":55}},"13":{"start":{"line":56,"column":19},"end":{"line":56,"column":64}},"14":{"start":{"line":57,"column":4},"end":{"line":59,"column":5}},"15":{"start":{"line":58,"column":6},"end":{"line":58,"column":50}},"16":{"start":{"line":60,"column":4},"end":{"line":60,"column":25}},"17":{"start":{"line":64,"column":0},"end":{"line":64,"column":39}}},"fnMap":{"0":{"name":"(anonymous_0)","decl":{"start":{"line":11,"column":2},"end":{"line":11,"column":3}},"loc":{"start":{"line":11,"column":26},"end":{"line":25,"column":3}},"line":11},"1":{"name":"(anonymous_1)","decl":{"start":{"line":20,"column":18},"end":{"line":20,"column":19}},"loc":{"start":{"line":20,"column":28},"end":{"line":20,"column":75}},"line":20},"2":{"name":"(anonymous_2)","decl":{"start":{"line":32,"column":2},"end":{"line":32,"column":3}},"loc":{"start":{"line":32,"column":26},"end":{"line":34,"column":3}},"line":32},"3":{"name":"(anonymous_3)","decl":{"start":{"line":41,"column":2},"end":{"line":41,"column":3}},"loc":{"start":{"line":41,"column":36},"end":{"line":49,"column":3}},"line":41},"4":{"name":"(anonymous_4)","decl":{"start":{"line":55,"column":2},"end":{"line":55,"column":3}},"loc":{"start":{"line":55,"column":30},"end":{"line":61,"column":3}},"line":55}},"branchMap":{"0":{"loc":{"start":{"line":18,"column":4},"end":{"line":22,"column":5}},"type":"if","locations":[{"start":{"line":18,"column":4},"end":{"line":22,"column":5}},{"start":{},"end":{}}],"line":18},"1":{"loc":{"start":{"line":43,"column":4},"end":{"line":45,"column":5}},"type":"if","locations":[{"start":{"line":43,"column":4},"end":{"line":45,"column":5}},{"start":{},"end":{}}],"line":43}},"s":{"0":4,"1":24,"2":24,"3":21,"4":0,"5":21,"6":3,"7":17,"8":3,"9":3,"10":0,"11":3,"12":3,"13":6,"14":6,"15":11,"16":6,"17":4},"f":{"0":24,"1":0,"2":17,"3":3,"4":6},"b":{"0":[21,3],"1":[0,3]},"_coverageSchema":"1a1c01bbd47fc00a2c39e90264f33305004495a9","hash":"572cc63a3985df75258a55f4d0da24b18fc508f6"}
,"/Users/dallaslones/work/aerekos-cloud/conductor/api/repos/UserRepository.js": {"path":"/Users/dallaslones/work/aerekos-cloud/conductor/api/repos/UserRepository.js","statementMap":{"0":{"start":{"line":1,"column":17},"end":{"line":1,"column":37}},"1":{"start":{"line":13,"column":18},"end":{"line":13,"column":61}},"2":{"start":{"line":14,"column":4},"end":{"line":14,"column":46}},"3":{"start":{"line":23,"column":18},"end":{"line":23,"column":55}},"4":{"start":{"line":24,"column":4},"end":{"line":24,"column":46}},"5":{"start":{"line":33,"column":18},"end":{"line":33,"column":58}},"6":{"start":{"line":34,"column":4},"end":{"line":34,"column":46}},"7":{"start":{"line":43,"column":4},"end":{"line":43,"column":39}},"8":{"start":{"line":53,"column":17},"end":{"line":53,"column":40}},"9":{"start":{"line":54,"column":4},"end":{"line":56,"column":5}},"10":{"start":{"line":55,"column":6},"end":{"line":55,"column":40}},"11":{"start":{"line":57,"column":4},"end":{"line":57,"column":43}},"12":{"start":{"line":65,"column":4},"end":{"line":65,"column":32}},"13":{"start":{"line":69,"column":0},"end":{"line":69,"column":38}}},"fnMap":{"0":{"name":"(anonymous_0)","decl":{"start":{"line":12,"column":2},"end":{"line":12,"column":3}},"loc":{"start":{"line":12,"column":33},"end":{"line":15,"column":3}},"line":12},"1":{"name":"(anonymous_1)","decl":{"start":{"line":22,"column":2},"end":{"line":22,"column":3}},"loc":{"start":{"line":22,"column":21},"end":{"line":25,"column":3}},"line":22},"2":{"name":"(anonymous_2)","decl":{"start":{"line":32,"column":2},"end":{"line":32,"column":3}},"loc":{"start":{"line":32,"column":27},"end":{"line":35,"column":3}},"line":32},"3":{"name":"(anonymous_3)","decl":{"start":{"line":42,"column":2},"end":{"line":42,"column":3}},"loc":{"start":{"line":42,"column":25},"end":{"line":44,"column":3}},"line":42},"4":{"name":"(anonymous_4)","decl":{"start":{"line":52,"column":2},"end":{"line":52,"column":3}},"loc":{"start":{"line":52,"column":29},"end":{"line":58,"column":3}},"line":52},"5":{"name":"(anonymous_5)","decl":{"start":{"line":64,"column":2},"end":{"line":64,"column":3}},"loc":{"start":{"line":64,"column":18},"end":{"line":66,"column":3}},"line":64}},"branchMap":{"0":{"loc":{"start":{"line":14,"column":11},"end":{"line":14,"column":45}},"type":"cond-expr","locations":[{"start":{"line":14,"column":30},"end":{"line":14,"column":38}},{"start":{"line":14,"column":41},"end":{"line":14,"column":45}}],"line":14},"1":{"loc":{"start":{"line":24,"column":11},"end":{"line":24,"column":45}},"type":"cond-expr","locations":[{"start":{"line":24,"column":30},"end":{"line":24,"column":38}},{"start":{"line":24,"column":41},"end":{"line":24,"column":45}}],"line":24},"2":{"loc":{"start":{"line":34,"column":11},"end":{"line":34,"column":45}},"type":"cond-expr","locations":[{"start":{"line":34,"column":30},"end":{"line":34,"column":38}},{"start":{"line":34,"column":41},"end":{"line":34,"column":45}}],"line":34},"3":{"loc":{"start":{"line":54,"column":4},"end":{"line":56,"column":5}},"type":"if","locations":[{"start":{"line":54,"column":4},"end":{"line":56,"column":5}},{"start":{},"end":{}}],"line":54}},"s":{"0":2,"1":23,"2":23,"3":39,"4":39,"5":6,"6":6,"7":0,"8":7,"9":7,"10":0,"11":7,"12":0,"13":2},"f":{"0":23,"1":39,"2":6,"3":0,"4":7,"5":0},"b":{"0":[19,4],"1":[36,3],"2":[2,4],"3":[0,7]},"_coverageSchema":"1a1c01bbd47fc00a2c39e90264f33305004495a9","hash":"ebd239c5d48bda39dabeff2b8dce99fc02f464cd"}
,"/Users/dallaslones/work/aerekos-cloud/conductor/api/repos/WorkerRepository.js": {"path":"/Users/dallaslones/work/aerekos-cloud/conductor/api/repos/WorkerRepository.js","statementMap":{"0":{"start":{"line":1,"column":29},"end":{"line":1,"column":49}},"1":{"start":{"line":13,"column":20},"end":{"line":13,"column":59}},"2":{"start":{"line":14,"column":4},"end":{"line":14,"column":50}},"3":{"start":{"line":23,"column":20},"end":{"line":23,"column":65}},"4":{"start":{"line":24,"column":4},"end":{"line":24,"column":50}},"5":{"start":{"line":33,"column":20},"end":{"line":33,"column":78}},"6":{"start":{"line":34,"column":4},"end":{"line":34,"column":50}},"7":{"start":{"line":43,"column":4},"end":{"line":43,"column":43}},"8":{"start":{"line":53,"column":19},"end":{"line":53,"column":42}},"9":{"start":{"line":54,"column":4},"end":{"line":56,"column":5}},"10":{"start":{"line":55,"column":6},"end":{"line":55,"column":42}},"11":{"start":{"line":57,"column":4},"end":{"line":57,"column":47}},"12":{"start":{"line":65,"column":4},"end":{"line":65,"column":34}},"13":{"start":{"line":74,"column":4},"end":{"line":74,"column":55}},"14":{"start":{"line":83,"column":4},"end":{"line":85,"column":7}},"15":{"start":{"line":95,"column":4},"end":{"line":95,"column":45}},"16":{"start":{"line":105,"column":26},"end":{"line":105,"column":95}},"17":{"start":{"line":106,"column":4},"end":{"line":106,"column":63}},"18":{"start":{"line":117,"column":30},"end":{"line":117,"column":88}},"19":{"start":{"line":119,"column":4},"end":{"line":129,"column":5}},"20":{"start":{"line":121,"column":23},"end":{"line":121,"column":43}},"21":{"start":{"line":122,"column":6},"end":{"line":122,"column":62}},"22":{"start":{"line":125,"column":6},"end":{"line":128,"column":9}},"23":{"start":{"line":138,"column":19},"end":{"line":138,"column":42}},"24":{"start":{"line":139,"column":4},"end":{"line":141,"column":5}},"25":{"start":{"line":140,"column":6},"end":{"line":140,"column":18}},"26":{"start":{"line":144,"column":22},"end":{"line":144,"column":74}},"27":{"start":{"line":147,"column":26},"end":{"line":147,"column":30}},"28":{"start":{"line":148,"column":4},"end":{"line":155,"column":5}},"29":{"start":{"line":149,"column":6},"end":{"line":154,"column":7}},"30":{"start":{"line":150,"column":8},"end":{"line":150,"column":55}},"31":{"start":{"line":153,"column":8},"end":{"line":153,"column":43}},"32":{"start":{"line":157,"column":4},"end":{"line":161,"column":6}},"33":{"start":{"line":165,"column":0},"end":{"line":165,"column":40}}},"fnMap":{"0":{"name":"(anonymous_0)","decl":{"start":{"line":12,"column":2},"end":{"line":12,"column":3}},"loc":{"start":{"line":12,"column":21},"end":{"line":15,"column":3}},"line":12},"1":{"name":"(anonymous_1)","decl":{"start":{"line":22,"column":2},"end":{"line":22,"column":3}},"loc":{"start":{"line":22,"column":33},"end":{"line":25,"column":3}},"line":22},"2":{"name":"(anonymous_2)","decl":{"start":{"line":32,"column":2},"end":{"line":32,"column":3}},"loc":{"start":{"line":32,"column":35},"end":{"line":35,"column":3}},"line":32},"3":{"name":"(anonymous_3)","decl":{"start":{"line":42,"column":2},"end":{"line":42,"column":3}},"loc":{"start":{"line":42,"column":27},"end":{"line":44,"column":3}},"line":42},"4":{"name":"(anonymous_4)","decl":{"start":{"line":52,"column":2},"end":{"line":52,"column":3}},"loc":{"start":{"line":52,"column":31},"end":{"line":58,"column":3}},"line":52},"5":{"name":"(anonymous_5)","decl":{"start":{"line":64,"column":2},"end":{"line":64,"column":3}},"loc":{"start":{"line":64,"column":18},"end":{"line":66,"column":3}},"line":64},"6":{"name":"(anonymous_6)","decl":{"start":{"line":73,"column":2},"end":{"line":73,"column":3}},"loc":{"start":{"line":73,"column":29},"end":{"line":75,"column":3}},"line":73},"7":{"name":"(anonymous_7)","decl":{"start":{"line":82,"column":2},"end":{"line":82,"column":3}},"loc":{"start":{"line":82,"column":27},"end":{"line":86,"column":3}},"line":82},"8":{"name":"(anonymous_8)","decl":{"start":{"line":94,"column":2},"end":{"line":94,"column":3}},"loc":{"start":{"line":94,"column":33},"end":{"line":96,"column":3}},"line":94},"9":{"name":"(anonymous_9)","decl":{"start":{"line":104,"column":2},"end":{"line":104,"column":3}},"loc":{"start":{"line":104,"column":39},"end":{"line":107,"column":3}},"line":104},"10":{"name":"(anonymous_10)","decl":{"start":{"line":115,"column":2},"end":{"line":115,"column":3}},"loc":{"start":{"line":115,"column":47},"end":{"line":130,"column":3}},"line":115},"11":{"name":"(anonymous_11)","decl":{"start":{"line":137,"column":2},"end":{"line":137,"column":3}},"loc":{"start":{"line":137,"column":34},"end":{"line":162,"column":3}},"line":137}},"branchMap":{"0":{"loc":{"start":{"line":14,"column":11},"end":{"line":14,"column":49}},"type":"cond-expr","locations":[{"start":{"line":14,"column":32},"end":{"line":14,"column":42}},{"start":{"line":14,"column":45},"end":{"line":14,"column":49}}],"line":14},"1":{"loc":{"start":{"line":24,"column":11},"end":{"line":24,"column":49}},"type":"cond-expr","locations":[{"start":{"line":24,"column":32},"end":{"line":24,"column":42}},{"start":{"line":24,"column":45},"end":{"line":24,"column":49}}],"line":24},"2":{"loc":{"start":{"line":34,"column":11},"end":{"line":34,"column":49}},"type":"cond-expr","locations":[{"start":{"line":34,"column":32},"end":{"line":34,"column":42}},{"start":{"line":34,"column":45},"end":{"line":34,"column":49}}],"line":34},"3":{"loc":{"start":{"line":54,"column":4},"end":{"line":56,"column":5}},"type":"if","locations":[{"start":{"line":54,"column":4},"end":{"line":56,"column":5}},{"start":{},"end":{}}],"line":54},"4":{"loc":{"start":{"line":105,"column":26},"end":{"line":105,"column":95}},"type":"cond-expr","locations":[{"start":{"line":105,"column":58},"end":{"line":105,"column":67}},{"start":{"line":105,"column":70},"end":{"line":105,"column":95}}],"line":105},"5":{"loc":{"start":{"line":119,"column":4},"end":{"line":129,"column":5}},"type":"if","locations":[{"start":{"line":119,"column":4},"end":{"line":129,"column":5}},{"start":{"line":123,"column":11},"end":{"line":129,"column":5}}],"line":119},"6":{"loc":{"start":{"line":139,"column":4},"end":{"line":141,"column":5}},"type":"if","locations":[{"start":{"line":139,"column":4},"end":{"line":141,"column":5}},{"start":{},"end":{}}],"line":139},"7":{"loc":{"start":{"line":148,"column":4},"end":{"line":155,"column":5}},"type":"if","locations":[{"start":{"line":148,"column":4},"end":{"line":155,"column":5}},{"start":{},"end":{}}],"line":148}},"s":{"0":3,"1":77,"2":77,"3":5,"4":5,"5":5,"6":5,"7":2,"8":18,"9":18,"10":0,"11":18,"12":2,"13":0,"14":3,"15":7,"16":3,"17":3,"18":10,"19":10,"20":4,"21":4,"22":6,"23":45,"24":45,"25":1,"26":44,"27":44,"28":44,"29":44,"30":44,"31":0,"32":44,"33":3},"f":{"0":77,"1":5,"2":5,"3":2,"4":18,"5":2,"6":0,"7":3,"8":7,"9":3,"10":10,"11":45},"b":{"0":[74,3],"1":[0,5],"2":[3,2],"3":[0,18],"4":[0,3],"5":[4,6],"6":[1,44],"7":[44,0]},"_coverageSchema":"1a1c01bbd47fc00a2c39e90264f33305004495a9","hash":"beeb88b5d610863584a1c86cec65ca8f9da66901"}
,"/Users/dallaslones/work/aerekos-cloud/conductor/api/routes/auth.js": {"path":"/Users/dallaslones/work/aerekos-cloud/conductor/api/routes/auth.js","statementMap":{"0":{"start":{"line":1,"column":16},"end":{"line":1,"column":34}},"1":{"start":{"line":2,"column":15},"end":{"line":2,"column":31}},"2":{"start":{"line":3,"column":20},"end":{"line":3,"column":54}},"3":{"start":{"line":4,"column":21},"end":{"line":4,"column":50}},"4":{"start":{"line":10,"column":0},"end":{"line":40,"column":3}},"5":{"start":{"line":11,"column":2},"end":{"line":39,"column":3}},"6":{"start":{"line":12,"column":35},"end":{"line":12,"column":43}},"7":{"start":{"line":14,"column":4},"end":{"line":21,"column":5}},"8":{"start":{"line":15,"column":6},"end":{"line":20,"column":9}},"9":{"start":{"line":23,"column":19},"end":{"line":23,"column":69}},"10":{"start":{"line":25,"column":4},"end":{"line":28,"column":7}},"11":{"start":{"line":30,"column":4},"end":{"line":37,"column":5}},"12":{"start":{"line":31,"column":6},"end":{"line":36,"column":9}},"13":{"start":{"line":38,"column":4},"end":{"line":38,"column":16}},"14":{"start":{"line":47,"column":0},"end":{"line":62,"column":3}},"15":{"start":{"line":48,"column":2},"end":{"line":61,"column":3}},"16":{"start":{"line":49,"column":17},"end":{"line":49,"column":61}},"17":{"start":{"line":50,"column":4},"end":{"line":50,"column":23}},"18":{"start":{"line":52,"column":4},"end":{"line":59,"column":5}},"19":{"start":{"line":53,"column":6},"end":{"line":58,"column":9}},"20":{"start":{"line":60,"column":4},"end":{"line":60,"column":16}},"21":{"start":{"line":69,"column":0},"end":{"line":73,"column":3}},"22":{"start":{"line":70,"column":2},"end":{"line":72,"column":5}},"23":{"start":{"line":80,"column":0},"end":{"line":130,"column":3}},"24":{"start":{"line":81,"column":2},"end":{"line":129,"column":3}},"25":{"start":{"line":82,"column":45},"end":{"line":82,"column":53}},"26":{"start":{"line":84,"column":4},"end":{"line":91,"column":5}},"27":{"start":{"line":85,"column":6},"end":{"line":90,"column":9}},"28":{"start":{"line":93,"column":19},"end":{"line":97,"column":5}},"29":{"start":{"line":99,"column":4},"end":{"line":102,"column":7}},"30":{"start":{"line":104,"column":4},"end":{"line":111,"column":5}},"31":{"start":{"line":105,"column":6},"end":{"line":110,"column":9}},"32":{"start":{"line":112,"column":4},"end":{"line":119,"column":5}},"33":{"start":{"line":113,"column":6},"end":{"line":118,"column":9}},"34":{"start":{"line":120,"column":4},"end":{"line":127,"column":5}},"35":{"start":{"line":121,"column":6},"end":{"line":126,"column":9}},"36":{"start":{"line":128,"column":4},"end":{"line":128,"column":16}},"37":{"start":{"line":137,"column":0},"end":{"line":181,"column":3}},"38":{"start":{"line":138,"column":2},"end":{"line":180,"column":3}},"39":{"start":{"line":139,"column":32},"end":{"line":139,"column":40}},"40":{"start":{"line":141,"column":4},"end":{"line":148,"column":5}},"41":{"start":{"line":142,"column":6},"end":{"line":147,"column":9}},"42":{"start":{"line":150,"column":19},"end":{"line":153,"column":6}},"43":{"start":{"line":155,"column":4},"end":{"line":158,"column":7}},"44":{"start":{"line":160,"column":4},"end":{"line":167,"column":5}},"45":{"start":{"line":161,"column":6},"end":{"line":166,"column":9}},"46":{"start":{"line":168,"column":4},"end":{"line":178,"column":5}},"47":{"start":{"line":172,"column":6},"end":{"line":177,"column":9}},"48":{"start":{"line":179,"column":4},"end":{"line":179,"column":16}},"49":{"start":{"line":183,"column":0},"end":{"line":183,"column":24}}},"fnMap":{"0":{"name":"(anonymous_0)","decl":{"start":{"line":10,"column":22},"end":{"line":10,"column":23}},"loc":{"start":{"line":10,"column":48},"end":{"line":40,"column":1}},"line":10},"1":{"name":"(anonymous_1)","decl":{"start":{"line":47,"column":32},"end":{"line":47,"column":33}},"loc":{"start":{"line":47,"column":58},"end":{"line":62,"column":1}},"line":47},"2":{"name":"(anonymous_2)","decl":{"start":{"line":69,"column":37},"end":{"line":69,"column":38}},"loc":{"start":{"line":69,"column":51},"end":{"line":73,"column":1}},"line":69},"3":{"name":"(anonymous_3)","decl":{"start":{"line":80,"column":45},"end":{"line":80,"column":46}},"loc":{"start":{"line":80,"column":71},"end":{"line":130,"column":1}},"line":80},"4":{"name":"(anonymous_4)","decl":{"start":{"line":137,"column":37},"end":{"line":137,"column":38}},"loc":{"start":{"line":137,"column":63},"end":{"line":181,"column":1}},"line":137}},"branchMap":{"0":{"loc":{"start":{"line":14,"column":4},"end":{"line":21,"column":5}},"type":"if","locations":[{"start":{"line":14,"column":4},"end":{"line":21,"column":5}},{"start":{},"end":{}}],"line":14},"1":{"loc":{"start":{"line":14,"column":8},"end":{"line":14,"column":30}},"type":"binary-expr","locations":[{"start":{"line":14,"column":8},"end":{"line":14,"column":17}},{"start":{"line":14,"column":21},"end":{"line":14,"column":30}}],"line":14},"2":{"loc":{"start":{"line":30,"column":4},"end":{"line":37,"column":5}},"type":"if","locations":[{"start":{"line":30,"column":4},"end":{"line":37,"column":5}},{"start":{},"end":{}}],"line":30},"3":{"loc":{"start":{"line":52,"column":4},"end":{"line":59,"column":5}},"type":"if","locations":[{"start":{"line":52,"column":4},"end":{"line":59,"column":5}},{"start":{},"end":{}}],"line":52},"4":{"loc":{"start":{"line":84,"column":4},"end":{"line":91,"column":5}},"type":"if","locations":[{"start":{"line":84,"column":4},"end":{"line":91,"column":5}},{"start":{},"end":{}}],"line":84},"5":{"loc":{"start":{"line":84,"column":8},"end":{"line":84,"column":40}},"type":"binary-expr","locations":[{"start":{"line":84,"column":8},"end":{"line":84,"column":24}},{"start":{"line":84,"column":28},"end":{"line":84,"column":40}}],"line":84},"6":{"loc":{"start":{"line":104,"column":4},"end":{"line":111,"column":5}},"type":"if","locations":[{"start":{"line":104,"column":4},"end":{"line":111,"column":5}},{"start":{},"end":{}}],"line":104},"7":{"loc":{"start":{"line":112,"column":4},"end":{"line":119,"column":5}},"type":"if","locations":[{"start":{"line":112,"column":4},"end":{"line":119,"column":5}},{"start":{},"end":{}}],"line":112},"8":{"loc":{"start":{"line":120,"column":4},"end":{"line":127,"column":5}},"type":"if","locations":[{"start":{"line":120,"column":4},"end":{"line":127,"column":5}},{"start":{},"end":{}}],"line":120},"9":{"loc":{"start":{"line":141,"column":4},"end":{"line":148,"column":5}},"type":"if","locations":[{"start":{"line":141,"column":4},"end":{"line":148,"column":5}},{"start":{},"end":{}}],"line":141},"10":{"loc":{"start":{"line":141,"column":8},"end":{"line":141,"column":27}},"type":"binary-expr","locations":[{"start":{"line":141,"column":8},"end":{"line":141,"column":17}},{"start":{"line":141,"column":21},"end":{"line":141,"column":27}}],"line":141},"11":{"loc":{"start":{"line":160,"column":4},"end":{"line":167,"column":5}},"type":"if","locations":[{"start":{"line":160,"column":4},"end":{"line":167,"column":5}},{"start":{},"end":{}}],"line":160},"12":{"loc":{"start":{"line":168,"column":4},"end":{"line":178,"column":5}},"type":"if","locations":[{"start":{"line":168,"column":4},"end":{"line":178,"column":5}},{"start":{},"end":{}}],"line":168},"13":{"loc":{"start":{"line":168,"column":8},"end":{"line":171,"column":47}},"type":"binary-expr","locations":[{"start":{"line":168,"column":8},"end":{"line":168,"column":48}},{"start":{"line":169,"column":8},"end":{"line":169,"column":49}},{"start":{"line":170,"column":8},"end":{"line":170,"column":50}},{"start":{"line":171,"column":8},"end":{"line":171,"column":47}}],"line":168}},"s":{"0":2,"1":2,"2":2,"3":2,"4":2,"5":16,"6":16,"7":16,"8":1,"9":15,"10":14,"11":1,"12":1,"13":0,"14":2,"15":1,"16":1,"17":1,"18":0,"19":0,"20":0,"21":2,"22":1,"23":2,"24":4,"25":4,"26":4,"27":1,"28":3,"29":1,"30":2,"31":1,"32":1,"33":0,"34":1,"35":1,"36":0,"37":2,"38":7,"39":7,"40":7,"41":1,"42":6,"43":2,"44":4,"45":0,"46":4,"47":4,"48":0,"49":2},"f":{"0":16,"1":1,"2":1,"3":4,"4":7},"b":{"0":[1,15],"1":[16,16],"2":[1,0],"3":[0,0],"4":[1,3],"5":[4,4],"6":[1,1],"7":[0,1],"8":[1,0],"9":[1,6],"10":[7,1],"11":[0,4],"12":[4,0],"13":[4,2,2,1]},"_coverageSchema":"1a1c01bbd47fc00a2c39e90264f33305004495a9","hash":"9aefef96b3acb834fa56c2c5cc54609b524c85bb"}
,"/Users/dallaslones/work/aerekos-cloud/conductor/api/routes/token.js": {"path":"/Users/dallaslones/work/aerekos-cloud/conductor/api/routes/token.js","statementMap":{"0":{"start":{"line":1,"column":16},"end":{"line":1,"column":34}},"1":{"start":{"line":2,"column":15},"end":{"line":2,"column":31}},"2":{"start":{"line":3,"column":21},"end":{"line":3,"column":56}},"3":{"start":{"line":4,"column":21},"end":{"line":4,"column":50}},"4":{"start":{"line":11,"column":0},"end":{"line":28,"column":3}},"5":{"start":{"line":12,"column":2},"end":{"line":27,"column":3}},"6":{"start":{"line":13,"column":18},"end":{"line":13,"column":54}},"7":{"start":{"line":15,"column":4},"end":{"line":22,"column":5}},"8":{"start":{"line":16,"column":6},"end":{"line":21,"column":9}},"9":{"start":{"line":24,"column":4},"end":{"line":24,"column":24}},"10":{"start":{"line":26,"column":4},"end":{"line":26,"column":16}},"11":{"start":{"line":35,"column":0},"end":{"line":45,"column":3}},"12":{"start":{"line":36,"column":2},"end":{"line":44,"column":3}},"13":{"start":{"line":37,"column":21},"end":{"line":37,"column":57}},"14":{"start":{"line":38,"column":4},"end":{"line":41,"column":7}},"15":{"start":{"line":43,"column":4},"end":{"line":43,"column":16}},"16":{"start":{"line":47,"column":0},"end":{"line":47,"column":24}}},"fnMap":{"0":{"name":"(anonymous_0)","decl":{"start":{"line":11,"column":30},"end":{"line":11,"column":31}},"loc":{"start":{"line":11,"column":56},"end":{"line":28,"column":1}},"line":11},"1":{"name":"(anonymous_1)","decl":{"start":{"line":35,"column":41},"end":{"line":35,"column":42}},"loc":{"start":{"line":35,"column":67},"end":{"line":45,"column":1}},"line":35}},"branchMap":{"0":{"loc":{"start":{"line":15,"column":4},"end":{"line":22,"column":5}},"type":"if","locations":[{"start":{"line":15,"column":4},"end":{"line":22,"column":5}},{"start":{},"end":{}}],"line":15}},"s":{"0":2,"1":2,"2":2,"3":2,"4":2,"5":18,"6":18,"7":18,"8":0,"9":18,"10":0,"11":2,"12":1,"13":1,"14":1,"15":0,"16":2},"f":{"0":18,"1":1},"b":{"0":[0,18]},"_coverageSchema":"1a1c01bbd47fc00a2c39e90264f33305004495a9","hash":"3586ebd7565b719b99b6fc06fd1aa26e4558b04d"}
,"/Users/dallaslones/work/aerekos-cloud/conductor/api/routes/worker.js": {"path":"/Users/dallaslones/work/aerekos-cloud/conductor/api/routes/worker.js","statementMap":{"0":{"start":{"line":1,"column":16},"end":{"line":1,"column":34}},"1":{"start":{"line":2,"column":15},"end":{"line":2,"column":31}},"2":{"start":{"line":3,"column":22},"end":{"line":3,"column":58}},"3":{"start":{"line":10,"column":0},"end":{"line":74,"column":3}},"4":{"start":{"line":11,"column":2},"end":{"line":73,"column":3}},"5":{"start":{"line":12,"column":66},"end":{"line":12,"column":74}},"6":{"start":{"line":14,"column":4},"end":{"line":21,"column":5}},"7":{"start":{"line":15,"column":6},"end":{"line":20,"column":9}},"8":{"start":{"line":26,"column":25},"end":{"line":26,"column":33}},"9":{"start":{"line":27,"column":19},"end":{"line":27,"column":29}},"10":{"start":{"line":30,"column":4},"end":{"line":47,"column":5}},"11":{"start":{"line":33,"column":25},"end":{"line":37,"column":32}},"12":{"start":{"line":40,"column":31},"end":{"line":43,"column":41}},"13":{"start":{"line":45,"column":6},"end":{"line":45,"column":58}},"14":{"start":{"line":46,"column":6},"end":{"line":46,"column":40}},"15":{"start":{"line":49,"column":19},"end":{"line":49,"column":114}},"16":{"start":{"line":51,"column":4},"end":{"line":62,"column":7}},"17":{"start":{"line":64,"column":4},"end":{"line":71,"column":5}},"18":{"start":{"line":65,"column":6},"end":{"line":70,"column":9}},"19":{"start":{"line":72,"column":4},"end":{"line":72,"column":16}},"20":{"start":{"line":80,"column":0},"end":{"line":107,"column":3}},"21":{"start":{"line":81,"column":2},"end":{"line":106,"column":3}},"22":{"start":{"line":82,"column":19},"end":{"line":82,"column":29}},"23":{"start":{"line":84,"column":19},"end":{"line":84,"column":56}},"24":{"start":{"line":86,"column":4},"end":{"line":95,"column":7}},"25":{"start":{"line":97,"column":4},"end":{"line":104,"column":5}},"26":{"start":{"line":98,"column":6},"end":{"line":103,"column":9}},"27":{"start":{"line":105,"column":4},"end":{"line":105,"column":16}},"28":{"start":{"line":113,"column":0},"end":{"line":150,"column":3}},"29":{"start":{"line":114,"column":2},"end":{"line":149,"column":3}},"30":{"start":{"line":115,"column":19},"end":{"line":115,"column":29}},"31":{"start":{"line":116,"column":26},"end":{"line":116,"column":34}},"32":{"start":{"line":118,"column":4},"end":{"line":125,"column":5}},"33":{"start":{"line":119,"column":6},"end":{"line":124,"column":9}},"34":{"start":{"line":127,"column":19},"end":{"line":127,"column":69}},"35":{"start":{"line":129,"column":4},"end":{"line":138,"column":7}},"36":{"start":{"line":140,"column":4},"end":{"line":147,"column":5}},"37":{"start":{"line":141,"column":6},"end":{"line":146,"column":9}},"38":{"start":{"line":148,"column":4},"end":{"line":148,"column":16}},"39":{"start":{"line":157,"column":0},"end":{"line":176,"column":3}},"40":{"start":{"line":158,"column":2},"end":{"line":175,"column":3}},"41":{"start":{"line":159,"column":20},"end":{"line":159,"column":55}},"42":{"start":{"line":161,"column":4},"end":{"line":172,"column":7}},"43":{"start":{"line":162,"column":38},"end":{"line":171,"column":7}},"44":{"start":{"line":174,"column":4},"end":{"line":174,"column":16}},"45":{"start":{"line":183,"column":0},"end":{"line":213,"column":3}},"46":{"start":{"line":184,"column":2},"end":{"line":212,"column":3}},"47":{"start":{"line":185,"column":19},"end":{"line":185,"column":29}},"48":{"start":{"line":187,"column":19},"end":{"line":187,"column":52}},"49":{"start":{"line":189,"column":4},"end":{"line":201,"column":7}},"50":{"start":{"line":203,"column":4},"end":{"line":210,"column":5}},"51":{"start":{"line":204,"column":6},"end":{"line":209,"column":9}},"52":{"start":{"line":211,"column":4},"end":{"line":211,"column":16}},"53":{"start":{"line":215,"column":0},"end":{"line":215,"column":24}}},"fnMap":{"0":{"name":"(anonymous_0)","decl":{"start":{"line":10,"column":25},"end":{"line":10,"column":26}},"loc":{"start":{"line":10,"column":51},"end":{"line":74,"column":1}},"line":10},"1":{"name":"(anonymous_1)","decl":{"start":{"line":80,"column":30},"end":{"line":80,"column":31}},"loc":{"start":{"line":80,"column":56},"end":{"line":107,"column":1}},"line":80},"2":{"name":"(anonymous_2)","decl":{"start":{"line":113,"column":29},"end":{"line":113,"column":30}},"loc":{"start":{"line":113,"column":55},"end":{"line":150,"column":1}},"line":113},"3":{"name":"(anonymous_3)","decl":{"start":{"line":157,"column":16},"end":{"line":157,"column":17}},"loc":{"start":{"line":157,"column":42},"end":{"line":176,"column":1}},"line":157},"4":{"name":"(anonymous_4)","decl":{"start":{"line":162,"column":27},"end":{"line":162,"column":28}},"loc":{"start":{"line":162,"column":38},"end":{"line":171,"column":7}},"line":162},"5":{"name":"(anonymous_5)","decl":{"start":{"line":183,"column":19},"end":{"line":183,"column":20}},"loc":{"start":{"line":183,"column":45},"end":{"line":213,"column":1}},"line":183}},"branchMap":{"0":{"loc":{"start":{"line":14,"column":4},"end":{"line":21,"column":5}},"type":"if","locations":[{"start":{"line":14,"column":4},"end":{"line":21,"column":5}},{"start":{},"end":{}}],"line":14},"1":{"loc":{"start":{"line":30,"column":4},"end":{"line":47,"column":5}},"type":"if","locations":[{"start":{"line":30,"column":4},"end":{"line":47,"column":5}},{"start":{},"end":{}}],"line":30},"2":{"loc":{"start":{"line":30,"column":8},"end":{"line":30,"column":36}},"type":"binary-expr","locations":[{"start":{"line":30,"column":8},"end":{"line":30,"column":23}},{"start":{"line":30,"column":27},"end":{"line":30,"column":36}}],"line":30},"3":{"loc":{"start":{"line":33,"column":25},"end":{"line":37,"column":32}},"type":"binary-expr","locations":[{"start":{"line":33,"column":25},"end":{"line":33,"column":77}},{"start":{"line":34,"column":23},"end":{"line":34,"column":29}},{"start":{"line":35,"column":23},"end":{"line":35,"column":52}},{"start":{"line":36,"column":23},"end":{"line":36,"column":48}},{"start":{"line":37,"column":23},"end":{"line":37,"column":32}}],"line":33},"4":{"loc":{"start":{"line":40,"column":31},"end":{"line":43,"column":41}},"type":"binary-expr","locations":[{"start":{"line":40,"column":31},"end":{"line":40,"column":62}},{"start":{"line":41,"column":31},"end":{"line":41,"column":65}},{"start":{"line":42,"column":31},"end":{"line":42,"column":43}},{"start":{"line":43,"column":31},"end":{"line":43,"column":41}}],"line":40},"5":{"loc":{"start":{"line":45,"column":23},"end":{"line":45,"column":57}},"type":"binary-expr","locations":[{"start":{"line":45,"column":23},"end":{"line":45,"column":37}},{"start":{"line":45,"column":41},"end":{"line":45,"column":57}}],"line":45},"6":{"loc":{"start":{"line":46,"column":17},"end":{"line":46,"column":39}},"type":"binary-expr","locations":[{"start":{"line":46,"column":17},"end":{"line":46,"column":25}},{"start":{"line":46,"column":29},"end":{"line":46,"column":39}}],"line":46},"7":{"loc":{"start":{"line":49,"column":87},"end":{"line":49,"column":102}},"type":"binary-expr","locations":[{"start":{"line":49,"column":87},"end":{"line":49,"column":96}},{"start":{"line":49,"column":100},"end":{"line":49,"column":102}}],"line":49},"8":{"loc":{"start":{"line":64,"column":4},"end":{"line":71,"column":5}},"type":"if","locations":[{"start":{"line":64,"column":4},"end":{"line":71,"column":5}},{"start":{},"end":{}}],"line":64},"9":{"loc":{"start":{"line":97,"column":4},"end":{"line":104,"column":5}},"type":"if","locations":[{"start":{"line":97,"column":4},"end":{"line":104,"column":5}},{"start":{},"end":{}}],"line":97},"10":{"loc":{"start":{"line":118,"column":4},"end":{"line":125,"column":5}},"type":"if","locations":[{"start":{"line":118,"column":4},"end":{"line":125,"column":5}},{"start":{},"end":{}}],"line":118},"11":{"loc":{"start":{"line":140,"column":4},"end":{"line":147,"column":5}},"type":"if","locations":[{"start":{"line":140,"column":4},"end":{"line":147,"column":5}},{"start":{},"end":{}}],"line":140},"12":{"loc":{"start":{"line":203,"column":4},"end":{"line":210,"column":5}},"type":"if","locations":[{"start":{"line":203,"column":4},"end":{"line":210,"column":5}},{"start":{},"end":{}}],"line":203}},"s":{"0":2,"1":2,"2":2,"3":2,"4":5,"5":5,"6":5,"7":1,"8":4,"9":4,"10":4,"11":1,"12":1,"13":1,"14":1,"15":4,"16":3,"17":1,"18":1,"19":0,"20":2,"21":2,"22":2,"23":2,"24":1,"25":1,"26":1,"27":0,"28":2,"29":3,"30":3,"31":3,"32":3,"33":1,"34":2,"35":1,"36":1,"37":1,"38":0,"39":2,"40":2,"41":2,"42":2,"43":25,"44":0,"45":2,"46":3,"47":3,"48":3,"49":2,"50":1,"51":1,"52":0,"53":2},"f":{"0":5,"1":2,"2":3,"3":2,"4":25,"5":3},"b":{"0":[1,4],"1":[1,3],"2":[4,3],"3":[1,0,0,0,0],"4":[1,1,0,0],"5":[1,1],"6":[1,1],"7":[4,0],"8":[1,0],"9":[1,0],"10":[1,2],"11":[1,0],"12":[1,0]},"_coverageSchema":"1a1c01bbd47fc00a2c39e90264f33305004495a9","hash":"921e8110261a56d31b87f34397eac016dfa38cf4"}
,"/Users/dallaslones/work/aerekos-cloud/conductor/api/services/JWTService.js": {"path":"/Users/dallaslones/work/aerekos-cloud/conductor/api/services/JWTService.js","statementMap":{"0":{"start":{"line":1,"column":12},"end":{"line":1,"column":35}},"1":{"start":{"line":3,"column":19},"end":{"line":3,"column":79}},"2":{"start":{"line":4,"column":23},"end":{"line":4,"column":58}},"3":{"start":{"line":16,"column":20},"end":{"line":21,"column":5}},"4":{"start":{"line":23,"column":4},"end":{"line":25,"column":7}},"5":{"start":{"line":35,"column":4},"end":{"line":44,"column":5}},"6":{"start":{"line":36,"column":6},"end":{"line":36,"column":43}},"7":{"start":{"line":38,"column":6},"end":{"line":42,"column":7}},"8":{"start":{"line":39,"column":8},"end":{"line":39,"column":45}},"9":{"start":{"line":40,"column":13},"end":{"line":42,"column":7}},"10":{"start":{"line":41,"column":8},"end":{"line":41,"column":41}},"11":{"start":{"line":43,"column":6},"end":{"line":43,"column":18}},"12":{"start":{"line":53,"column":4},"end":{"line":53,"column":29}},"13":{"start":{"line":57,"column":0},"end":{"line":57,"column":34}}},"fnMap":{"0":{"name":"(anonymous_0)","decl":{"start":{"line":15,"column":2},"end":{"line":15,"column":3}},"loc":{"start":{"line":15,"column":22},"end":{"line":26,"column":3}},"line":15},"1":{"name":"(anonymous_1)","decl":{"start":{"line":34,"column":2},"end":{"line":34,"column":3}},"loc":{"start":{"line":34,"column":21},"end":{"line":45,"column":3}},"line":34},"2":{"name":"(anonymous_2)","decl":{"start":{"line":52,"column":2},"end":{"line":52,"column":3}},"loc":{"start":{"line":52,"column":21},"end":{"line":54,"column":3}},"line":52}},"branchMap":{"0":{"loc":{"start":{"line":3,"column":19},"end":{"line":3,"column":79}},"type":"binary-expr","locations":[{"start":{"line":3,"column":19},"end":{"line":3,"column":41}},{"start":{"line":3,"column":45},"end":{"line":3,"column":79}}],"line":3},"1":{"loc":{"start":{"line":4,"column":23},"end":{"line":4,"column":58}},"type":"binary-expr","locations":[{"start":{"line":4,"column":23},"end":{"line":4,"column":49}},{"start":{"line":4,"column":53},"end":{"line":4,"column":58}}],"line":4},"2":{"loc":{"start":{"line":38,"column":6},"end":{"line":42,"column":7}},"type":"if","locations":[{"start":{"line":38,"column":6},"end":{"line":42,"column":7}},{"start":{"line":40,"column":13},"end":{"line":42,"column":7}}],"line":38},"3":{"loc":{"start":{"line":40,"column":13},"end":{"line":42,"column":7}},"type":"if","locations":[{"start":{"line":40,"column":13},"end":{"line":42,"column":7}},{"start":{},"end":{}}],"line":40}},"s":{"0":2,"1":2,"2":2,"3":18,"4":18,"5":35,"6":35,"7":2,"8":0,"9":2,"10":2,"11":0,"12":1,"13":2},"f":{"0":18,"1":35,"2":1},"b":{"0":[2,0],"1":[2,0],"2":[0,2],"3":[2,0]},"_coverageSchema":"1a1c01bbd47fc00a2c39e90264f33305004495a9","hash":"74c6e905cde749e239a9296f139eabe2f9d9279a"}
,"/Users/dallaslones/work/aerekos-cloud/conductor/api/services/TokenService.js": {"path":"/Users/dallaslones/work/aerekos-cloud/conductor/api/services/TokenService.js","statementMap":{"0":{"start":{"line":1,"column":23},"end":{"line":1,"column":40}},"1":{"start":{"line":2,"column":24},"end":{"line":2,"column":59}},"2":{"start":{"line":3,"column":18},"end":{"line":3,"column":38}},"3":{"start":{"line":10,"column":4},"end":{"line":10,"column":43}},"4":{"start":{"line":18,"column":18},"end":{"line":18,"column":30}},"5":{"start":{"line":21,"column":22},"end":{"line":21,"column":26}},"6":{"start":{"line":23,"column":4},"end":{"line":27,"column":7}},"7":{"start":{"line":29,"column":4},"end":{"line":29,"column":17}},"8":{"start":{"line":38,"column":19},"end":{"line":38,"column":71}},"9":{"start":{"line":40,"column":4},"end":{"line":42,"column":5}},"10":{"start":{"line":41,"column":6},"end":{"line":41,"column":19}},"11":{"start":{"line":44,"column":24},"end":{"line":44,"column":33}},"12":{"start":{"line":47,"column":4},"end":{"line":52,"column":5}},"13":{"start":{"line":48,"column":24},"end":{"line":48,"column":56}},"14":{"start":{"line":49,"column":6},"end":{"line":51,"column":7}},"15":{"start":{"line":50,"column":8},"end":{"line":50,"column":21}},"16":{"start":{"line":54,"column":4},"end":{"line":54,"column":16}},"17":{"start":{"line":62,"column":18},"end":{"line":62,"column":62}},"18":{"start":{"line":63,"column":4},"end":{"line":63,"column":38}},"19":{"start":{"line":73,"column":4},"end":{"line":73,"column":53}},"20":{"start":{"line":76,"column":4},"end":{"line":76,"column":50}},"21":{"start":{"line":80,"column":0},"end":{"line":80,"column":51}}},"fnMap":{"0":{"name":"(anonymous_0)","decl":{"start":{"line":9,"column":2},"end":{"line":9,"column":3}},"loc":{"start":{"line":9,"column":31},"end":{"line":11,"column":3}},"line":9},"1":{"name":"(anonymous_1)","decl":{"start":{"line":17,"column":2},"end":{"line":17,"column":3}},"loc":{"start":{"line":17,"column":36},"end":{"line":30,"column":3}},"line":17},"2":{"name":"(anonymous_2)","decl":{"start":{"line":37,"column":2},"end":{"line":37,"column":3}},"loc":{"start":{"line":37,"column":29},"end":{"line":55,"column":3}},"line":37},"3":{"name":"(anonymous_3)","decl":{"start":{"line":61,"column":2},"end":{"line":61,"column":3}},"loc":{"start":{"line":61,"column":26},"end":{"line":64,"column":3}},"line":61},"4":{"name":"(anonymous_4)","decl":{"start":{"line":71,"column":2},"end":{"line":71,"column":3}},"loc":{"start":{"line":71,"column":26},"end":{"line":77,"column":3}},"line":71}},"branchMap":{"0":{"loc":{"start":{"line":40,"column":4},"end":{"line":42,"column":5}},"type":"if","locations":[{"start":{"line":40,"column":4},"end":{"line":42,"column":5}},{"start":{},"end":{}}],"line":40},"1":{"loc":{"start":{"line":47,"column":4},"end":{"line":52,"column":5}},"type":"if","locations":[{"start":{"line":47,"column":4},"end":{"line":52,"column":5}},{"start":{},"end":{}}],"line":47},"2":{"loc":{"start":{"line":49,"column":6},"end":{"line":51,"column":7}},"type":"if","locations":[{"start":{"line":49,"column":6},"end":{"line":51,"column":7}},{"start":{},"end":{}}],"line":49},"3":{"loc":{"start":{"line":63,"column":11},"end":{"line":63,"column":37}},"type":"cond-expr","locations":[{"start":{"line":63,"column":19},"end":{"line":63,"column":30}},{"start":{"line":63,"column":33},"end":{"line":63,"column":37}}],"line":63}},"s":{"0":4,"1":4,"2":4,"3":4,"4":17,"5":17,"6":17,"7":17,"8":14,"9":14,"10":4,"11":10,"12":10,"13":1,"14":1,"15":1,"16":9,"17":22,"18":22,"19":3,"20":3,"21":4},"f":{"0":4,"1":17,"2":14,"3":22,"4":3},"b":{"0":[4,10],"1":[1,9],"2":[1,0],"3":[20,2]},"_coverageSchema":"1a1c01bbd47fc00a2c39e90264f33305004495a9","hash":"90f17bb527fba93e9283f9d6318c0d08b3a98bd9"}
,"/Users/dallaslones/work/aerekos-cloud/conductor/api/services/UserService.js": {"path":"/Users/dallaslones/work/aerekos-cloud/conductor/api/services/UserService.js","statementMap":{"0":{"start":{"line":1,"column":23},"end":{"line":1,"column":57}},"1":{"start":{"line":2,"column":19},"end":{"line":2,"column":42}},"2":{"start":{"line":3,"column":42},"end":{"line":3,"column":70}},"3":{"start":{"line":10,"column":4},"end":{"line":10,"column":41}},"4":{"start":{"line":11,"column":4},"end":{"line":11,"column":33}},"5":{"start":{"line":22,"column":17},"end":{"line":22,"column":67}},"6":{"start":{"line":24,"column":4},"end":{"line":26,"column":5}},"7":{"start":{"line":25,"column":6},"end":{"line":25,"column":45}},"8":{"start":{"line":28,"column":26},"end":{"line":28,"column":77}},"9":{"start":{"line":30,"column":4},"end":{"line":32,"column":5}},"10":{"start":{"line":31,"column":6},"end":{"line":31,"column":45}},"11":{"start":{"line":34,"column":18},"end":{"line":34,"column":53}},"12":{"start":{"line":36,"column":4},"end":{"line":44,"column":6}},"13":{"start":{"line":54,"column":17},"end":{"line":54,"column":59}},"14":{"start":{"line":56,"column":4},"end":{"line":58,"column":5}},"15":{"start":{"line":57,"column":6},"end":{"line":57,"column":40}},"16":{"start":{"line":60,"column":4},"end":{"line":67,"column":6}},"17":{"start":{"line":77,"column":25},"end":{"line":77,"column":84}},"18":{"start":{"line":78,"column":4},"end":{"line":80,"column":5}},"19":{"start":{"line":79,"column":6},"end":{"line":79,"column":45}},"20":{"start":{"line":82,"column":26},"end":{"line":82,"column":79}},"21":{"start":{"line":83,"column":4},"end":{"line":85,"column":5}},"22":{"start":{"line":84,"column":6},"end":{"line":84,"column":46}},"23":{"start":{"line":87,"column":4},"end":{"line":87,"column":54}},"24":{"start":{"line":100,"column":17},"end":{"line":100,"column":59}},"25":{"start":{"line":102,"column":4},"end":{"line":104,"column":5}},"26":{"start":{"line":103,"column":6},"end":{"line":103,"column":40}},"27":{"start":{"line":107,"column":26},"end":{"line":107,"column":84}},"28":{"start":{"line":109,"column":4},"end":{"line":111,"column":5}},"29":{"start":{"line":110,"column":6},"end":{"line":110,"column":55}},"30":{"start":{"line":114,"column":4},"end":{"line":116,"column":5}},"31":{"start":{"line":115,"column":6},"end":{"line":115,"column":73}},"32":{"start":{"line":119,"column":28},"end":{"line":119,"column":59}},"33":{"start":{"line":122,"column":4},"end":{"line":124,"column":7}},"34":{"start":{"line":127,"column":4},"end":{"line":132,"column":6}},"35":{"start":{"line":144,"column":17},"end":{"line":144,"column":59}},"36":{"start":{"line":146,"column":4},"end":{"line":148,"column":5}},"37":{"start":{"line":147,"column":6},"end":{"line":147,"column":40}},"38":{"start":{"line":150,"column":23},"end":{"line":150,"column":25}},"39":{"start":{"line":153,"column":4},"end":{"line":172,"column":5}},"40":{"start":{"line":154,"column":30},"end":{"line":154,"column":57}},"41":{"start":{"line":156,"column":6},"end":{"line":158,"column":7}},"42":{"start":{"line":157,"column":8},"end":{"line":157,"column":52}},"43":{"start":{"line":160,"column":6},"end":{"line":162,"column":7}},"44":{"start":{"line":161,"column":8},"end":{"line":161,"column":71}},"45":{"start":{"line":165,"column":6},"end":{"line":171,"column":7}},"46":{"start":{"line":166,"column":29},"end":{"line":166,"column":86}},"47":{"start":{"line":167,"column":8},"end":{"line":169,"column":9}},"48":{"start":{"line":168,"column":10},"end":{"line":168,"column":53}},"49":{"start":{"line":170,"column":8},"end":{"line":170,"column":46}},"50":{"start":{"line":175,"column":4},"end":{"line":196,"column":5}},"51":{"start":{"line":176,"column":27},"end":{"line":176,"column":51}},"52":{"start":{"line":178,"column":6},"end":{"line":180,"column":7}},"53":{"start":{"line":179,"column":8},"end":{"line":179,"column":49}},"54":{"start":{"line":183,"column":25},"end":{"line":183,"column":53}},"55":{"start":{"line":184,"column":6},"end":{"line":186,"column":7}},"56":{"start":{"line":185,"column":8},"end":{"line":185,"column":48}},"57":{"start":{"line":189,"column":6},"end":{"line":195,"column":7}},"58":{"start":{"line":190,"column":30},"end":{"line":190,"column":81}},"59":{"start":{"line":191,"column":8},"end":{"line":193,"column":9}},"60":{"start":{"line":192,"column":10},"end":{"line":192,"column":50}},"61":{"start":{"line":194,"column":8},"end":{"line":194,"column":40}},"62":{"start":{"line":199,"column":4},"end":{"line":206,"column":5}},"63":{"start":{"line":200,"column":6},"end":{"line":205,"column":8}},"64":{"start":{"line":209,"column":4},"end":{"line":209,"column":57}},"65":{"start":{"line":212,"column":24},"end":{"line":212,"column":66}},"66":{"start":{"line":215,"column":4},"end":{"line":220,"column":6}},"67":{"start":{"line":224,"column":0},"end":{"line":224,"column":61}}},"fnMap":{"0":{"name":"(anonymous_0)","decl":{"start":{"line":9,"column":2},"end":{"line":9,"column":3}},"loc":{"start":{"line":9,"column":42},"end":{"line":12,"column":3}},"line":9},"1":{"name":"(anonymous_1)","decl":{"start":{"line":21,"column":2},"end":{"line":21,"column":3}},"loc":{"start":{"line":21,"column":41},"end":{"line":45,"column":3}},"line":21},"2":{"name":"(anonymous_2)","decl":{"start":{"line":53,"column":2},"end":{"line":53,"column":3}},"loc":{"start":{"line":53,"column":31},"end":{"line":68,"column":3}},"line":53},"3":{"name":"(anonymous_3)","decl":{"start":{"line":75,"column":2},"end":{"line":75,"column":3}},"loc":{"start":{"line":75,"column":29},"end":{"line":88,"column":3}},"line":75},"4":{"name":"(anonymous_4)","decl":{"start":{"line":98,"column":2},"end":{"line":98,"column":3}},"loc":{"start":{"line":98,"column":61},"end":{"line":133,"column":3}},"line":98},"5":{"name":"(anonymous_5)","decl":{"start":{"line":142,"column":2},"end":{"line":142,"column":3}},"loc":{"start":{"line":142,"column":43},"end":{"line":221,"column":3}},"line":142}},"branchMap":{"0":{"loc":{"start":{"line":24,"column":4},"end":{"line":26,"column":5}},"type":"if","locations":[{"start":{"line":24,"column":4},"end":{"line":26,"column":5}},{"start":{},"end":{}}],"line":24},"1":{"loc":{"start":{"line":30,"column":4},"end":{"line":32,"column":5}},"type":"if","locations":[{"start":{"line":30,"column":4},"end":{"line":32,"column":5}},{"start":{},"end":{}}],"line":30},"2":{"loc":{"start":{"line":56,"column":4},"end":{"line":58,"column":5}},"type":"if","locations":[{"start":{"line":56,"column":4},"end":{"line":58,"column":5}},{"start":{},"end":{}}],"line":56},"3":{"loc":{"start":{"line":78,"column":4},"end":{"line":80,"column":5}},"type":"if","locations":[{"start":{"line":78,"column":4},"end":{"line":80,"column":5}},{"start":{},"end":{}}],"line":78},"4":{"loc":{"start":{"line":83,"column":4},"end":{"line":85,"column":5}},"type":"if","locations":[{"start":{"line":83,"column":4},"end":{"line":85,"column":5}},{"start":{},"end":{}}],"line":83},"5":{"loc":{"start":{"line":102,"column":4},"end":{"line":104,"column":5}},"type":"if","locations":[{"start":{"line":102,"column":4},"end":{"line":104,"column":5}},{"start":{},"end":{}}],"line":102},"6":{"loc":{"start":{"line":109,"column":4},"end":{"line":111,"column":5}},"type":"if","locations":[{"start":{"line":109,"column":4},"end":{"line":111,"column":5}},{"start":{},"end":{}}],"line":109},"7":{"loc":{"start":{"line":114,"column":4},"end":{"line":116,"column":5}},"type":"if","locations":[{"start":{"line":114,"column":4},"end":{"line":116,"column":5}},{"start":{},"end":{}}],"line":114},"8":{"loc":{"start":{"line":114,"column":8},"end":{"line":114,"column":46}},"type":"binary-expr","locations":[{"start":{"line":114,"column":8},"end":{"line":114,"column":20}},{"start":{"line":114,"column":24},"end":{"line":114,"column":46}}],"line":114},"9":{"loc":{"start":{"line":146,"column":4},"end":{"line":148,"column":5}},"type":"if","locations":[{"start":{"line":146,"column":4},"end":{"line":148,"column":5}},{"start":{},"end":{}}],"line":146},"10":{"loc":{"start":{"line":153,"column":4},"end":{"line":172,"column":5}},"type":"if","locations":[{"start":{"line":153,"column":4},"end":{"line":172,"column":5}},{"start":{},"end":{}}],"line":153},"11":{"loc":{"start":{"line":156,"column":6},"end":{"line":158,"column":7}},"type":"if","locations":[{"start":{"line":156,"column":6},"end":{"line":158,"column":7}},{"start":{},"end":{}}],"line":156},"12":{"loc":{"start":{"line":160,"column":6},"end":{"line":162,"column":7}},"type":"if","locations":[{"start":{"line":160,"column":6},"end":{"line":162,"column":7}},{"start":{},"end":{}}],"line":160},"13":{"loc":{"start":{"line":165,"column":6},"end":{"line":171,"column":7}},"type":"if","locations":[{"start":{"line":165,"column":6},"end":{"line":171,"column":7}},{"start":{},"end":{}}],"line":165},"14":{"loc":{"start":{"line":167,"column":8},"end":{"line":169,"column":9}},"type":"if","locations":[{"start":{"line":167,"column":8},"end":{"line":169,"column":9}},{"start":{},"end":{}}],"line":167},"15":{"loc":{"start":{"line":175,"column":4},"end":{"line":196,"column":5}},"type":"if","locations":[{"start":{"line":175,"column":4},"end":{"line":196,"column":5}},{"start":{},"end":{}}],"line":175},"16":{"loc":{"start":{"line":178,"column":6},"end":{"line":180,"column":7}},"type":"if","locations":[{"start":{"line":178,"column":6},"end":{"line":180,"column":7}},{"start":{},"end":{}}],"line":178},"17":{"loc":{"start":{"line":184,"column":6},"end":{"line":186,"column":7}},"type":"if","locations":[{"start":{"line":184,"column":6},"end":{"line":186,"column":7}},{"start":{},"end":{}}],"line":184},"18":{"loc":{"start":{"line":189,"column":6},"end":{"line":195,"column":7}},"type":"if","locations":[{"start":{"line":189,"column":6},"end":{"line":195,"column":7}},{"start":{},"end":{}}],"line":189},"19":{"loc":{"start":{"line":191,"column":8},"end":{"line":193,"column":9}},"type":"if","locations":[{"start":{"line":191,"column":8},"end":{"line":193,"column":9}},{"start":{},"end":{}}],"line":191},"20":{"loc":{"start":{"line":199,"column":4},"end":{"line":206,"column":5}},"type":"if","locations":[{"start":{"line":199,"column":4},"end":{"line":206,"column":5}},{"start":{},"end":{}}],"line":199}},"s":{"0":2,"1":2,"2":2,"3":2,"4":2,"5":18,"6":18,"7":1,"8":17,"9":17,"10":2,"11":15,"12":15,"13":3,"14":3,"15":1,"16":2,"17":0,"18":0,"19":0,"20":0,"21":0,"22":0,"23":0,"24":7,"25":7,"26":1,"27":6,"28":6,"29":2,"30":4,"31":2,"32":2,"33":2,"34":2,"35":17,"36":17,"37":1,"38":16,"39":16,"40":16,"41":16,"42":1,"43":15,"44":2,"45":13,"46":5,"47":5,"48":2,"49":3,"50":11,"51":11,"52":11,"53":1,"54":10,"55":10,"56":2,"57":8,"58":6,"59":6,"60":2,"61":4,"62":6,"63":1,"64":5,"65":5,"66":5,"67":2},"f":{"0":2,"1":18,"2":3,"3":0,"4":7,"5":17},"b":{"0":[1,17],"1":[2,15],"2":[1,2],"3":[0,0],"4":[0,0],"5":[1,6],"6":[2,4],"7":[2,2],"8":[4,4],"9":[1,16],"10":[16,0],"11":[1,15],"12":[2,13],"13":[5,8],"14":[2,3],"15":[11,0],"16":[1,10],"17":[2,8],"18":[6,2],"19":[2,4],"20":[1,5]},"_coverageSchema":"1a1c01bbd47fc00a2c39e90264f33305004495a9","hash":"0239a753c1ac18352bc0eaa77ae2f0337e6b659d"}
,"/Users/dallaslones/work/aerekos-cloud/conductor/api/services/WorkerService.js": {"path":"/Users/dallaslones/work/aerekos-cloud/conductor/api/services/WorkerService.js","statementMap":{"0":{"start":{"line":1,"column":25},"end":{"line":1,"column":61}},"1":{"start":{"line":2,"column":21},"end":{"line":2,"column":46}},"2":{"start":{"line":9,"column":4},"end":{"line":9,"column":45}},"3":{"start":{"line":10,"column":4},"end":{"line":10,"column":37}},"4":{"start":{"line":25,"column":25},"end":{"line":25,"column":69}},"5":{"start":{"line":26,"column":4},"end":{"line":28,"column":5}},"6":{"start":{"line":27,"column":6},"end":{"line":27,"column":52}},"7":{"start":{"line":31,"column":4},"end":{"line":61,"column":5}},"8":{"start":{"line":32,"column":6},"end":{"line":60,"column":7}},"9":{"start":{"line":33,"column":31},"end":{"line":33,"column":85}},"10":{"start":{"line":34,"column":8},"end":{"line":56,"column":9}},"11":{"start":{"line":36,"column":10},"end":{"line":42,"column":13}},"12":{"start":{"line":45,"column":10},"end":{"line":53,"column":11}},"13":{"start":{"line":47,"column":12},"end":{"line":52,"column":15}},"14":{"start":{"line":55,"column":10},"end":{"line":55,"column":86}},"15":{"start":{"line":59,"column":8},"end":{"line":59,"column":100}},"16":{"start":{"line":64,"column":31},"end":{"line":64,"column":83}},"17":{"start":{"line":65,"column":25},"end":{"line":65,"column":79}},"18":{"start":{"line":68,"column":4},"end":{"line":92,"column":5}},"19":{"start":{"line":69,"column":29},"end":{"line":69,"column":63}},"20":{"start":{"line":72,"column":6},"end":{"line":78,"column":9}},"21":{"start":{"line":81,"column":6},"end":{"line":89,"column":7}},"22":{"start":{"line":83,"column":8},"end":{"line":88,"column":11}},"23":{"start":{"line":91,"column":6},"end":{"line":91,"column":82}},"24":{"start":{"line":95,"column":19},"end":{"line":101,"column":6}},"25":{"start":{"line":104,"column":4},"end":{"line":112,"column":5}},"26":{"start":{"line":106,"column":6},"end":{"line":111,"column":9}},"27":{"start":{"line":114,"column":4},"end":{"line":114,"column":72}},"28":{"start":{"line":124,"column":19},"end":{"line":124,"column":65}},"29":{"start":{"line":126,"column":4},"end":{"line":128,"column":5}},"30":{"start":{"line":127,"column":6},"end":{"line":127,"column":42}},"31":{"start":{"line":131,"column":4},"end":{"line":131,"column":57}},"32":{"start":{"line":132,"column":4},"end":{"line":132,"column":65}},"33":{"start":{"line":134,"column":4},"end":{"line":134,"column":71}},"34":{"start":{"line":145,"column":19},"end":{"line":145,"column":65}},"35":{"start":{"line":147,"column":4},"end":{"line":149,"column":5}},"36":{"start":{"line":148,"column":6},"end":{"line":148,"column":42}},"37":{"start":{"line":152,"column":4},"end":{"line":152,"column":69}},"38":{"start":{"line":155,"column":4},"end":{"line":163,"column":5}},"39":{"start":{"line":157,"column":6},"end":{"line":162,"column":9}},"40":{"start":{"line":165,"column":4},"end":{"line":165,"column":71}},"41":{"start":{"line":175,"column":19},"end":{"line":175,"column":78}},"42":{"start":{"line":177,"column":4},"end":{"line":179,"column":5}},"43":{"start":{"line":178,"column":6},"end":{"line":178,"column":42}},"44":{"start":{"line":181,"column":4},"end":{"line":181,"column":18}},"45":{"start":{"line":189,"column":20},"end":{"line":189,"column":57}},"46":{"start":{"line":192,"column":33},"end":{"line":196,"column":5}},"47":{"start":{"line":194,"column":8},"end":{"line":194,"column":76}},"48":{"start":{"line":198,"column":4},"end":{"line":198,"column":32}},"49":{"start":{"line":207,"column":20},"end":{"line":207,"column":68}},"50":{"start":{"line":210,"column":33},"end":{"line":214,"column":5}},"51":{"start":{"line":212,"column":8},"end":{"line":212,"column":76}},"52":{"start":{"line":216,"column":4},"end":{"line":216,"column":32}},"53":{"start":{"line":226,"column":19},"end":{"line":226,"column":65}},"54":{"start":{"line":228,"column":4},"end":{"line":230,"column":5}},"55":{"start":{"line":229,"column":6},"end":{"line":229,"column":42}},"56":{"start":{"line":232,"column":4},"end":{"line":232,"column":66}},"57":{"start":{"line":233,"column":4},"end":{"line":233,"column":71}},"58":{"start":{"line":237,"column":0},"end":{"line":237,"column":67}}},"fnMap":{"0":{"name":"(anonymous_0)","decl":{"start":{"line":8,"column":2},"end":{"line":8,"column":3}},"loc":{"start":{"line":8,"column":46},"end":{"line":11,"column":3}},"line":8},"1":{"name":"(anonymous_1)","decl":{"start":{"line":23,"column":2},"end":{"line":23,"column":3}},"loc":{"start":{"line":23,"column":92},"end":{"line":115,"column":3}},"line":23},"2":{"name":"(anonymous_2)","decl":{"start":{"line":123,"column":2},"end":{"line":123,"column":3}},"loc":{"start":{"line":123,"column":32},"end":{"line":135,"column":3}},"line":123},"3":{"name":"(anonymous_3)","decl":{"start":{"line":144,"column":2},"end":{"line":144,"column":3}},"loc":{"start":{"line":144,"column":45},"end":{"line":166,"column":3}},"line":144},"4":{"name":"(anonymous_4)","decl":{"start":{"line":174,"column":2},"end":{"line":174,"column":3}},"loc":{"start":{"line":174,"column":28},"end":{"line":182,"column":3}},"line":174},"5":{"name":"(anonymous_5)","decl":{"start":{"line":188,"column":2},"end":{"line":188,"column":3}},"loc":{"start":{"line":188,"column":24},"end":{"line":199,"column":3}},"line":188},"6":{"name":"(anonymous_6)","decl":{"start":{"line":193,"column":18},"end":{"line":193,"column":19}},"loc":{"start":{"line":193,"column":36},"end":{"line":195,"column":7}},"line":193},"7":{"name":"(anonymous_7)","decl":{"start":{"line":206,"column":2},"end":{"line":206,"column":3}},"loc":{"start":{"line":206,"column":35},"end":{"line":217,"column":3}},"line":206},"8":{"name":"(anonymous_8)","decl":{"start":{"line":211,"column":18},"end":{"line":211,"column":19}},"loc":{"start":{"line":211,"column":36},"end":{"line":213,"column":7}},"line":211},"9":{"name":"(anonymous_9)","decl":{"start":{"line":225,"column":2},"end":{"line":225,"column":3}},"loc":{"start":{"line":225,"column":36},"end":{"line":234,"column":3}},"line":225}},"branchMap":{"0":{"loc":{"start":{"line":23,"column":51},"end":{"line":23,"column":65}},"type":"default-arg","locations":[{"start":{"line":23,"column":63},"end":{"line":23,"column":65}}],"line":23},"1":{"loc":{"start":{"line":23,"column":67},"end":{"line":23,"column":90}},"type":"default-arg","locations":[{"start":{"line":23,"column":86},"end":{"line":23,"column":90}}],"line":23},"2":{"loc":{"start":{"line":26,"column":4},"end":{"line":28,"column":5}},"type":"if","locations":[{"start":{"line":26,"column":4},"end":{"line":28,"column":5}},{"start":{},"end":{}}],"line":26},"3":{"loc":{"start":{"line":31,"column":4},"end":{"line":61,"column":5}},"type":"if","locations":[{"start":{"line":31,"column":4},"end":{"line":61,"column":5}},{"start":{},"end":{}}],"line":31},"4":{"loc":{"start":{"line":34,"column":8},"end":{"line":56,"column":9}},"type":"if","locations":[{"start":{"line":34,"column":8},"end":{"line":56,"column":9}},{"start":{},"end":{}}],"line":34},"5":{"loc":{"start":{"line":45,"column":10},"end":{"line":53,"column":11}},"type":"if","locations":[{"start":{"line":45,"column":10},"end":{"line":53,"column":11}},{"start":{},"end":{}}],"line":45},"6":{"loc":{"start":{"line":45,"column":14},"end":{"line":46,"column":85}},"type":"binary-expr","locations":[{"start":{"line":45,"column":14},"end":{"line":45,"column":47}},{"start":{"line":45,"column":51},"end":{"line":45,"column":81}},{"start":{"line":46,"column":14},"end":{"line":46,"column":45}},{"start":{"line":46,"column":49},"end":{"line":46,"column":85}}],"line":45},"7":{"loc":{"start":{"line":48,"column":25},"end":{"line":48,"column":49}},"type":"binary-expr","locations":[{"start":{"line":48,"column":25},"end":{"line":48,"column":44}},{"start":{"line":48,"column":48},"end":{"line":48,"column":49}}],"line":48},"8":{"loc":{"start":{"line":49,"column":22},"end":{"line":49,"column":43}},"type":"binary-expr","locations":[{"start":{"line":49,"column":22},"end":{"line":49,"column":38}},{"start":{"line":49,"column":42},"end":{"line":49,"column":43}}],"line":49},"9":{"loc":{"start":{"line":50,"column":23},"end":{"line":50,"column":45}},"type":"binary-expr","locations":[{"start":{"line":50,"column":23},"end":{"line":50,"column":40}},{"start":{"line":50,"column":44},"end":{"line":50,"column":45}}],"line":50},"10":{"loc":{"start":{"line":51,"column":28},"end":{"line":51,"column":55}},"type":"binary-expr","locations":[{"start":{"line":51,"column":28},"end":{"line":51,"column":50}},{"start":{"line":51,"column":54},"end":{"line":51,"column":55}}],"line":51},"11":{"loc":{"start":{"line":68,"column":4},"end":{"line":92,"column":5}},"type":"if","locations":[{"start":{"line":68,"column":4},"end":{"line":92,"column":5}},{"start":{},"end":{}}],"line":68},"12":{"loc":{"start":{"line":68,"column":8},"end":{"line":68,"column":42}},"type":"binary-expr","locations":[{"start":{"line":68,"column":8},"end":{"line":68,"column":26}},{"start":{"line":68,"column":30},"end":{"line":68,"column":42}}],"line":68},"13":{"loc":{"start":{"line":69,"column":29},"end":{"line":69,"column":63}},"type":"binary-expr","locations":[{"start":{"line":69,"column":29},"end":{"line":69,"column":47}},{"start":{"line":69,"column":51},"end":{"line":69,"column":63}}],"line":69},"14":{"loc":{"start":{"line":81,"column":6},"end":{"line":89,"column":7}},"type":"if","locations":[{"start":{"line":81,"column":6},"end":{"line":89,"column":7}},{"start":{},"end":{}}],"line":81},"15":{"loc":{"start":{"line":81,"column":10},"end":{"line":82,"column":81}},"type":"binary-expr","locations":[{"start":{"line":81,"column":10},"end":{"line":81,"column":43}},{"start":{"line":81,"column":47},"end":{"line":81,"column":77}},{"start":{"line":82,"column":10},"end":{"line":82,"column":41}},{"start":{"line":82,"column":45},"end":{"line":82,"column":81}}],"line":81},"16":{"loc":{"start":{"line":84,"column":21},"end":{"line":84,"column":45}},"type":"binary-expr","locations":[{"start":{"line":84,"column":21},"end":{"line":84,"column":40}},{"start":{"line":84,"column":44},"end":{"line":84,"column":45}}],"line":84},"17":{"loc":{"start":{"line":85,"column":18},"end":{"line":85,"column":39}},"type":"binary-expr","locations":[{"start":{"line":85,"column":18},"end":{"line":85,"column":34}},{"start":{"line":85,"column":38},"end":{"line":85,"column":39}}],"line":85},"18":{"loc":{"start":{"line":86,"column":19},"end":{"line":86,"column":41}},"type":"binary-expr","locations":[{"start":{"line":86,"column":19},"end":{"line":86,"column":36}},{"start":{"line":86,"column":40},"end":{"line":86,"column":41}}],"line":86},"19":{"loc":{"start":{"line":87,"column":24},"end":{"line":87,"column":51}},"type":"binary-expr","locations":[{"start":{"line":87,"column":24},"end":{"line":87,"column":46}},{"start":{"line":87,"column":50},"end":{"line":87,"column":51}}],"line":87},"20":{"loc":{"start":{"line":104,"column":4},"end":{"line":112,"column":5}},"type":"if","locations":[{"start":{"line":104,"column":4},"end":{"line":112,"column":5}},{"start":{},"end":{}}],"line":104},"21":{"loc":{"start":{"line":104,"column":8},"end":{"line":105,"column":79}},"type":"binary-expr","locations":[{"start":{"line":104,"column":8},"end":{"line":104,"column":41}},{"start":{"line":104,"column":45},"end":{"line":104,"column":75}},{"start":{"line":105,"column":8},"end":{"line":105,"column":39}},{"start":{"line":105,"column":43},"end":{"line":105,"column":79}}],"line":104},"22":{"loc":{"start":{"line":107,"column":19},"end":{"line":107,"column":43}},"type":"binary-expr","locations":[{"start":{"line":107,"column":19},"end":{"line":107,"column":38}},{"start":{"line":107,"column":42},"end":{"line":107,"column":43}}],"line":107},"23":{"loc":{"start":{"line":108,"column":16},"end":{"line":108,"column":37}},"type":"binary-expr","locations":[{"start":{"line":108,"column":16},"end":{"line":108,"column":32}},{"start":{"line":108,"column":36},"end":{"line":108,"column":37}}],"line":108},"24":{"loc":{"start":{"line":109,"column":17},"end":{"line":109,"column":39}},"type":"binary-expr","locations":[{"start":{"line":109,"column":17},"end":{"line":109,"column":34}},{"start":{"line":109,"column":38},"end":{"line":109,"column":39}}],"line":109},"25":{"loc":{"start":{"line":110,"column":22},"end":{"line":110,"column":49}},"type":"binary-expr","locations":[{"start":{"line":110,"column":22},"end":{"line":110,"column":44}},{"start":{"line":110,"column":48},"end":{"line":110,"column":49}}],"line":110},"26":{"loc":{"start":{"line":126,"column":4},"end":{"line":128,"column":5}},"type":"if","locations":[{"start":{"line":126,"column":4},"end":{"line":128,"column":5}},{"start":{},"end":{}}],"line":126},"27":{"loc":{"start":{"line":147,"column":4},"end":{"line":149,"column":5}},"type":"if","locations":[{"start":{"line":147,"column":4},"end":{"line":149,"column":5}},{"start":{},"end":{}}],"line":147},"28":{"loc":{"start":{"line":155,"column":4},"end":{"line":163,"column":5}},"type":"if","locations":[{"start":{"line":155,"column":4},"end":{"line":163,"column":5}},{"start":{},"end":{}}],"line":155},"29":{"loc":{"start":{"line":155,"column":8},"end":{"line":156,"column":79}},"type":"binary-expr","locations":[{"start":{"line":155,"column":8},"end":{"line":155,"column":41}},{"start":{"line":155,"column":45},"end":{"line":155,"column":75}},{"start":{"line":156,"column":8},"end":{"line":156,"column":39}},{"start":{"line":156,"column":43},"end":{"line":156,"column":79}}],"line":155},"30":{"loc":{"start":{"line":177,"column":4},"end":{"line":179,"column":5}},"type":"if","locations":[{"start":{"line":177,"column":4},"end":{"line":179,"column":5}},{"start":{},"end":{}}],"line":177},"31":{"loc":{"start":{"line":228,"column":4},"end":{"line":230,"column":5}},"type":"if","locations":[{"start":{"line":228,"column":4},"end":{"line":230,"column":5}},{"start":{},"end":{}}],"line":228}},"s":{"0":3,"1":3,"2":3,"3":3,"4":8,"5":8,"6":1,"7":7,"8":2,"9":2,"10":2,"11":2,"12":2,"13":2,"14":2,"15":0,"16":5,"17":5,"18":5,"19":3,"20":3,"21":3,"22":3,"23":3,"24":2,"25":2,"26":2,"27":2,"28":4,"29":4,"30":1,"31":3,"32":3,"33":3,"34":4,"35":4,"36":1,"37":3,"38":3,"39":3,"40":3,"41":3,"42":3,"43":1,"44":2,"45":2,"46":2,"47":25,"48":2,"49":0,"50":0,"51":0,"52":0,"53":4,"54":4,"55":0,"56":4,"57":4,"58":3},"f":{"0":3,"1":8,"2":4,"3":4,"4":3,"5":2,"6":25,"7":0,"8":0,"9":4},"b":{"0":[0],"1":[3],"2":[1,7],"3":[2,5],"4":[2,0],"5":[2,0],"6":[2,0,0,0],"7":[2,0],"8":[2,1],"9":[2,2],"10":[2,2],"11":[3,2],"12":[5,5],"13":[3,3],"14":[3,0],"15":[3,0,0,0],"16":[3,0],"17":[3,0],"18":[3,2],"19":[3,2],"20":[2,0],"21":[2,0,0,0],"22":[2,0],"23":[2,1],"24":[2,2],"25":[2,2],"26":[1,3],"27":[1,3],"28":[3,0],"29":[3,0,0,0],"30":[1,2],"31":[0,4]},"_coverageSchema":"1a1c01bbd47fc00a2c39e90264f33305004495a9","hash":"9dcb2ae8cf0082640b121d9c3f7575be1672647e"}
,"/Users/dallaslones/work/aerekos-cloud/conductor/api/services/WorkerSocketService.js": {"path":"/Users/dallaslones/work/aerekos-cloud/conductor/api/services/WorkerSocketService.js","statementMap":{"0":{"start":{"line":1,"column":19},"end":{"line":1,"column":39}},"1":{"start":{"line":2,"column":22},"end":{"line":2,"column":48}},"2":{"start":{"line":3,"column":25},"end":{"line":3,"column":61}},"3":{"start":{"line":10,"column":4},"end":{"line":10,"column":19}},"4":{"start":{"line":11,"column":4},"end":{"line":11,"column":35}},"5":{"start":{"line":12,"column":4},"end":{"line":12,"column":35}},"6":{"start":{"line":13,"column":4},"end":{"line":13,"column":41}},"7":{"start":{"line":14,"column":4},"end":{"line":14,"column":38}},"8":{"start":{"line":15,"column":4},"end":{"line":15,"column":39}},"9":{"start":{"line":23,"column":4},"end":{"line":29,"column":7}},"10":{"start":{"line":31,"column":4},"end":{"line":195,"column":7}},"11":{"start":{"line":32,"column":6},"end":{"line":32,"column":61}},"12":{"start":{"line":35,"column":6},"end":{"line":73,"column":9}},"13":{"start":{"line":36,"column":8},"end":{"line":72,"column":9}},"14":{"start":{"line":37,"column":72},"end":{"line":37,"column":76}},"15":{"start":{"line":39,"column":10},"end":{"line":42,"column":11}},"16":{"start":{"line":40,"column":12},"end":{"line":40,"column":80}},"17":{"start":{"line":41,"column":12},"end":{"line":41,"column":19}},"18":{"start":{"line":45,"column":25},"end":{"line":51,"column":11}},"19":{"start":{"line":54,"column":10},"end":{"line":54,"column":52}},"20":{"start":{"line":55,"column":10},"end":{"line":55,"column":55}},"21":{"start":{"line":58,"column":10},"end":{"line":63,"column":13}},"22":{"start":{"line":66,"column":10},"end":{"line":66,"column":45}},"23":{"start":{"line":68,"column":10},"end":{"line":68,"column":87}},"24":{"start":{"line":70,"column":10},"end":{"line":70,"column":71}},"25":{"start":{"line":71,"column":10},"end":{"line":71,"column":59}},"26":{"start":{"line":76,"column":6},"end":{"line":137,"column":9}},"27":{"start":{"line":77,"column":25},"end":{"line":77,"column":58}},"28":{"start":{"line":78,"column":8},"end":{"line":81,"column":9}},"29":{"start":{"line":79,"column":10},"end":{"line":79,"column":69}},"30":{"start":{"line":80,"column":10},"end":{"line":80,"column":17}},"31":{"start":{"line":83,"column":8},"end":{"line":136,"column":9}},"32":{"start":{"line":85,"column":10},"end":{"line":85,"column":61}},"33":{"start":{"line":88,"column":10},"end":{"line":88,"column":54}},"34":{"start":{"line":91,"column":10},"end":{"line":130,"column":11}},"35":{"start":{"line":92,"column":34},"end":{"line":92,"column":38}},"36":{"start":{"line":93,"column":12},"end":{"line":98,"column":15}},"37":{"start":{"line":101,"column":12},"end":{"line":114,"column":15}},"38":{"start":{"line":118,"column":35},"end":{"line":127,"column":13}},"39":{"start":{"line":128,"column":12},"end":{"line":128,"column":114}},"40":{"start":{"line":129,"column":12},"end":{"line":129,"column":104}},"41":{"start":{"line":132,"column":10},"end":{"line":132,"column":78}},"42":{"start":{"line":134,"column":10},"end":{"line":134,"column":91}},"43":{"start":{"line":135,"column":10},"end":{"line":135,"column":59}},"44":{"start":{"line":140,"column":6},"end":{"line":160,"column":9}},"45":{"start":{"line":141,"column":25},"end":{"line":141,"column":58}},"46":{"start":{"line":142,"column":8},"end":{"line":145,"column":9}},"47":{"start":{"line":143,"column":10},"end":{"line":143,"column":69}},"48":{"start":{"line":144,"column":10},"end":{"line":144,"column":17}},"49":{"start":{"line":147,"column":8},"end":{"line":159,"column":9}},"50":{"start":{"line":148,"column":32},"end":{"line":148,"column":36}},"51":{"start":{"line":149,"column":10},"end":{"line":149,"column":67}},"52":{"start":{"line":152,"column":10},"end":{"line":155,"column":13}},"53":{"start":{"line":157,"column":10},"end":{"line":157,"column":97}},"54":{"start":{"line":158,"column":10},"end":{"line":158,"column":59}},"55":{"start":{"line":163,"column":6},"end":{"line":189,"column":9}},"56":{"start":{"line":164,"column":25},"end":{"line":164,"column":58}},"57":{"start":{"line":166,"column":8},"end":{"line":188,"column":9}},"58":{"start":{"line":167,"column":10},"end":{"line":167,"column":67}},"59":{"start":{"line":169,"column":10},"end":{"line":180,"column":11}},"60":{"start":{"line":171,"column":12},"end":{"line":171,"column":60}},"61":{"start":{"line":174,"column":12},"end":{"line":177,"column":15}},"62":{"start":{"line":179,"column":12},"end":{"line":179,"column":83}},"63":{"start":{"line":183,"column":10},"end":{"line":183,"column":46}},"64":{"start":{"line":184,"column":10},"end":{"line":184,"column":47}},"65":{"start":{"line":185,"column":10},"end":{"line":185,"column":52}},"66":{"start":{"line":187,"column":10},"end":{"line":187,"column":68}},"67":{"start":{"line":192,"column":6},"end":{"line":194,"column":9}},"68":{"start":{"line":193,"column":8},"end":{"line":193,"column":55}},"69":{"start":{"line":198,"column":4},"end":{"line":223,"column":7}},"70":{"start":{"line":199,"column":6},"end":{"line":199,"column":70}},"71":{"start":{"line":200,"column":6},"end":{"line":200,"column":30}},"72":{"start":{"line":203,"column":6},"end":{"line":209,"column":9}},"73":{"start":{"line":204,"column":29},"end":{"line":204,"column":33}},"74":{"start":{"line":205,"column":8},"end":{"line":208,"column":9}},"75":{"start":{"line":206,"column":10},"end":{"line":206,"column":44}},"76":{"start":{"line":207,"column":10},"end":{"line":207,"column":96}},"77":{"start":{"line":212,"column":6},"end":{"line":218,"column":9}},"78":{"start":{"line":213,"column":29},"end":{"line":213,"column":33}},"79":{"start":{"line":214,"column":8},"end":{"line":217,"column":9}},"80":{"start":{"line":215,"column":10},"end":{"line":215,"column":45}},"81":{"start":{"line":216,"column":10},"end":{"line":216,"column":100}},"82":{"start":{"line":220,"column":6},"end":{"line":222,"column":9}},"83":{"start":{"line":221,"column":8},"end":{"line":221,"column":75}},"84":{"start":{"line":226,"column":4},"end":{"line":226,"column":38}},"85":{"start":{"line":228,"column":4},"end":{"line":228,"column":57}},"86":{"start":{"line":235,"column":4},"end":{"line":237,"column":5}},"87":{"start":{"line":236,"column":6},"end":{"line":236,"column":49}},"88":{"start":{"line":240,"column":4},"end":{"line":310,"column":14}},"89":{"start":{"line":241,"column":18},"end":{"line":241,"column":28}},"90":{"start":{"line":244,"column":29},"end":{"line":244,"column":75}},"91":{"start":{"line":245,"column":6},"end":{"line":277,"column":7}},"92":{"start":{"line":246,"column":39},"end":{"line":246,"column":58}},"93":{"start":{"line":248,"column":8},"end":{"line":276,"column":9}},"94":{"start":{"line":249,"column":10},"end":{"line":249,"column":140}},"95":{"start":{"line":251,"column":10},"end":{"line":275,"column":11}},"96":{"start":{"line":253,"column":12},"end":{"line":253,"column":60}},"97":{"start":{"line":256,"column":12},"end":{"line":260,"column":15}},"98":{"start":{"line":263,"column":12},"end":{"line":263,"column":48}},"99":{"start":{"line":264,"column":12},"end":{"line":264,"column":54}},"100":{"start":{"line":267,"column":12},"end":{"line":272,"column":13}},"101":{"start":{"line":268,"column":14},"end":{"line":271,"column":15}},"102":{"start":{"line":269,"column":16},"end":{"line":269,"column":52}},"103":{"start":{"line":270,"column":16},"end":{"line":270,"column":22}},"104":{"start":{"line":274,"column":12},"end":{"line":274,"column":110}},"105":{"start":{"line":280,"column":6},"end":{"line":309,"column":7}},"106":{"start":{"line":281,"column":27},"end":{"line":281,"column":62}},"107":{"start":{"line":282,"column":8},"end":{"line":306,"column":9}},"108":{"start":{"line":284,"column":10},"end":{"line":286,"column":11}},"109":{"start":{"line":285,"column":12},"end":{"line":285,"column":21}},"110":{"start":{"line":289,"column":10},"end":{"line":305,"column":11}},"111":{"start":{"line":290,"column":29},"end":{"line":290,"column":65}},"112":{"start":{"line":291,"column":38},"end":{"line":291,"column":52}},"113":{"start":{"line":294,"column":12},"end":{"line":304,"column":13}},"114":{"start":{"line":295,"column":14},"end":{"line":295,"column":133}},"115":{"start":{"line":296,"column":14},"end":{"line":296,"column":63}},"116":{"start":{"line":299,"column":14},"end":{"line":303,"column":17}},"117":{"start":{"line":308,"column":8},"end":{"line":308,"column":82}},"118":{"start":{"line":318,"column":4},"end":{"line":318,"column":19}},"119":{"start":{"line":327,"column":4},"end":{"line":327,"column":44}},"120":{"start":{"line":337,"column":19},"end":{"line":337,"column":51}},"121":{"start":{"line":338,"column":4},"end":{"line":340,"column":5}},"122":{"start":{"line":339,"column":6},"end":{"line":339,"column":31}},"123":{"start":{"line":349,"column":4},"end":{"line":351,"column":5}},"124":{"start":{"line":350,"column":6},"end":{"line":350,"column":63}},"125":{"start":{"line":355,"column":0},"end":{"line":355,"column":43}}},"fnMap":{"0":{"name":"(anonymous_0)","decl":{"start":{"line":9,"column":2},"end":{"line":9,"column":3}},"loc":{"start":{"line":9,"column":16},"end":{"line":16,"column":3}},"line":9},"1":{"name":"(anonymous_1)","decl":{"start":{"line":22,"column":2},"end":{"line":22,"column":3}},"loc":{"start":{"line":22,"column":25},"end":{"line":229,"column":3}},"line":22},"2":{"name":"(anonymous_2)","decl":{"start":{"line":31,"column":29},"end":{"line":31,"column":30}},"loc":{"start":{"line":31,"column":41},"end":{"line":195,"column":5}},"line":31},"3":{"name":"(anonymous_3)","decl":{"start":{"line":35,"column":35},"end":{"line":35,"column":36}},"loc":{"start":{"line":35,"column":51},"end":{"line":73,"column":7}},"line":35},"4":{"name":"(anonymous_4)","decl":{"start":{"line":76,"column":31},"end":{"line":76,"column":32}},"loc":{"start":{"line":76,"column":47},"end":{"line":137,"column":7}},"line":76},"5":{"name":"(anonymous_5)","decl":{"start":{"line":140,"column":36},"end":{"line":140,"column":37}},"loc":{"start":{"line":140,"column":52},"end":{"line":160,"column":7}},"line":140},"6":{"name":"(anonymous_6)","decl":{"start":{"line":163,"column":30},"end":{"line":163,"column":31}},"loc":{"start":{"line":163,"column":42},"end":{"line":189,"column":7}},"line":163},"7":{"name":"(anonymous_7)","decl":{"start":{"line":192,"column":25},"end":{"line":192,"column":26}},"loc":{"start":{"line":192,"column":36},"end":{"line":194,"column":7}},"line":192},"8":{"name":"(anonymous_8)","decl":{"start":{"line":198,"column":45},"end":{"line":198,"column":46}},"loc":{"start":{"line":198,"column":57},"end":{"line":223,"column":5}},"line":198},"9":{"name":"(anonymous_9)","decl":{"start":{"line":203,"column":36},"end":{"line":203,"column":37}},"loc":{"start":{"line":203,"column":46},"end":{"line":209,"column":7}},"line":203},"10":{"name":"(anonymous_10)","decl":{"start":{"line":212,"column":38},"end":{"line":212,"column":39}},"loc":{"start":{"line":212,"column":48},"end":{"line":218,"column":7}},"line":212},"11":{"name":"(anonymous_11)","decl":{"start":{"line":220,"column":30},"end":{"line":220,"column":31}},"loc":{"start":{"line":220,"column":36},"end":{"line":222,"column":7}},"line":220},"12":{"name":"(anonymous_12)","decl":{"start":{"line":234,"column":2},"end":{"line":234,"column":3}},"loc":{"start":{"line":234,"column":31},"end":{"line":311,"column":3}},"line":234},"13":{"name":"(anonymous_13)","decl":{"start":{"line":240,"column":46},"end":{"line":240,"column":47}},"loc":{"start":{"line":240,"column":58},"end":{"line":310,"column":5}},"line":240},"14":{"name":"(anonymous_14)","decl":{"start":{"line":317,"column":2},"end":{"line":317,"column":3}},"loc":{"start":{"line":317,"column":10},"end":{"line":319,"column":3}},"line":317},"15":{"name":"(anonymous_15)","decl":{"start":{"line":326,"column":2},"end":{"line":326,"column":3}},"loc":{"start":{"line":326,"column":30},"end":{"line":328,"column":3}},"line":326},"16":{"name":"(anonymous_16)","decl":{"start":{"line":336,"column":2},"end":{"line":336,"column":3}},"loc":{"start":{"line":336,"column":38},"end":{"line":341,"column":3}},"line":336},"17":{"name":"(anonymous_17)","decl":{"start":{"line":348,"column":2},"end":{"line":348,"column":3}},"loc":{"start":{"line":348,"column":35},"end":{"line":352,"column":3}},"line":348}},"branchMap":{"0":{"loc":{"start":{"line":25,"column":16},"end":{"line":25,"column":46}},"type":"binary-expr","locations":[{"start":{"line":25,"column":16},"end":{"line":25,"column":39}},{"start":{"line":25,"column":43},"end":{"line":25,"column":46}}],"line":25},"1":{"loc":{"start":{"line":39,"column":10},"end":{"line":42,"column":11}},"type":"if","locations":[{"start":{"line":39,"column":10},"end":{"line":42,"column":11}},{"start":{},"end":{}}],"line":39},"2":{"loc":{"start":{"line":49,"column":12},"end":{"line":49,"column":27}},"type":"binary-expr","locations":[{"start":{"line":49,"column":12},"end":{"line":49,"column":21}},{"start":{"line":49,"column":25},"end":{"line":49,"column":27}}],"line":49},"3":{"loc":{"start":{"line":50,"column":12},"end":{"line":50,"column":29}},"type":"binary-expr","locations":[{"start":{"line":50,"column":12},"end":{"line":50,"column":21}},{"start":{"line":50,"column":25},"end":{"line":50,"column":29}}],"line":50},"4":{"loc":{"start":{"line":78,"column":8},"end":{"line":81,"column":9}},"type":"if","locations":[{"start":{"line":78,"column":8},"end":{"line":81,"column":9}},{"start":{},"end":{}}],"line":78},"5":{"loc":{"start":{"line":91,"column":10},"end":{"line":130,"column":11}},"type":"if","locations":[{"start":{"line":91,"column":10},"end":{"line":130,"column":11}},{"start":{},"end":{}}],"line":91},"6":{"loc":{"start":{"line":113,"column":25},"end":{"line":113,"column":72}},"type":"binary-expr","locations":[{"start":{"line":113,"column":25},"end":{"line":113,"column":44}},{"start":{"line":113,"column":48},"end":{"line":113,"column":72}}],"line":113},"7":{"loc":{"start":{"line":126,"column":25},"end":{"line":126,"column":72}},"type":"binary-expr","locations":[{"start":{"line":126,"column":25},"end":{"line":126,"column":44}},{"start":{"line":126,"column":48},"end":{"line":126,"column":72}}],"line":126},"8":{"loc":{"start":{"line":142,"column":8},"end":{"line":145,"column":9}},"type":"if","locations":[{"start":{"line":142,"column":8},"end":{"line":145,"column":9}},{"start":{},"end":{}}],"line":142},"9":{"loc":{"start":{"line":166,"column":8},"end":{"line":188,"column":9}},"type":"if","locations":[{"start":{"line":166,"column":8},"end":{"line":188,"column":9}},{"start":{"line":186,"column":15},"end":{"line":188,"column":9}}],"line":166},"10":{"loc":{"start":{"line":205,"column":8},"end":{"line":208,"column":9}},"type":"if","locations":[{"start":{"line":205,"column":8},"end":{"line":208,"column":9}},{"start":{},"end":{}}],"line":205},"11":{"loc":{"start":{"line":214,"column":8},"end":{"line":217,"column":9}},"type":"if","locations":[{"start":{"line":214,"column":8},"end":{"line":217,"column":9}},{"start":{},"end":{}}],"line":214},"12":{"loc":{"start":{"line":235,"column":4},"end":{"line":237,"column":5}},"type":"if","locations":[{"start":{"line":235,"column":4},"end":{"line":237,"column":5}},{"start":{},"end":{}}],"line":235},"13":{"loc":{"start":{"line":248,"column":8},"end":{"line":276,"column":9}},"type":"if","locations":[{"start":{"line":248,"column":8},"end":{"line":276,"column":9}},{"start":{},"end":{}}],"line":248},"14":{"loc":{"start":{"line":268,"column":14},"end":{"line":271,"column":15}},"type":"if","locations":[{"start":{"line":268,"column":14},"end":{"line":271,"column":15}},{"start":{},"end":{}}],"line":268},"15":{"loc":{"start":{"line":284,"column":10},"end":{"line":286,"column":11}},"type":"if","locations":[{"start":{"line":284,"column":10},"end":{"line":286,"column":11}},{"start":{},"end":{}}],"line":284},"16":{"loc":{"start":{"line":289,"column":10},"end":{"line":305,"column":11}},"type":"if","locations":[{"start":{"line":289,"column":10},"end":{"line":305,"column":11}},{"start":{},"end":{}}],"line":289},"17":{"loc":{"start":{"line":289,"column":14},"end":{"line":289,"column":60}},"type":"binary-expr","locations":[{"start":{"line":289,"column":14},"end":{"line":289,"column":40}},{"start":{"line":289,"column":44},"end":{"line":289,"column":60}}],"line":289},"18":{"loc":{"start":{"line":294,"column":12},"end":{"line":304,"column":13}},"type":"if","locations":[{"start":{"line":294,"column":12},"end":{"line":304,"column":13}},{"start":{},"end":{}}],"line":294},"19":{"loc":{"start":{"line":338,"column":4},"end":{"line":340,"column":5}},"type":"if","locations":[{"start":{"line":338,"column":4},"end":{"line":340,"column":5}},{"start":{},"end":{}}],"line":338},"20":{"loc":{"start":{"line":349,"column":4},"end":{"line":351,"column":5}},"type":"if","locations":[{"start":{"line":349,"column":4},"end":{"line":351,"column":5}},{"start":{},"end":{}}],"line":349}},"s":{"0":3,"1":3,"2":3,"3":3,"4":3,"5":3,"6":3,"7":3,"8":3,"9":4,"10":4,"11":4,"12":4,"13":4,"14":4,"15":4,"16":0,"17":0,"18":4,"19":4,"20":4,"21":4,"22":4,"23":4,"24":0,"25":0,"26":4,"27":2,"28":2,"29":0,"30":0,"31":2,"32":2,"33":2,"34":2,"35":2,"36":2,"37":2,"38":2,"39":2,"40":2,"41":2,"42":0,"43":0,"44":4,"45":0,"46":0,"47":0,"48":0,"49":0,"50":0,"51":0,"52":0,"53":0,"54":0,"55":4,"56":4,"57":4,"58":4,"59":4,"60":4,"61":4,"62":4,"63":4,"64":4,"65":4,"66":0,"67":4,"68":0,"69":4,"70":3,"71":3,"72":3,"73":0,"74":0,"75":0,"76":0,"77":3,"78":0,"79":0,"80":0,"81":0,"82":3,"83":3,"84":4,"85":4,"86":4,"87":3,"88":4,"89":0,"90":0,"91":0,"92":0,"93":0,"94":0,"95":0,"96":0,"97":0,"98":0,"99":0,"100":0,"101":0,"102":0,"103":0,"104":0,"105":0,"106":0,"107":0,"108":0,"109":0,"110":0,"111":0,"112":0,"113":0,"114":0,"115":0,"116":0,"117":0,"118":0,"119":0,"120":0,"121":0,"122":0,"123":0,"124":0,"125":3},"f":{"0":3,"1":4,"2":4,"3":4,"4":2,"5":0,"6":4,"7":0,"8":3,"9":0,"10":0,"11":3,"12":4,"13":0,"14":0,"15":0,"16":0,"17":0},"b":{"0":[4,4],"1":[0,4],"2":[4,0],"3":[4,3],"4":[0,2],"5":[2,0],"6":[2,2],"7":[2,2],"8":[0,0],"9":[4,0],"10":[0,0],"11":[0,0],"12":[3,1],"13":[0,0],"14":[0,0],"15":[0,0],"16":[0,0],"17":[0,0],"18":[0,0],"19":[0,0],"20":[0,0]},"_coverageSchema":"1a1c01bbd47fc00a2c39e90264f33305004495a9","hash":"9e02d286e5815b202b884fb353da64ca5b55bc1a"}
,"/Users/dallaslones/work/aerekos-cloud/conductor/api/utils/db.js": {"path":"/Users/dallaslones/work/aerekos-cloud/conductor/api/utils/db.js","statementMap":{"0":{"start":{"line":1,"column":13},"end":{"line":1,"column":28}},"1":{"start":{"line":2,"column":11},"end":{"line":2,"column":24}},"2":{"start":{"line":3,"column":22},"end":{"line":3,"column":74}},"3":{"start":{"line":6,"column":16},"end":{"line":6,"column":50}},"4":{"start":{"line":7,"column":0},"end":{"line":9,"column":1}},"5":{"start":{"line":8,"column":2},"end":{"line":8,"column":45}},"6":{"start":{"line":11,"column":15},"end":{"line":11,"column":78}},"7":{"start":{"line":16,"column":0},"end":{"line":16,"column":62}},"8":{"start":{"line":18,"column":11},"end":{"line":22,"column":2}},"9":{"start":{"line":24,"column":0},"end":{"line":24,"column":20}}},"fnMap":{},"branchMap":{"0":{"loc":{"start":{"line":7,"column":0},"end":{"line":9,"column":1}},"type":"if","locations":[{"start":{"line":7,"column":0},"end":{"line":9,"column":1}},{"start":{},"end":{}}],"line":7},"1":{"loc":{"start":{"line":11,"column":15},"end":{"line":11,"column":78}},"type":"binary-expr","locations":[{"start":{"line":11,"column":15},"end":{"line":11,"column":40}},{"start":{"line":11,"column":44},"end":{"line":11,"column":78}}],"line":11},"2":{"loc":{"start":{"line":16,"column":29},"end":{"line":16,"column":61}},"type":"binary-expr","locations":[{"start":{"line":16,"column":29},"end":{"line":16,"column":55}},{"start":{"line":16,"column":59},"end":{"line":16,"column":61}}],"line":16},"3":{"loc":{"start":{"line":21,"column":11},"end":{"line":21,"column":74}},"type":"cond-expr","locations":[{"start":{"line":21,"column":51},"end":{"line":21,"column":62}},{"start":{"line":21,"column":65},"end":{"line":21,"column":74}}],"line":21}},"s":{"0":5,"1":5,"2":5,"3":5,"4":5,"5":0,"6":5,"7":5,"8":5,"9":5},"f":{},"b":{"0":[0,5],"1":[5,0],"2":[5,5],"3":[0,5]},"_coverageSchema":"1a1c01bbd47fc00a2c39e90264f33305004495a9","hash":"aa6a8b261883ebd4ca98b225b8233fd7a3fcd715"}
,"/Users/dallaslones/work/aerekos-cloud/conductor/api/utils/dbInit.js": {"path":"/Users/dallaslones/work/aerekos-cloud/conductor/api/utils/dbInit.js","statementMap":{"0":{"start":{"line":1,"column":70},"end":{"line":1,"column":90}},"1":{"start":{"line":7,"column":2},"end":{"line":15,"column":3}},"2":{"start":{"line":10,"column":4},"end":{"line":10,"column":53}},"3":{"start":{"line":11,"column":4},"end":{"line":11,"column":16}},"4":{"start":{"line":13,"column":4},"end":{"line":13,"column":59}},"5":{"start":{"line":14,"column":4},"end":{"line":14,"column":16}},"6":{"start":{"line":18,"column":0},"end":{"line":18,"column":40}}},"fnMap":{"0":{"name":"initializeDatabase","decl":{"start":{"line":6,"column":15},"end":{"line":6,"column":33}},"loc":{"start":{"line":6,"column":36},"end":{"line":16,"column":1}},"line":6}},"branchMap":{},"s":{"0":5,"1":5,"2":5,"3":5,"4":0,"5":0,"6":5},"f":{"0":5},"b":{},"_coverageSchema":"1a1c01bbd47fc00a2c39e90264f33305004495a9","hash":"316bdabec6175a6f680754b14964de3b48e4ff8d"}
,"/Users/dallaslones/work/aerekos-cloud/conductor/api/utils/password.js": {"path":"/Users/dallaslones/work/aerekos-cloud/conductor/api/utils/password.js","statementMap":{"0":{"start":{"line":1,"column":15},"end":{"line":1,"column":32}},"1":{"start":{"line":3,"column":20},"end":{"line":3,"column":22}},"2":{"start":{"line":11,"column":2},"end":{"line":11,"column":50}},"3":{"start":{"line":21,"column":2},"end":{"line":21,"column":46}},"4":{"start":{"line":24,"column":0},"end":{"line":27,"column":2}}},"fnMap":{"0":{"name":"hashPassword","decl":{"start":{"line":10,"column":15},"end":{"line":10,"column":27}},"loc":{"start":{"line":10,"column":38},"end":{"line":12,"column":1}},"line":10},"1":{"name":"comparePassword","decl":{"start":{"line":20,"column":15},"end":{"line":20,"column":30}},"loc":{"start":{"line":20,"column":47},"end":{"line":22,"column":1}},"line":20}},"branchMap":{},"s":{"0":3,"1":3,"2":40,"3":24,"4":3},"f":{"0":40,"1":24},"b":{},"_coverageSchema":"1a1c01bbd47fc00a2c39e90264f33305004495a9","hash":"97c61ce70dbc70623384687ab66d02af7f5fa3a4"}
}
