TN:
SF:api/middleware/auth.js
FN:7,authenticate
FNF:1
FNH:1
FNDA:38,authenticate
DA:1,2
DA:8,38
DA:10,38
DA:12,38
DA:13,5
DA:21,33
DA:24,33
DA:27,32
DA:28,32
DA:30,32
DA:32,1
DA:41,2
LF:12
LH:12
BRDA:12,0,0,5
BRDA:12,0,1,33
BRDA:12,1,0,38
BRDA:12,1,1,33
BRDA:34,2,0,1
BRDA:34,2,1,0
BRF:6
BRH:5
end_of_record
TN:
SF:api/middleware/requestId.js
FN:7,requestIdMiddleware
FNF:1
FNH:1
FNDA:72,requestIdMiddleware
DA:1,2
DA:9,72
DA:12,72
DA:14,72
DA:17,2
LF:5
LH:5
BRDA:9,0,0,72
BRDA:9,0,1,72
BRF:2
BRH:2
end_of_record
TN:
SF:api/models/index.js
FNF:0
FNH:0
DA:1,5
DA:4,5
DA:16,5
DA:28,5
DA:41,5
DA:51,5
DA:63,5
DA:73,5
LF:8
LH:8
BRF:0
BRH:0
end_of_record
TN:
SF:api/repos/TokenRepository.js
FN:11,(anonymous_0)
FN:20,(anonymous_1)
FN:32,(anonymous_2)
FN:41,(anonymous_3)
FN:55,(anonymous_4)
FNF:5
FNH:4
FNDA:24,(anonymous_0)
FNDA:0,(anonymous_1)
FNDA:17,(anonymous_2)
FNDA:3,(anonymous_3)
FNDA:6,(anonymous_4)
DA:1,4
DA:13,24
DA:18,24
DA:20,21
DA:21,21
DA:24,3
DA:33,17
DA:42,3
DA:43,3
DA:44,0
DA:47,3
DA:48,3
DA:56,6
DA:57,6
DA:58,11
DA:60,6
DA:64,4
LF:17
LH:16
BRDA:18,0,0,21
BRDA:18,0,1,3
BRDA:43,1,0,0
BRDA:43,1,1,3
BRF:4
BRH:3
end_of_record
TN:
SF:api/repos/UserRepository.js
FN:12,(anonymous_0)
FN:22,(anonymous_1)
FN:32,(anonymous_2)
FN:42,(anonymous_3)
FN:52,(anonymous_4)
FN:64,(anonymous_5)
FNF:6
FNH:4
FNDA:23,(anonymous_0)
FNDA:39,(anonymous_1)
FNDA:6,(anonymous_2)
FNDA:0,(anonymous_3)
FNDA:7,(anonymous_4)
FNDA:0,(anonymous_5)
DA:1,2
DA:13,23
DA:14,23
DA:23,39
DA:24,39
DA:33,6
DA:34,6
DA:43,0
DA:53,7
DA:54,7
DA:55,0
DA:57,7
DA:65,0
DA:69,2
LF:14
LH:11
BRDA:14,0,0,19
BRDA:14,0,1,4
BRDA:24,1,0,36
BRDA:24,1,1,3
BRDA:34,2,0,2
BRDA:34,2,1,4
BRDA:54,3,0,0
BRDA:54,3,1,7
BRF:8
BRH:7
end_of_record
TN:
SF:api/repos/WorkerRepository.js
FN:12,(anonymous_0)
FN:22,(anonymous_1)
FN:32,(anonymous_2)
FN:42,(anonymous_3)
FN:52,(anonymous_4)
FN:64,(anonymous_5)
FN:73,(anonymous_6)
FN:82,(anonymous_7)
FN:94,(anonymous_8)
FN:104,(anonymous_9)
FN:115,(anonymous_10)
FN:137,(anonymous_11)
FNF:12
FNH:11
FNDA:77,(anonymous_0)
FNDA:5,(anonymous_1)
FNDA:5,(anonymous_2)
FNDA:2,(anonymous_3)
FNDA:18,(anonymous_4)
FNDA:2,(anonymous_5)
FNDA:0,(anonymous_6)
FNDA:3,(anonymous_7)
FNDA:7,(anonymous_8)
FNDA:3,(anonymous_9)
FNDA:10,(anonymous_10)
FNDA:45,(anonymous_11)
DA:1,3
DA:13,77
DA:14,77
DA:23,5
DA:24,5
DA:33,5
DA:34,5
DA:43,2
DA:53,18
DA:54,18
DA:55,0
DA:57,18
DA:65,2
DA:74,0
DA:83,3
DA:95,7
DA:105,3
DA:106,3
DA:117,10
DA:119,10
DA:121,4
DA:122,4
DA:125,6
DA:138,45
DA:139,45
DA:140,1
DA:144,44
DA:147,44
DA:148,44
DA:149,44
DA:150,44
DA:153,0
DA:157,44
DA:165,3
LF:34
LH:31
BRDA:14,0,0,74
BRDA:14,0,1,3
BRDA:24,1,0,0
BRDA:24,1,1,5
BRDA:34,2,0,3
BRDA:34,2,1,2
BRDA:54,3,0,0
BRDA:54,3,1,18
BRDA:105,4,0,0
BRDA:105,4,1,3
BRDA:119,5,0,4
BRDA:119,5,1,6
BRDA:139,6,0,1
BRDA:139,6,1,44
BRDA:148,7,0,44
BRDA:148,7,1,0
BRF:16
BRH:12
end_of_record
TN:
SF:api/routes/auth.js
FN:10,(anonymous_0)
FN:47,(anonymous_1)
FN:69,(anonymous_2)
FN:80,(anonymous_3)
FN:137,(anonymous_4)
FNF:5
FNH:5
FNDA:16,(anonymous_0)
FNDA:1,(anonymous_1)
FNDA:1,(anonymous_2)
FNDA:4,(anonymous_3)
FNDA:7,(anonymous_4)
DA:1,2
DA:2,2
DA:3,2
DA:4,2
DA:10,2
DA:11,16
DA:12,16
DA:14,16
DA:15,1
DA:23,15
DA:25,14
DA:30,1
DA:31,1
DA:38,0
DA:47,2
DA:48,1
DA:49,1
DA:50,1
DA:52,0
DA:53,0
DA:60,0
DA:69,2
DA:70,1
DA:80,2
DA:81,4
DA:82,4
DA:84,4
DA:85,1
DA:93,3
DA:99,1
DA:104,2
DA:105,1
DA:112,1
DA:113,0
DA:120,1
DA:121,1
DA:128,0
DA:137,2
DA:138,7
DA:139,7
DA:141,7
DA:142,1
DA:150,6
DA:155,2
DA:160,4
DA:161,0
DA:168,4
DA:172,4
DA:179,0
DA:183,2
LF:50
LH:42
BRDA:14,0,0,1
BRDA:14,0,1,15
BRDA:14,1,0,16
BRDA:14,1,1,16
BRDA:30,2,0,1
BRDA:30,2,1,0
BRDA:52,3,0,0
BRDA:52,3,1,0
BRDA:84,4,0,1
BRDA:84,4,1,3
BRDA:84,5,0,4
BRDA:84,5,1,4
BRDA:104,6,0,1
BRDA:104,6,1,1
BRDA:112,7,0,0
BRDA:112,7,1,1
BRDA:120,8,0,1
BRDA:120,8,1,0
BRDA:141,9,0,1
BRDA:141,9,1,6
BRDA:141,10,0,7
BRDA:141,10,1,1
BRDA:160,11,0,0
BRDA:160,11,1,4
BRDA:168,12,0,4
BRDA:168,12,1,0
BRDA:168,13,0,4
BRDA:168,13,1,2
BRDA:168,13,2,2
BRDA:168,13,3,1
BRF:30
BRH:23
end_of_record
TN:
SF:api/routes/token.js
FN:11,(anonymous_0)
FN:35,(anonymous_1)
FNF:2
FNH:2
FNDA:18,(anonymous_0)
FNDA:1,(anonymous_1)
DA:1,2
DA:2,2
DA:3,2
DA:4,2
DA:11,2
DA:12,18
DA:13,18
DA:15,18
DA:16,0
DA:24,18
DA:26,0
DA:35,2
DA:36,1
DA:37,1
DA:38,1
DA:43,0
DA:47,2
LF:17
LH:14
BRDA:15,0,0,0
BRDA:15,0,1,18
BRF:2
BRH:1
end_of_record
TN:
SF:api/routes/worker.js
FN:10,(anonymous_0)
FN:80,(anonymous_1)
FN:113,(anonymous_2)
FN:157,(anonymous_3)
FN:162,(anonymous_4)
FN:183,(anonymous_5)
FNF:6
FNH:6
FNDA:5,(anonymous_0)
FNDA:2,(anonymous_1)
FNDA:3,(anonymous_2)
FNDA:2,(anonymous_3)
FNDA:25,(anonymous_4)
FNDA:3,(anonymous_5)
DA:1,2
DA:2,2
DA:3,2
DA:10,2
DA:11,5
DA:12,5
DA:14,5
DA:15,1
DA:26,4
DA:27,4
DA:30,4
DA:33,1
DA:40,1
DA:45,1
DA:46,1
DA:49,4
DA:51,3
DA:64,1
DA:65,1
DA:72,0
DA:80,2
DA:81,2
DA:82,2
DA:84,2
DA:86,1
DA:97,1
DA:98,1
DA:105,0
DA:113,2
DA:114,3
DA:115,3
DA:116,3
DA:118,3
DA:119,1
DA:127,2
DA:129,1
DA:140,1
DA:141,1
DA:148,0
DA:157,2
DA:158,2
DA:159,2
DA:161,2
DA:162,25
DA:174,0
DA:183,2
DA:184,3
DA:185,3
DA:187,3
DA:189,2
DA:203,1
DA:204,1
DA:211,0
DA:215,2
LF:54
LH:49
BRDA:14,0,0,1
BRDA:14,0,1,4
BRDA:30,1,0,1
BRDA:30,1,1,3
BRDA:30,2,0,4
BRDA:30,2,1,3
BRDA:33,3,0,1
BRDA:33,3,1,0
BRDA:33,3,2,0
BRDA:33,3,3,0
BRDA:33,3,4,0
BRDA:40,4,0,1
BRDA:40,4,1,1
BRDA:40,4,2,0
BRDA:40,4,3,0
BRDA:45,5,0,1
BRDA:45,5,1,1
BRDA:46,6,0,1
BRDA:46,6,1,1
BRDA:49,7,0,4
BRDA:49,7,1,0
BRDA:64,8,0,1
BRDA:64,8,1,0
BRDA:97,9,0,1
BRDA:97,9,1,0
BRDA:118,10,0,1
BRDA:118,10,1,2
BRDA:140,11,0,1
BRDA:140,11,1,0
BRDA:203,12,0,1
BRDA:203,12,1,0
BRF:31
BRH:20
end_of_record
TN:
SF:api/services/JWTService.js
FN:15,(anonymous_0)
FN:34,(anonymous_1)
FN:52,(anonymous_2)
FNF:3
FNH:3
FNDA:18,(anonymous_0)
FNDA:35,(anonymous_1)
FNDA:1,(anonymous_2)
DA:1,2
DA:3,2
DA:4,2
DA:16,18
DA:23,18
DA:35,35
DA:36,35
DA:38,2
DA:39,0
DA:40,2
DA:41,2
DA:43,0
DA:53,1
DA:57,2
LF:14
LH:12
BRDA:3,0,0,2
BRDA:3,0,1,0
BRDA:4,1,0,2
BRDA:4,1,1,0
BRDA:38,2,0,0
BRDA:38,2,1,2
BRDA:40,3,0,2
BRDA:40,3,1,0
BRF:8
BRH:4
end_of_record
TN:
SF:api/services/TokenService.js
FN:9,(anonymous_0)
FN:17,(anonymous_1)
FN:37,(anonymous_2)
FN:61,(anonymous_3)
FN:71,(anonymous_4)
FNF:5
FNH:5
FNDA:4,(anonymous_0)
FNDA:17,(anonymous_1)
FNDA:14,(anonymous_2)
FNDA:22,(anonymous_3)
FNDA:3,(anonymous_4)
DA:1,4
DA:2,4
DA:3,4
DA:10,4
DA:18,17
DA:21,17
DA:23,17
DA:29,17
DA:38,14
DA:40,14
DA:41,4
DA:44,10
DA:47,10
DA:48,1
DA:49,1
DA:50,1
DA:54,9
DA:62,22
DA:63,22
DA:73,3
DA:76,3
DA:80,4
LF:22
LH:22
BRDA:40,0,0,4
BRDA:40,0,1,10
BRDA:47,1,0,1
BRDA:47,1,1,9
BRDA:49,2,0,1
BRDA:49,2,1,0
BRDA:63,3,0,20
BRDA:63,3,1,2
BRF:8
BRH:7
end_of_record
TN:
SF:api/services/UserService.js
FN:9,(anonymous_0)
FN:21,(anonymous_1)
FN:53,(anonymous_2)
FN:75,(anonymous_3)
FN:98,(anonymous_4)
FN:142,(anonymous_5)
FNF:6
FNH:5
FNDA:2,(anonymous_0)
FNDA:18,(anonymous_1)
FNDA:3,(anonymous_2)
FNDA:0,(anonymous_3)
FNDA:7,(anonymous_4)
FNDA:17,(anonymous_5)
DA:1,2
DA:2,2
DA:3,2
DA:10,2
DA:11,2
DA:22,18
DA:24,18
DA:25,1
DA:28,17
DA:30,17
DA:31,2
DA:34,15
DA:36,15
DA:54,3
DA:56,3
DA:57,1
DA:60,2
DA:77,0
DA:78,0
DA:79,0
DA:82,0
DA:83,0
DA:84,0
DA:87,0
DA:100,7
DA:102,7
DA:103,1
DA:107,6
DA:109,6
DA:110,2
DA:114,4
DA:115,2
DA:119,2
DA:122,2
DA:127,2
DA:144,17
DA:146,17
DA:147,1
DA:150,16
DA:153,16
DA:154,16
DA:156,16
DA:157,1
DA:160,15
DA:161,2
DA:165,13
DA:166,5
DA:167,5
DA:168,2
DA:170,3
DA:175,11
DA:176,11
DA:178,11
DA:179,1
DA:183,10
DA:184,10
DA:185,2
DA:189,8
DA:190,6
DA:191,6
DA:192,2
DA:194,4
DA:199,6
DA:200,1
DA:209,5
DA:212,5
DA:215,5
DA:224,2
LF:68
LH:61
BRDA:24,0,0,1
BRDA:24,0,1,17
BRDA:30,1,0,2
BRDA:30,1,1,15
BRDA:56,2,0,1
BRDA:56,2,1,2
BRDA:78,3,0,0
BRDA:78,3,1,0
BRDA:83,4,0,0
BRDA:83,4,1,0
BRDA:102,5,0,1
BRDA:102,5,1,6
BRDA:109,6,0,2
BRDA:109,6,1,4
BRDA:114,7,0,2
BRDA:114,7,1,2
BRDA:114,8,0,4
BRDA:114,8,1,4
BRDA:146,9,0,1
BRDA:146,9,1,16
BRDA:153,10,0,16
BRDA:153,10,1,0
BRDA:156,11,0,1
BRDA:156,11,1,15
BRDA:160,12,0,2
BRDA:160,12,1,13
BRDA:165,13,0,5
BRDA:165,13,1,8
BRDA:167,14,0,2
BRDA:167,14,1,3
BRDA:175,15,0,11
BRDA:175,15,1,0
BRDA:178,16,0,1
BRDA:178,16,1,10
BRDA:184,17,0,2
BRDA:184,17,1,8
BRDA:189,18,0,6
BRDA:189,18,1,2
BRDA:191,19,0,2
BRDA:191,19,1,4
BRDA:199,20,0,1
BRDA:199,20,1,5
BRF:42
BRH:36
end_of_record
TN:
SF:api/services/WorkerService.js
FN:8,(anonymous_0)
FN:23,(anonymous_1)
FN:123,(anonymous_2)
FN:144,(anonymous_3)
FN:174,(anonymous_4)
FN:188,(anonymous_5)
FN:193,(anonymous_6)
FN:206,(anonymous_7)
FN:211,(anonymous_8)
FN:225,(anonymous_9)
FNF:10
FNH:8
FNDA:3,(anonymous_0)
FNDA:8,(anonymous_1)
FNDA:4,(anonymous_2)
FNDA:4,(anonymous_3)
FNDA:3,(anonymous_4)
FNDA:2,(anonymous_5)
FNDA:25,(anonymous_6)
FNDA:0,(anonymous_7)
FNDA:0,(anonymous_8)
FNDA:4,(anonymous_9)
DA:1,3
DA:2,3
DA:9,3
DA:10,3
DA:25,8
DA:26,8
DA:27,1
DA:31,7
DA:32,2
DA:33,2
DA:34,2
DA:36,2
DA:45,2
DA:47,2
DA:55,2
DA:59,0
DA:64,5
DA:65,5
DA:68,5
DA:69,3
DA:72,3
DA:81,3
DA:83,3
DA:91,3
DA:95,2
DA:104,2
DA:106,2
DA:114,2
DA:124,4
DA:126,4
DA:127,1
DA:131,3
DA:132,3
DA:134,3
DA:145,4
DA:147,4
DA:148,1
DA:152,3
DA:155,3
DA:157,3
DA:165,3
DA:175,3
DA:177,3
DA:178,1
DA:181,2
DA:189,2
DA:192,2
DA:194,25
DA:198,2
DA:207,0
DA:210,0
DA:212,0
DA:216,0
DA:226,4
DA:228,4
DA:229,0
DA:232,4
DA:233,4
DA:237,3
LF:59
LH:53
BRDA:23,0,0,0
BRDA:23,1,0,3
BRDA:26,2,0,1
BRDA:26,2,1,7
BRDA:31,3,0,2
BRDA:31,3,1,5
BRDA:34,4,0,2
BRDA:34,4,1,0
BRDA:45,5,0,2
BRDA:45,5,1,0
BRDA:45,6,0,2
BRDA:45,6,1,0
BRDA:45,6,2,0
BRDA:45,6,3,0
BRDA:48,7,0,2
BRDA:48,7,1,0
BRDA:49,8,0,2
BRDA:49,8,1,1
BRDA:50,9,0,2
BRDA:50,9,1,2
BRDA:51,10,0,2
BRDA:51,10,1,2
BRDA:68,11,0,3
BRDA:68,11,1,2
BRDA:68,12,0,5
BRDA:68,12,1,5
BRDA:69,13,0,3
BRDA:69,13,1,3
BRDA:81,14,0,3
BRDA:81,14,1,0
BRDA:81,15,0,3
BRDA:81,15,1,0
BRDA:81,15,2,0
BRDA:81,15,3,0
BRDA:84,16,0,3
BRDA:84,16,1,0
BRDA:85,17,0,3
BRDA:85,17,1,0
BRDA:86,18,0,3
BRDA:86,18,1,2
BRDA:87,19,0,3
BRDA:87,19,1,2
BRDA:104,20,0,2
BRDA:104,20,1,0
BRDA:104,21,0,2
BRDA:104,21,1,0
BRDA:104,21,2,0
BRDA:104,21,3,0
BRDA:107,22,0,2
BRDA:107,22,1,0
BRDA:108,23,0,2
BRDA:108,23,1,1
BRDA:109,24,0,2
BRDA:109,24,1,2
BRDA:110,25,0,2
BRDA:110,25,1,2
BRDA:126,26,0,1
BRDA:126,26,1,3
BRDA:147,27,0,1
BRDA:147,27,1,3
BRDA:155,28,0,3
BRDA:155,28,1,0
BRDA:155,29,0,3
BRDA:155,29,1,0
BRDA:155,29,2,0
BRDA:155,29,3,0
BRDA:177,30,0,1
BRDA:177,30,1,2
BRDA:228,31,0,0
BRDA:228,31,1,4
BRF:70
BRH:47
end_of_record
TN:
SF:api/services/WorkerSocketService.js
FN:9,(anonymous_0)
FN:22,(anonymous_1)
FN:31,(anonymous_2)
FN:35,(anonymous_3)
FN:76,(anonymous_4)
FN:140,(anonymous_5)
FN:163,(anonymous_6)
FN:192,(anonymous_7)
FN:198,(anonymous_8)
FN:203,(anonymous_9)
FN:212,(anonymous_10)
FN:220,(anonymous_11)
FN:234,(anonymous_12)
FN:240,(anonymous_13)
FN:317,(anonymous_14)
FN:326,(anonymous_15)
FN:336,(anonymous_16)
FN:348,(anonymous_17)
FNF:18
FNH:9
FNDA:3,(anonymous_0)
FNDA:4,(anonymous_1)
FNDA:4,(anonymous_2)
FNDA:4,(anonymous_3)
FNDA:2,(anonymous_4)
FNDA:0,(anonymous_5)
FNDA:4,(anonymous_6)
FNDA:0,(anonymous_7)
FNDA:3,(anonymous_8)
FNDA:0,(anonymous_9)
FNDA:0,(anonymous_10)
FNDA:3,(anonymous_11)
FNDA:4,(anonymous_12)
FNDA:0,(anonymous_13)
FNDA:0,(anonymous_14)
FNDA:0,(anonymous_15)
FNDA:0,(anonymous_16)
FNDA:0,(anonymous_17)
DA:1,3
DA:2,3
DA:3,3
DA:10,3
DA:11,3
DA:12,3
DA:13,3
DA:14,3
DA:15,3
DA:23,4
DA:31,4
DA:32,4
DA:35,4
DA:36,4
DA:37,4
DA:39,4
DA:40,0
DA:41,0
DA:45,4
DA:54,4
DA:55,4
DA:58,4
DA:66,4
DA:68,4
DA:70,0
DA:71,0
DA:76,4
DA:77,2
DA:78,2
DA:79,0
DA:80,0
DA:83,2
DA:85,2
DA:88,2
DA:91,2
DA:92,2
DA:93,2
DA:101,2
DA:118,2
DA:128,2
DA:129,2
DA:132,2
DA:134,0
DA:135,0
DA:140,4
DA:141,0
DA:142,0
DA:143,0
DA:144,0
DA:147,0
DA:148,0
DA:149,0
DA:152,0
DA:157,0
DA:158,0
DA:163,4
DA:164,4
DA:166,4
DA:167,4
DA:169,4
DA:171,4
DA:174,4
DA:179,4
DA:183,4
DA:184,4
DA:185,4
DA:187,0
DA:192,4
DA:193,0
DA:198,4
DA:199,3
DA:200,3
DA:203,3
DA:204,0
DA:205,0
DA:206,0
DA:207,0
DA:212,3
DA:213,0
DA:214,0
DA:215,0
DA:216,0
DA:220,3
DA:221,3
DA:226,4
DA:228,4
DA:235,4
DA:236,3
DA:240,4
DA:241,0
DA:244,0
DA:245,0
DA:246,0
DA:248,0
DA:249,0
DA:251,0
DA:253,0
DA:256,0
DA:263,0
DA:264,0
DA:267,0
DA:268,0
DA:269,0
DA:270,0
DA:274,0
DA:280,0
DA:281,0
DA:282,0
DA:284,0
DA:285,0
DA:289,0
DA:290,0
DA:291,0
DA:294,0
DA:295,0
DA:296,0
DA:299,0
DA:308,0
DA:318,0
DA:327,0
DA:337,0
DA:338,0
DA:339,0
DA:349,0
DA:350,0
DA:355,3
LF:126
LH:62
BRDA:25,0,0,4
BRDA:25,0,1,4
BRDA:39,1,0,0
BRDA:39,1,1,4
BRDA:49,2,0,4
BRDA:49,2,1,0
BRDA:50,3,0,4
BRDA:50,3,1,3
BRDA:78,4,0,0
BRDA:78,4,1,2
BRDA:91,5,0,2
BRDA:91,5,1,0
BRDA:113,6,0,2
BRDA:113,6,1,2
BRDA:126,7,0,2
BRDA:126,7,1,2
BRDA:142,8,0,0
BRDA:142,8,1,0
BRDA:166,9,0,4
BRDA:166,9,1,0
BRDA:205,10,0,0
BRDA:205,10,1,0
BRDA:214,11,0,0
BRDA:214,11,1,0
BRDA:235,12,0,3
BRDA:235,12,1,1
BRDA:248,13,0,0
BRDA:248,13,1,0
BRDA:268,14,0,0
BRDA:268,14,1,0
BRDA:284,15,0,0
BRDA:284,15,1,0
BRDA:289,16,0,0
BRDA:289,16,1,0
BRDA:289,17,0,0
BRDA:289,17,1,0
BRDA:294,18,0,0
BRDA:294,18,1,0
BRDA:338,19,0,0
BRDA:338,19,1,0
BRDA:349,20,0,0
BRDA:349,20,1,0
BRF:42
BRH:15
end_of_record
TN:
SF:api/utils/db.js
FNF:0
FNH:0
DA:1,5
DA:2,5
DA:3,5
DA:6,5
DA:7,5
DA:8,0
DA:11,5
DA:16,5
DA:18,5
DA:24,5
LF:10
LH:9
BRDA:7,0,0,0
BRDA:7,0,1,5
BRDA:11,1,0,5
BRDA:11,1,1,0
BRDA:16,2,0,5
BRDA:16,2,1,5
BRDA:21,3,0,0
BRDA:21,3,1,5
BRF:8
BRH:5
end_of_record
TN:
SF:api/utils/dbInit.js
FN:6,initializeDatabase
FNF:1
FNH:1
FNDA:5,initializeDatabase
DA:1,5
DA:7,5
DA:10,5
DA:11,5
DA:13,0
DA:14,0
DA:18,5
LF:7
LH:5
BRF:0
BRH:0
end_of_record
TN:
SF:api/utils/password.js
FN:10,hashPassword
FN:20,comparePassword
FNF:2
FNH:2
FNDA:40,hashPassword
FNDA:24,comparePassword
DA:1,3
DA:3,3
DA:11,40
DA:21,24
DA:24,3
LF:5
LH:5
BRF:0
BRH:0
end_of_record
