TN:
SF:index.js
FN:34,(anonymous_0)
FN:61,getDeviceInfo
FN:103,registerWorker
FN:231,sendHeartbeat
FN:270,startWebSocketHeartbeat
FN:275,(anonymous_5)
FN:285,checkAndUpdateResources
FN:346,startHeartbeatLoop
FN:351,(anonymous_8)
FN:361,startResourceCheckLoop
FN:366,(anonymous_10)
FN:376,checkDeploymentInstructions
FN:401,startDeploymentCheckLoop
FN:406,(anonymous_13)
FN:416,monitorServiceStatus
FN:436,startServiceStatusMonitoring
FN:441,(anonymous_16)
FN:451,checkDockerConnection
FN:468,gracefulShutdown
FN:508,(anonymous_19)
FN:517,(anonymous_20)
FN:548,(anonymous_21)
FN:594,(anonymous_22)
FN:612,(anonymous_23)
FN:630,(anonymous_24)
FN:649,(anonymous_25)
FN:678,(anonymous_26)
FN:682,(anonymous_27)
FNF:28
FNH:0
FNDA:0,(anonymous_0)
FNDA:0,getDeviceInfo
FNDA:0,registerWorker
FNDA:0,sendHeartbeat
FNDA:0,startWebSocketHeartbeat
FNDA:0,(anonymous_5)
FNDA:0,checkAndUpdateResources
FNDA:0,startHeartbeatLoop
FNDA:0,(anonymous_8)
FNDA:0,startResourceCheckLoop
FNDA:0,(anonymous_10)
FNDA:0,checkDeploymentInstructions
FNDA:0,startDeploymentCheckLoop
FNDA:0,(anonymous_13)
FNDA:0,monitorServiceStatus
FNDA:0,startServiceStatusMonitoring
FNDA:0,(anonymous_16)
FNDA:0,checkDockerConnection
FNDA:0,gracefulShutdown
FNDA:0,(anonymous_19)
FNDA:0,(anonymous_20)
FNDA:0,(anonymous_21)
FNDA:0,(anonymous_22)
FNDA:0,(anonymous_23)
FNDA:0,(anonymous_24)
FNDA:0,(anonymous_25)
FNDA:0,(anonymous_26)
FNDA:0,(anonymous_27)
DA:1,0
DA:2,0
DA:3,0
DA:4,0
DA:5,0
DA:6,0
DA:7,0
DA:8,0
DA:9,0
DA:10,0
DA:12,0
DA:13,0
DA:16,0
DA:17,0
DA:18,0
DA:19,0
DA:20,0
DA:21,0
DA:24,0
DA:25,0
DA:28,0
DA:29,0
DA:30,0
DA:31,0
DA:34,0
DA:35,0
DA:36,0
DA:37,0
DA:41,0
DA:42,0
DA:43,0
DA:44,0
DA:45,0
DA:46,0
DA:47,0
DA:48,0
DA:49,0
DA:52,0
DA:53,0
DA:63,0
DA:64,0
DA:66,0
DA:67,0
DA:68,0
DA:72,0
DA:74,0
DA:75,0
DA:78,0
DA:80,0
DA:81,0
DA:83,0
DA:84,0
DA:86,0
DA:87,0
DA:88,0
DA:89,0
DA:92,0
DA:94,0
DA:97,0
DA:104,0
DA:105,0
DA:106,0
DA:109,0
DA:111,0
DA:112,0
DA:113,0
DA:115,0
DA:116,0
DA:117,0
DA:119,0
DA:122,0
DA:123,0
DA:127,0
DA:128,0
DA:131,0
DA:134,0
DA:142,0
DA:144,0
DA:145,0
DA:146,0
DA:147,0
DA:152,0
DA:153,0
DA:154,0
DA:157,0
DA:158,0
DA:162,0
DA:163,0
DA:166,0
DA:167,0
DA:170,0
DA:178,0
DA:179,0
DA:187,0
DA:192,0
DA:195,0
DA:196,0
DA:198,0
DA:199,0
DA:200,0
DA:201,0
DA:202,0
DA:204,0
DA:205,0
DA:208,0
DA:210,0
DA:212,0
DA:213,0
DA:215,0
DA:216,0
DA:217,0
DA:221,0
DA:222,0
DA:223,0
DA:224,0
DA:232,0
DA:233,0
DA:236,0
DA:238,0
DA:241,0
DA:254,0
DA:256,0
DA:259,0
DA:260,0
DA:261,0
DA:262,0
DA:271,0
DA:272,0
DA:275,0
DA:276,0
DA:279,0
DA:286,0
DA:287,0
DA:290,0
DA:291,0
DA:294,0
DA:295,0
DA:296,0
DA:298,0
DA:300,0
DA:305,0
DA:306,0
DA:315,0
DA:316,0
DA:324,0
DA:325,0
DA:329,0
DA:330,0
DA:332,0
DA:335,0
DA:336,0
DA:337,0
DA:338,0
DA:347,0
DA:348,0
DA:351,0
DA:352,0
DA:355,0
DA:362,0
DA:363,0
DA:366,0
DA:367,0
DA:370,0
DA:377,0
DA:378,0
DA:381,0
DA:382,0
DA:384,0
DA:385,0
DA:386,0
DA:387,0
DA:392,0
DA:393,0
DA:402,0
DA:403,0
DA:406,0
DA:407,0
DA:410,0
DA:417,0
DA:418,0
DA:421,0
DA:422,0
DA:424,0
DA:425,0
DA:426,0
DA:429,0
DA:437,0
DA:438,0
DA:441,0
DA:442,0
DA:445,0
DA:452,0
DA:453,0
DA:454,0
DA:455,0
DA:457,0
DA:460,0
DA:461,0
DA:469,0
DA:471,0
DA:472,0
DA:475,0
DA:476,0
DA:479,0
DA:480,0
DA:483,0
DA:484,0
DA:488,0
DA:489,0
DA:490,0
DA:491,0
DA:492,0
DA:493,0
DA:494,0
DA:495,0
DA:497,0
DA:502,0
DA:507,0
DA:508,0
DA:509,0
DA:512,0
DA:517,0
DA:518,0
DA:519,0
DA:521,0
DA:539,0
DA:548,0
DA:549,0
DA:550,0
DA:551,0
DA:553,0
DA:554,0
DA:555,0
DA:557,0
DA:561,0
DA:586,0
DA:594,0
DA:595,0
DA:596,0
DA:597,0
DA:603,0
DA:604,0
DA:606,0
DA:612,0
DA:613,0
DA:614,0
DA:615,0
DA:620,0
DA:621,0
DA:622,0
DA:624,0
DA:630,0
DA:631,0
DA:632,0
DA:633,0
DA:638,0
DA:639,0
DA:640,0
DA:642,0
DA:649,0
DA:650,0
DA:651,0
DA:652,0
DA:653,0
DA:656,0
DA:659,0
DA:661,0
DA:664,0
DA:665,0
DA:666,0
DA:668,0
DA:669,0
DA:674,0
DA:675,0
DA:678,0
DA:679,0
DA:682,0
DA:683,0
DA:684,0
LF:279
LH:0
BRDA:13,0,0,0
BRDA:13,0,1,0
BRDA:16,1,0,0
BRDA:16,1,1,0
BRDA:18,2,0,0
BRDA:18,2,1,0
BRDA:19,3,0,0
BRDA:19,3,1,0
BRDA:20,4,0,0
BRDA:20,4,1,0
BRDA:21,5,0,0
BRDA:21,5,1,0
BRDA:66,6,0,0
BRDA:66,6,1,0
BRDA:66,7,0,0
BRDA:66,7,1,0
BRDA:74,8,0,0
BRDA:74,8,1,0
BRDA:78,9,0,0
BRDA:78,9,1,0
BRDA:83,10,0,0
BRDA:83,10,1,0
BRDA:83,11,0,0
BRDA:83,11,1,0
BRDA:83,11,2,0
BRDA:87,12,0,0
BRDA:87,12,1,0
BRDA:87,13,0,0
BRDA:87,13,1,0
BRDA:92,14,0,0
BRDA:92,14,1,0
BRDA:94,15,0,0
BRDA:94,15,1,0
BRDA:104,16,0,0
BRDA:104,16,1,0
BRDA:115,17,0,0
BRDA:115,17,1,0
BRDA:122,18,0,0
BRDA:122,18,1,0
BRDA:152,19,0,0
BRDA:152,19,1,0
BRDA:157,20,0,0
BRDA:157,20,1,0
BRDA:198,21,0,0
BRDA:198,21,1,0
BRDA:215,22,0,0
BRDA:215,22,1,0
BRDA:232,23,0,0
BRDA:232,23,1,0
BRDA:232,24,0,0
BRDA:232,24,1,0
BRDA:259,25,0,0
BRDA:259,25,1,0
BRDA:271,26,0,0
BRDA:271,26,1,0
BRDA:286,27,0,0
BRDA:286,27,1,0
BRDA:294,28,0,0
BRDA:294,28,1,0
BRDA:298,29,0,0
BRDA:298,29,1,0
BRDA:298,30,0,0
BRDA:298,30,1,0
BRDA:298,30,2,0
BRDA:305,31,0,0
BRDA:305,31,1,0
BRDA:324,32,0,0
BRDA:324,32,1,0
BRDA:335,33,0,0
BRDA:335,33,1,0
BRDA:335,34,0,0
BRDA:335,34,1,0
BRDA:347,35,0,0
BRDA:347,35,1,0
BRDA:362,36,0,0
BRDA:362,36,1,0
BRDA:377,37,0,0
BRDA:377,37,1,0
BRDA:384,38,0,0
BRDA:384,38,1,0
BRDA:384,39,0,0
BRDA:384,39,1,0
BRDA:392,40,0,0
BRDA:392,40,1,0
BRDA:402,41,0,0
BRDA:402,41,1,0
BRDA:417,42,0,0
BRDA:417,42,1,0
BRDA:425,43,0,0
BRDA:425,43,1,0
BRDA:437,44,0,0
BRDA:437,44,1,0
BRDA:454,45,0,0
BRDA:454,45,1,0
BRDA:471,46,0,0
BRDA:471,46,1,0
BRDA:475,47,0,0
BRDA:475,47,1,0
BRDA:479,48,0,0
BRDA:479,48,1,0
BRDA:483,49,0,0
BRDA:483,49,1,0
BRDA:488,50,0,0
BRDA:488,50,1,0
BRDA:492,51,0,0
BRDA:492,51,1,0
BRDA:507,52,0,0
BRDA:507,52,1,0
BRDA:522,53,0,0
BRDA:522,53,1,0
BRDA:523,54,0,0
BRDA:523,54,1,0
BRDA:524,55,0,0
BRDA:524,55,1,0
BRDA:527,56,0,0
BRDA:527,56,1,0
BRDA:553,57,0,0
BRDA:553,57,1,0
BRDA:563,58,0,0
BRDA:563,58,1,0
BRDA:564,59,0,0
BRDA:564,59,1,0
BRDA:596,60,0,0
BRDA:596,60,1,0
BRDA:614,61,0,0
BRDA:614,61,1,0
BRDA:632,62,0,0
BRDA:632,62,1,0
BRDA:651,63,0,0
BRDA:651,63,1,0
BRDA:661,64,0,0
BRDA:661,64,1,0
BRF:132
BRH:0
end_of_record
TN:
SF:api/services/ConductorService.js
FN:7,(anonymous_0)
FN:18,(anonymous_1)
FN:44,(anonymous_2)
FN:69,(anonymous_3)
FN:98,(anonymous_4)
FN:127,(anonymous_5)
FN:151,(anonymous_6)
FN:172,(anonymous_7)
FN:180,(anonymous_8)
FNF:9
FNH:7
FNDA:39,(anonymous_0)
FNDA:4,(anonymous_1)
FNDA:16,(anonymous_2)
FNDA:10,(anonymous_3)
FNDA:7,(anonymous_4)
FNDA:0,(anonymous_5)
FNDA:0,(anonymous_6)
FNDA:11,(anonymous_7)
FNDA:12,(anonymous_8)
DA:1,3
DA:8,39
DA:9,39
DA:19,4
DA:20,4
DA:24,1
DA:26,3
DA:27,1
DA:30,2
DA:45,16
DA:46,16
DA:54,11
DA:55,11
DA:57,5
DA:58,4
DA:60,1
DA:70,10
DA:71,2
DA:74,8
DA:75,8
DA:78,2
DA:80,6
DA:82,5
DA:83,4
DA:84,4
DA:86,1
DA:88,1
DA:99,7
DA:100,2
DA:103,5
DA:104,5
DA:108,2
DA:110,3
DA:112,2
DA:113,1
DA:114,1
DA:116,1
DA:118,1
DA:128,0
DA:129,0
DA:132,0
DA:135,0
DA:137,0
DA:138,0
DA:140,0
DA:152,0
DA:153,0
DA:156,0
DA:159,0
DA:161,0
DA:162,0
DA:164,0
DA:173,11
DA:181,12
DA:185,3
LF:55
LH:41
BRDA:26,0,0,1
BRDA:26,0,1,2
BRDA:26,1,0,3
BRDA:26,1,1,2
BRDA:44,2,0,13
BRDA:57,3,0,4
BRDA:57,3,1,1
BRDA:58,4,0,4
BRDA:58,4,1,0
BRDA:70,5,0,2
BRDA:70,5,1,8
BRDA:80,6,0,5
BRDA:80,6,1,1
BRDA:82,7,0,4
BRDA:82,7,1,1
BRDA:86,8,0,1
BRDA:86,8,1,1
BRDA:99,9,0,2
BRDA:99,9,1,5
BRDA:110,10,0,2
BRDA:110,10,1,1
BRDA:112,11,0,1
BRDA:112,11,1,1
BRDA:116,12,0,1
BRDA:116,12,1,0
BRDA:128,13,0,0
BRDA:128,13,1,0
BRDA:137,14,0,0
BRDA:137,14,1,0
BRDA:138,15,0,0
BRDA:138,15,1,0
BRDA:152,16,0,0
BRDA:152,16,1,0
BRDA:161,17,0,0
BRDA:161,17,1,0
BRDA:162,18,0,0
BRDA:162,18,1,0
BRF:37
BRH:23
end_of_record
TN:
SF:api/services/ConductorSocketService.js
FN:7,(anonymous_0)
FN:22,(anonymous_1)
FN:30,(anonymous_2)
FN:31,(anonymous_3)
FN:49,(anonymous_4)
FN:69,(anonymous_5)
FN:75,(anonymous_6)
FN:83,(anonymous_7)
FN:88,(anonymous_8)
FN:92,(anonymous_9)
FN:107,(anonymous_10)
FN:108,(anonymous_11)
FN:114,(anonymous_12)
FN:118,(anonymous_13)
FN:129,(anonymous_14)
FN:148,(anonymous_15)
FN:161,(anonymous_16)
FN:170,(anonymous_17)
FN:182,(anonymous_18)
FN:190,(anonymous_19)
FNF:20
FNH:9
FNDA:3,(anonymous_0)
FNDA:3,(anonymous_1)
FNDA:1,(anonymous_2)
FNDA:1,(anonymous_3)
FNDA:1,(anonymous_4)
FNDA:0,(anonymous_5)
FNDA:0,(anonymous_6)
FNDA:0,(anonymous_7)
FNDA:0,(anonymous_8)
FNDA:0,(anonymous_9)
FNDA:1,(anonymous_10)
FNDA:1,(anonymous_11)
FNDA:0,(anonymous_12)
FNDA:1,(anonymous_13)
FNDA:0,(anonymous_14)
FNDA:0,(anonymous_15)
FNDA:0,(anonymous_16)
FNDA:0,(anonymous_17)
FNDA:1,(anonymous_18)
FNDA:0,(anonymous_19)
DA:1,1
DA:8,3
DA:9,3
DA:10,3
DA:11,3
DA:12,3
DA:13,3
DA:14,3
DA:15,3
DA:23,3
DA:31,1
DA:32,1
DA:33,1
DA:36,1
DA:37,0
DA:40,1
DA:47,1
DA:49,1
DA:50,1
DA:51,1
DA:52,1
DA:53,1
DA:54,1
DA:57,1
DA:58,0
DA:59,0
DA:60,0
DA:61,0
DA:65,1
DA:69,1
DA:70,0
DA:71,0
DA:72,0
DA:75,1
DA:76,0
DA:77,0
DA:78,0
DA:79,0
DA:83,1
DA:84,0
DA:85,0
DA:88,1
DA:92,1
DA:93,0
DA:108,1
DA:109,1
DA:110,0
DA:111,0
DA:114,1
DA:115,0
DA:118,1
DA:119,1
DA:120,1
DA:121,1
DA:129,1
DA:130,0
DA:131,0
DA:134,1
DA:149,0
DA:150,0
DA:162,0
DA:163,0
DA:171,0
DA:172,0
DA:173,0
DA:174,0
DA:183,1
DA:191,0
DA:195,1
LF:69
LH:40
BRDA:36,0,0,0
BRDA:36,0,1,1
BRDA:51,1,0,1
BRDA:51,1,1,0
BRDA:57,2,0,0
BRDA:57,2,1,1
BRDA:60,3,0,0
BRDA:60,3,1,0
BRDA:78,4,0,0
BRDA:78,4,1,0
BRDA:107,5,0,0
BRDA:109,6,0,0
BRDA:109,6,1,1
BRDA:131,7,0,0
BRDA:131,7,1,0
BRDA:149,8,0,0
BRDA:149,8,1,0
BRDA:149,9,0,0
BRDA:149,9,1,0
BRDA:152,10,0,0
BRDA:152,10,1,0
BRDA:162,11,0,0
BRDA:162,11,1,0
BRDA:162,12,0,0
BRDA:162,12,1,0
BRDA:171,13,0,0
BRDA:171,13,1,0
BRF:27
BRH:4
end_of_record
TN:
SF:docker/ServiceManager.js
FN:10,(anonymous_0)
FN:27,(anonymous_1)
FN:36,(anonymous_2)
FN:39,(anonymous_3)
FN:40,(anonymous_4)
FN:60,(anonymous_5)
FN:115,(anonymous_6)
FN:152,(anonymous_7)
FN:184,(anonymous_8)
FN:224,(anonymous_9)
FN:230,(anonymous_10)
FN:231,(anonymous_11)
FN:269,(anonymous_12)
FN:295,(anonymous_13)
FN:323,(anonymous_14)
FN:355,(anonymous_15)
FN:372,(anonymous_16)
FNF:17
FNH:15
FNDA:2,(anonymous_0)
FNDA:11,(anonymous_1)
FNDA:11,(anonymous_2)
FNDA:7,(anonymous_3)
FNDA:7,(anonymous_4)
FNDA:3,(anonymous_5)
FNDA:3,(anonymous_6)
FNDA:1,(anonymous_7)
FNDA:2,(anonymous_8)
FNDA:1,(anonymous_9)
FNDA:1,(anonymous_10)
FNDA:1,(anonymous_11)
FNDA:0,(anonymous_12)
FNDA:1,(anonymous_13)
FNDA:0,(anonymous_14)
FNDA:2,(anonymous_15)
FNDA:6,(anonymous_16)
DA:1,2
DA:2,2
DA:3,2
DA:4,2
DA:13,2
DA:18,2
DA:19,2
DA:28,11
DA:37,11
DA:38,11
DA:39,11
DA:40,7
DA:43,11
DA:44,7
DA:46,4
DA:48,0
DA:49,0
DA:61,3
DA:62,3
DA:65,3
DA:67,3
DA:69,2
DA:70,2
DA:71,1
DA:75,1
DA:76,1
DA:77,1
DA:79,1
DA:88,1
DA:90,1
DA:91,1
DA:93,1
DA:94,1
DA:96,1
DA:103,1
DA:104,1
DA:105,1
DA:116,3
DA:117,3
DA:118,3
DA:120,3
DA:121,1
DA:124,2
DA:126,2
DA:127,1
DA:130,1
DA:131,1
DA:133,1
DA:140,2
DA:141,2
DA:142,2
DA:153,1
DA:154,1
DA:155,1
DA:157,1
DA:158,0
DA:161,1
DA:163,1
DA:165,1
DA:173,0
DA:174,0
DA:175,0
DA:185,2
DA:186,2
DA:187,2
DA:189,2
DA:190,1
DA:197,1
DA:199,1
DA:210,0
DA:211,0
DA:225,1
DA:226,1
DA:229,1
DA:230,1
DA:231,1
DA:234,1
DA:235,1
DA:236,1
DA:239,1
DA:243,1
DA:255,1
DA:257,0
DA:258,0
DA:270,0
DA:272,0
DA:275,0
DA:276,0
DA:277,0
DA:278,0
DA:282,0
DA:284,0
DA:285,0
DA:296,1
DA:298,1
DA:308,1
DA:309,1
DA:310,1
DA:312,1
DA:313,1
DA:314,1
DA:315,1
DA:322,1
DA:323,0
DA:324,0
DA:325,0
DA:327,0
DA:332,1
DA:333,0
DA:334,0
DA:335,0
DA:336,0
DA:340,1
DA:341,0
DA:348,1
DA:356,2
DA:357,2
DA:358,1
DA:360,1
DA:361,1
DA:373,6
DA:381,6
DA:382,1
DA:383,1
DA:386,5
DA:387,1
DA:388,1
DA:391,4
DA:392,0
DA:393,0
DA:394,4
DA:395,1
DA:396,1
DA:397,3
DA:398,0
DA:399,0
DA:400,3
DA:401,0
DA:402,0
DA:403,3
DA:404,0
DA:405,0
DA:407,3
DA:408,3
DA:411,6
DA:415,2
LF:146
LH:110
BRDA:40,0,0,7
BRDA:40,0,1,7
BRDA:43,1,0,7
BRDA:43,1,1,4
BRDA:67,2,0,2
BRDA:67,2,1,1
BRDA:70,3,0,1
BRDA:70,3,1,1
BRDA:120,4,0,1
BRDA:120,4,1,2
BRDA:126,5,0,1
BRDA:126,5,1,1
BRDA:157,6,0,0
BRDA:157,6,1,1
BRDA:189,7,0,1
BRDA:189,7,1,1
BRDA:207,8,0,1
BRDA:207,8,1,0
BRDA:231,9,0,1
BRDA:231,9,1,1
BRDA:277,10,0,0
BRDA:277,10,1,0
BRDA:299,11,0,1
BRDA:299,11,1,0
BRDA:299,11,2,0
BRDA:301,12,0,1
BRDA:301,12,1,0
BRDA:301,12,2,0
BRDA:308,13,0,1
BRDA:308,13,1,0
BRDA:322,14,0,0
BRDA:322,14,1,1
BRDA:324,15,0,0
BRDA:324,15,1,0
BRDA:332,16,0,0
BRDA:332,16,1,1
BRDA:333,17,0,0
BRDA:333,17,1,0
BRDA:334,18,0,0
BRDA:334,18,1,0
BRDA:335,19,0,0
BRDA:335,19,1,0
BRDA:336,20,0,0
BRDA:336,20,1,0
BRDA:340,21,0,0
BRDA:340,21,1,1
BRDA:372,22,0,0
BRDA:377,23,0,6
BRDA:377,23,1,4
BRDA:377,23,2,3
BRDA:381,24,0,1
BRDA:381,24,1,5
BRDA:383,25,0,1
BRDA:383,25,1,0
BRDA:386,26,0,1
BRDA:386,26,1,4
BRDA:388,27,0,1
BRDA:388,27,1,0
BRDA:389,28,0,1
BRDA:389,28,1,0
BRDA:391,29,0,0
BRDA:391,29,1,4
BRDA:394,30,0,1
BRDA:394,30,1,3
BRDA:394,31,0,4
BRDA:394,31,1,3
BRDA:397,32,0,0
BRDA:397,32,1,3
BRDA:400,33,0,0
BRDA:400,33,1,3
BRDA:403,34,0,0
BRDA:403,34,1,3
BRDA:403,35,0,3
BRDA:403,35,1,3
BRDA:408,36,0,3
BRDA:408,36,1,0
BRF:76
BRH:45
end_of_record
TN:
SF:services/DeploymentHandler.js
FN:8,(anonymous_0)
FN:20,(anonymous_1)
FN:81,(anonymous_2)
FN:118,(anonymous_3)
FN:142,(anonymous_4)
FN:167,(anonymous_5)
FN:191,(anonymous_6)
FN:227,(anonymous_7)
FN:254,(anonymous_8)
FN:268,(anonymous_9)
FN:280,(anonymous_10)
FN:303,(anonymous_11)
FNF:12
FNH:11
FNDA:11,(anonymous_0)
FNDA:9,(anonymous_1)
FNDA:5,(anonymous_2)
FNDA:1,(anonymous_3)
FNDA:1,(anonymous_4)
FNDA:1,(anonymous_5)
FNDA:1,(anonymous_6)
FNDA:4,(anonymous_7)
FNDA:0,(anonymous_8)
FNDA:9,(anonymous_9)
FNDA:1,(anonymous_10)
FNDA:1,(anonymous_11)
DA:1,1
DA:2,1
DA:9,11
DA:10,11
DA:11,11
DA:12,11
DA:21,9
DA:22,9
DA:24,9
DA:25,1
DA:30,8
DA:33,3
DA:34,2
DA:37,1
DA:38,1
DA:41,1
DA:42,1
DA:45,1
DA:46,1
DA:49,1
DA:50,1
DA:53,1
DA:57,6
DA:59,6
DA:61,3
DA:64,3
DA:71,3
DA:82,5
DA:83,5
DA:86,5
DA:87,1
DA:91,4
DA:92,4
DA:94,0
DA:98,4
DA:100,3
DA:101,3
DA:108,2
DA:109,2
DA:119,1
DA:120,1
DA:122,1
DA:124,1
DA:125,1
DA:132,0
DA:133,0
DA:143,1
DA:144,1
DA:146,1
DA:148,1
DA:149,1
DA:156,0
DA:157,0
DA:168,1
DA:169,1
DA:171,1
DA:173,1
DA:174,1
DA:181,0
DA:182,0
DA:192,1
DA:193,1
DA:196,1
DA:197,1
DA:203,1
DA:204,1
DA:206,1
DA:207,1
DA:210,1
DA:211,1
DA:217,0
DA:218,0
DA:228,4
DA:229,4
DA:230,4
DA:231,4
DA:233,4
DA:235,4
DA:236,0
DA:237,0
DA:240,4
DA:242,0
DA:243,0
DA:257,0
DA:258,0
DA:269,9
DA:270,9
DA:272,0
DA:281,1
DA:282,0
DA:285,1
DA:287,1
DA:288,1
DA:289,1
DA:290,1
DA:292,0
DA:296,1
DA:304,1
DA:305,1
DA:309,1
LF:100
LH:82
BRDA:24,0,0,1
BRDA:24,0,1,8
BRDA:24,1,0,9
BRDA:24,1,1,8
BRDA:30,2,0,3
BRDA:30,2,1,3
BRDA:30,2,2,1
BRDA:30,2,3,1
BRDA:30,2,4,1
BRDA:30,2,5,1
BRDA:30,2,6,1
BRDA:86,3,0,1
BRDA:86,3,1,4
BRDA:86,4,0,5
BRDA:86,4,1,5
BRDA:92,5,0,0
BRDA:92,5,1,4
BRDA:206,6,0,1
BRDA:206,6,1,0
BRDA:235,7,0,0
BRDA:235,7,1,4
BRDA:281,8,0,0
BRDA:281,8,1,1
BRDA:281,9,0,1
BRDA:281,9,1,1
BRF:25
BRH:21
end_of_record
TN:
SF:services/aerekos-record/index.js
FN:76,(anonymous_0)
FN:117,(anonymous_1)
FN:150,(anonymous_2)
FN:174,(anonymous_3)
FN:181,(anonymous_4)
FN:188,(anonymous_5)
FN:195,(anonymous_6)
FN:202,(anonymous_7)
FN:209,(anonymous_8)
FN:247,(anonymous_9)
FNF:10
FNH:0
FNDA:0,(anonymous_0)
FNDA:0,(anonymous_1)
FNDA:0,(anonymous_2)
FNDA:0,(anonymous_3)
FNDA:0,(anonymous_4)
FNDA:0,(anonymous_5)
FNDA:0,(anonymous_6)
FNDA:0,(anonymous_7)
FNDA:0,(anonymous_8)
FNDA:0,(anonymous_9)
DA:1,0
DA:2,0
DA:3,0
DA:4,0
DA:5,0
DA:6,0
DA:7,0
DA:8,0
DA:9,0
DA:10,0
DA:11,0
DA:12,0
DA:13,0
DA:14,0
DA:15,0
DA:16,0
DA:18,0
DA:19,0
DA:20,0
DA:21,0
DA:23,0
DA:25,0
DA:76,0
DA:77,0
DA:79,0
DA:80,0
DA:83,0
DA:117,0
DA:118,0
DA:150,0
DA:151,0
DA:174,0
DA:175,0
DA:181,0
DA:182,0
DA:188,0
DA:189,0
DA:195,0
DA:196,0
DA:202,0
DA:203,0
DA:209,0
DA:210,0
DA:247,0
DA:248,0
DA:251,0
LF:46
LH:0
BRDA:76,0,0,0
BRDA:79,1,0,0
BRDA:79,1,1,0
BRDA:150,2,0,0
BRDA:181,3,0,0
BRDA:188,4,0,0
BRDA:195,5,0,0
BRDA:202,6,0,0
BRDA:209,7,0,0
BRDA:247,8,0,0
BRF:10
BRH:0
end_of_record
TN:
SF:services/aerekos-record/EXAMPLES/advanced-features.js
FN:19,migrationExamples
FN:42,seedingExamples
FN:55,(anonymous_2)
FN:74,cachingExamples
FN:91,(anonymous_4)
FN:112,observabilityExamples
FN:141,resilienceExamples
FN:157,(anonymous_7)
FN:160,(anonymous_8)
FN:167,(anonymous_9)
FN:168,(anonymous_10)
FN:182,polymorphicExamples
FN:248,compositeKeyExamples
FN:280,shardingExamples
FN:331,runAll
FNF:15
FNH:0
FNDA:0,migrationExamples
FNDA:0,seedingExamples
FNDA:0,(anonymous_2)
FNDA:0,cachingExamples
FNDA:0,(anonymous_4)
FNDA:0,observabilityExamples
FNDA:0,resilienceExamples
FNDA:0,(anonymous_7)
FNDA:0,(anonymous_8)
FNDA:0,(anonymous_9)
FNDA:0,(anonymous_10)
FNDA:0,polymorphicExamples
FNDA:0,compositeKeyExamples
FNDA:0,shardingExamples
FNDA:0,runAll
DA:6,0
DA:9,0
DA:20,0
DA:25,0
DA:28,0
DA:29,0
DA:32,0
DA:33,0
DA:36,0
DA:43,0
DA:48,0
DA:51,0
DA:52,0
DA:55,0
DA:56,0
DA:61,0
DA:68,0
DA:75,0
DA:80,0
DA:81,0
DA:83,0
DA:89,0
DA:91,0
DA:96,0
DA:97,0
DA:98,0
DA:101,0
DA:104,0
DA:105,0
DA:106,0
DA:113,0
DA:122,0
DA:123,0
DA:126,0
DA:127,0
DA:130,0
DA:131,0
DA:134,0
DA:135,0
DA:142,0
DA:149,0
DA:154,0
DA:157,0
DA:158,0
DA:161,0
DA:166,0
DA:167,0
DA:170,0
DA:175,0
DA:176,0
DA:183,0
DA:189,0
DA:194,0
DA:202,0
DA:205,0
DA:206,0
DA:210,0
DA:216,0
DA:222,0
DA:229,0
DA:234,0
DA:237,0
DA:242,0
DA:249,0
DA:257,0
DA:260,0
DA:261,0
DA:262,0
DA:265,0
DA:266,0
DA:269,0
DA:272,0
DA:281,0
DA:284,0
DA:289,0
DA:295,0
DA:304,0
DA:310,0
DA:317,0
DA:324,0
DA:332,0
DA:333,0
DA:334,0
DA:335,0
DA:336,0
DA:337,0
DA:338,0
DA:339,0
DA:340,0
DA:342,0
DA:346,0
DA:347,0
DA:350,0
LF:93
LH:0
BRDA:202,0,0,0
BRDA:202,0,1,0
BRDA:346,1,0,0
BRDA:346,1,1,0
BRF:4
BRH:0
end_of_record
TN:
SF:services/aerekos-record/EXAMPLES/attachments-example.js
FN:54,examples
FNF:1
FNH:0
FNDA:0,examples
DA:6,0
DA:7,0
DA:10,0
DA:18,0
DA:30,0
DA:42,0
DA:48,0
DA:56,0
DA:64,0
DA:71,0
DA:72,0
DA:73,0
DA:80,0
DA:81,0
DA:87,0
DA:88,0
DA:91,0
DA:92,0
DA:103,0
DA:104,0
DA:107,0
DA:108,0
DA:111,0
DA:112,0
DA:115,0
DA:116,0
DA:123,0
DA:124,0
DA:126,0
DA:132,0
DA:138,0
DA:139,0
DA:142,0
DA:143,0
DA:151,0
DA:152,0
DA:155,0
DA:156,0
DA:164,0
DA:165,0
DA:168,0
DA:175,0
DA:181,0
DA:187,0
DA:196,0
DA:197,0
DA:203,0
DA:208,0
DA:214,0
DA:221,0
DA:222,0
DA:225,0
LF:52
LH:0
BRDA:221,0,0,0
BRDA:221,0,1,0
BRF:2
BRH:0
end_of_record
TN:
SF:services/aerekos-record/EXAMPLES/embeddings-example.js
FN:15,main
FN:102,(anonymous_1)
FN:115,(anonymous_2)
FN:144,(anonymous_3)
FNF:4
FNH:0
FNDA:0,main
FNDA:0,(anonymous_1)
FNDA:0,(anonymous_2)
FNDA:0,(anonymous_3)
DA:13,0
DA:17,0
DA:25,0
DA:33,0
DA:75,0
DA:77,0
DA:83,0
DA:85,0
DA:91,0
DA:93,0
DA:99,0
DA:102,0
DA:105,0
DA:107,0
DA:114,0
DA:115,0
DA:116,0
DA:117,0
DA:118,0
DA:122,0
DA:123,0
DA:124,0
DA:127,0
DA:128,0
DA:137,0
DA:143,0
DA:144,0
DA:145,0
DA:149,0
DA:150,0
DA:159,0
DA:162,0
DA:163,0
DA:170,0
DA:173,0
DA:174,0
DA:175,0
DA:178,0
DA:179,0
DA:180,0
DA:183,0
DA:184,0
DA:188,0
DA:189,0
DA:192,0
LF:45
LH:0
BRDA:26,0,0,0
BRDA:26,0,1,0
BRDA:55,1,0,0
BRDA:55,1,1,0
BRDA:56,2,0,0
BRDA:56,2,1,0
BRDA:188,3,0,0
BRDA:188,3,1,0
BRF:8
BRH:0
end_of_record
TN:
SF:services/aerekos-record/EXAMPLES/elasticsearch/user.js
FN:29,(anonymous_0)
FN:55,(anonymous_1)
FN:60,(anonymous_2)
FN:66,(anonymous_3)
FN:74,examples
FN:207,(anonymous_5)
FNF:6
FNH:0
FNDA:0,(anonymous_0)
FNDA:0,(anonymous_1)
FNDA:0,(anonymous_2)
FNDA:0,(anonymous_3)
FNDA:0,examples
FNDA:0,(anonymous_5)
DA:6,0
DA:9,0
DA:18,0
DA:30,0
DA:36,0
DA:56,0
DA:57,0
DA:61,0
DA:62,0
DA:63,0
DA:67,0
DA:76,0
DA:77,0
DA:80,0
DA:90,0
DA:93,0
DA:100,0
DA:103,0
DA:104,0
DA:105,0
DA:108,0
DA:114,0
DA:117,0
DA:120,0
DA:124,0
DA:128,0
DA:133,0
DA:136,0
DA:142,0
DA:145,0
DA:154,0
DA:157,0
DA:165,0
DA:168,0
DA:173,0
DA:177,0
DA:184,0
DA:187,0
DA:195,0
DA:198,0
DA:202,0
DA:205,0
DA:208,0
DA:213,0
DA:216,0
DA:217,0
DA:220,0
DA:223,0
DA:226,0
DA:227,0
DA:230,0
DA:231,0
DA:234,0
DA:238,0
DA:239,0
DA:242,0
LF:56
LH:0
BRDA:10,0,0,0
BRDA:10,0,1,0
BRDA:56,1,0,0
BRDA:56,1,1,0
BRDA:62,2,0,0
BRDA:62,2,1,0
BRDA:238,3,0,0
BRDA:238,3,1,0
BRF:8
BRH:0
end_of_record
TN:
SF:services/aerekos-record/EXAMPLES/mongodb/user.js
FN:31,(anonymous_0)
FN:57,(anonymous_1)
FN:62,(anonymous_2)
FN:68,(anonymous_3)
FN:76,examples
FN:126,(anonymous_5)
FN:130,(anonymous_6)
FN:134,(anonymous_7)
FN:139,(anonymous_8)
FN:164,(anonymous_9)
FNF:10
FNH:0
FNDA:0,(anonymous_0)
FNDA:0,(anonymous_1)
FNDA:0,(anonymous_2)
FNDA:0,(anonymous_3)
FNDA:0,examples
FNDA:0,(anonymous_5)
FNDA:0,(anonymous_6)
FNDA:0,(anonymous_7)
FNDA:0,(anonymous_8)
FNDA:0,(anonymous_9)
DA:6,0
DA:9,0
DA:19,0
DA:32,0
DA:38,0
DA:58,0
DA:59,0
DA:63,0
DA:64,0
DA:65,0
DA:69,0
DA:78,0
DA:88,0
DA:91,0
DA:99,0
DA:102,0
DA:103,0
DA:104,0
DA:107,0
DA:114,0
DA:117,0
DA:118,0
DA:121,0
DA:124,0
DA:126,0
DA:127,0
DA:130,0
DA:131,0
DA:134,0
DA:135,0
DA:139,0
DA:140,0
DA:148,0
DA:152,0
DA:155,0
DA:159,0
DA:162,0
DA:165,0
DA:170,0
DA:173,0
DA:174,0
DA:177,0
DA:178,0
DA:181,0
DA:182,0
DA:185,0
DA:189,0
DA:190,0
DA:193,0
LF:49
LH:0
BRDA:10,0,0,0
BRDA:10,0,1,0
BRDA:11,1,0,0
BRDA:11,1,1,0
BRDA:58,2,0,0
BRDA:58,2,1,0
BRDA:64,3,0,0
BRDA:64,3,1,0
BRDA:189,4,0,0
BRDA:189,4,1,0
BRF:10
BRH:0
end_of_record
TN:
SF:services/aerekos-record/EXAMPLES/neo4j/user.js
FN:27,(anonymous_0)
FN:30,(anonymous_1)
FN:54,(anonymous_2)
FN:59,(anonymous_3)
FN:65,(anonymous_4)
FN:68,(anonymous_5)
FN:71,(anonymous_6)
FN:79,examples
FN:140,(anonymous_8)
FNF:9
FNH:0
FNDA:0,(anonymous_0)
FNDA:0,(anonymous_1)
FNDA:0,(anonymous_2)
FNDA:0,(anonymous_3)
FNDA:0,(anonymous_4)
FNDA:0,(anonymous_5)
FNDA:0,(anonymous_6)
FNDA:0,examples
FNDA:0,(anonymous_8)
DA:6,0
DA:9,0
DA:16,0
DA:28,0
DA:31,0
DA:37,0
DA:55,0
DA:56,0
DA:60,0
DA:61,0
DA:62,0
DA:66,0
DA:69,0
DA:72,0
DA:81,0
DA:89,0
DA:92,0
DA:99,0
DA:102,0
DA:103,0
DA:104,0
DA:107,0
DA:111,0
DA:114,0
DA:120,0
DA:123,0
DA:124,0
DA:127,0
DA:128,0
DA:131,0
DA:135,0
DA:138,0
DA:141,0
DA:146,0
DA:147,0
DA:150,0
DA:158,0
DA:164,0
DA:167,0
DA:168,0
DA:171,0
DA:175,0
DA:176,0
DA:179,0
LF:44
LH:0
BRDA:10,0,0,0
BRDA:10,0,1,0
BRDA:11,1,0,0
BRDA:11,1,1,0
BRDA:12,2,0,0
BRDA:12,2,1,0
BRDA:55,3,0,0
BRDA:55,3,1,0
BRDA:61,4,0,0
BRDA:61,4,1,0
BRDA:175,5,0,0
BRDA:175,5,1,0
BRF:12
BRH:0
end_of_record
TN:
SF:services/aerekos-record/EXAMPLES/redis/user.js
FN:14,(anonymous_0)
FN:34,(anonymous_1)
FN:55,(anonymous_2)
FN:60,(anonymous_3)
FN:66,(anonymous_4)
FN:74,examples
FN:138,(anonymous_6)
FNF:7
FNH:0
FNDA:0,(anonymous_0)
FNDA:0,(anonymous_1)
FNDA:0,(anonymous_2)
FNDA:0,(anonymous_3)
FNDA:0,(anonymous_4)
FNDA:0,examples
FNDA:0,(anonymous_6)
DA:6,0
DA:9,0
DA:15,0
DA:16,0
DA:18,0
DA:23,0
DA:35,0
DA:41,0
DA:56,0
DA:57,0
DA:61,0
DA:62,0
DA:63,0
DA:67,0
DA:76,0
DA:84,0
DA:87,0
DA:94,0
DA:97,0
DA:98,0
DA:99,0
DA:102,0
DA:103,0
DA:104,0
DA:107,0
DA:113,0
DA:116,0
DA:117,0
DA:120,0
DA:121,0
DA:124,0
DA:128,0
DA:131,0
DA:132,0
DA:136,0
DA:139,0
DA:144,0
DA:148,0
DA:151,0
DA:152,0
DA:155,0
DA:156,0
DA:159,0
DA:163,0
DA:164,0
DA:167,0
LF:46
LH:0
BRDA:10,0,0,0
BRDA:10,0,1,0
BRDA:11,1,0,0
BRDA:11,1,1,0
BRDA:12,2,0,0
BRDA:12,2,1,0
BRDA:15,3,0,0
BRDA:15,3,1,0
BRDA:56,4,0,0
BRDA:56,4,1,0
BRDA:62,5,0,0
BRDA:62,5,1,0
BRDA:163,6,0,0
BRDA:163,6,1,0
BRF:14
BRH:0
end_of_record
TN:
SF:services/aerekos-record/aerekos-storage/aerekosSdk.js
FN:13,(anonymous_0)
FN:19,(anonymous_1)
FN:25,(anonymous_2)
FN:36,(anonymous_3)
FN:39,(anonymous_4)
FN:42,(anonymous_5)
FN:59,(anonymous_6)
FN:98,(anonymous_7)
FN:152,(anonymous_8)
FN:176,(anonymous_9)
FN:211,(anonymous_10)
FN:241,(anonymous_11)
FN:248,(anonymous_12)
FN:296,(anonymous_13)
FN:325,(anonymous_14)
FN:358,(anonymous_15)
FN:375,(anonymous_16)
FN:450,(anonymous_17)
FN:479,(anonymous_18)
FN:520,(anonymous_19)
FN:526,(anonymous_20)
FN:527,(anonymous_21)
FN:558,(anonymous_22)
FN:605,(anonymous_23)
FN:619,(anonymous_24)
FN:647,(anonymous_25)
FNF:26
FNH:0
FNDA:0,(anonymous_0)
FNDA:0,(anonymous_1)
FNDA:0,(anonymous_2)
FNDA:0,(anonymous_3)
FNDA:0,(anonymous_4)
FNDA:0,(anonymous_5)
FNDA:0,(anonymous_6)
FNDA:0,(anonymous_7)
FNDA:0,(anonymous_8)
FNDA:0,(anonymous_9)
FNDA:0,(anonymous_10)
FNDA:0,(anonymous_11)
FNDA:0,(anonymous_12)
FNDA:0,(anonymous_13)
FNDA:0,(anonymous_14)
FNDA:0,(anonymous_15)
FNDA:0,(anonymous_16)
FNDA:0,(anonymous_17)
FNDA:0,(anonymous_18)
FNDA:0,(anonymous_19)
FNDA:0,(anonymous_20)
FNDA:0,(anonymous_21)
FNDA:0,(anonymous_22)
FNDA:0,(anonymous_23)
FNDA:0,(anonymous_24)
FNDA:0,(anonymous_25)
DA:1,0
DA:6,0
DA:7,0
DA:8,0
DA:9,0
DA:10,0
DA:12,0
DA:14,0
DA:15,0
DA:18,0
DA:20,0
DA:21,0
DA:24,0
DA:26,0
DA:27,0
DA:32,0
DA:33,0
DA:35,0
DA:37,0
DA:40,0
DA:43,0
DA:61,0
DA:62,0
DA:65,0
DA:67,0
DA:69,0
DA:70,0
DA:71,0
DA:73,0
DA:74,0
DA:77,0
DA:78,0
DA:81,0
DA:82,0
DA:85,0
DA:99,0
DA:101,0
DA:102,0
DA:119,0
DA:123,0
DA:124,0
DA:125,0
DA:126,0
DA:127,0
DA:128,0
DA:130,0
DA:131,0
DA:133,0
DA:136,0
DA:144,0
DA:153,0
DA:154,0
DA:164,0
DA:166,0
DA:167,0
DA:177,0
DA:178,0
DA:188,0
DA:195,0
DA:196,0
DA:218,0
DA:220,0
DA:221,0
DA:222,0
DA:223,0
DA:225,0
DA:236,0
DA:239,0
DA:240,0
DA:241,0
DA:242,0
DA:247,0
DA:248,0
DA:251,0
DA:253,0
DA:254,0
DA:255,0
DA:257,0
DA:258,0
DA:259,0
DA:263,0
DA:264,0
DA:265,0
DA:267,0
DA:268,0
DA:271,0
DA:272,0
DA:273,0
DA:277,0
DA:285,0
DA:286,0
DA:297,0
DA:298,0
DA:308,0
DA:310,0
DA:311,0
DA:312,0
DA:314,0
DA:315,0
DA:326,0
DA:328,0
DA:330,0
DA:332,0
DA:340,0
DA:341,0
DA:359,0
DA:382,0
DA:388,0
DA:389,0
DA:390,0
DA:391,0
DA:392,0
DA:393,0
DA:394,0
DA:395,0
DA:396,0
DA:397,0
DA:398,0
DA:400,0
DA:401,0
DA:402,0
DA:403,0
DA:404,0
DA:405,0
DA:406,0
DA:407,0
DA:409,0
DA:410,0
DA:413,0
DA:414,0
DA:416,0
DA:418,0
DA:427,0
DA:431,0
DA:432,0
DA:438,0
DA:451,0
DA:456,0
DA:465,0
DA:480,0
DA:483,0
DA:484,0
DA:485,0
DA:486,0
DA:489,0
DA:495,0
DA:507,0
DA:521,0
DA:522,0
DA:523,0
DA:524,0
DA:526,0
DA:527,0
DA:528,0
DA:531,0
DA:532,0
DA:533,0
DA:535,0
DA:536,0
DA:540,0
DA:550,0
DA:552,0
DA:553,0
DA:558,0
DA:560,0
DA:561,0
DA:562,0
DA:566,0
DA:577,0
DA:578,0
DA:582,0
DA:591,0
DA:606,0
DA:620,0
DA:622,0
DA:624,0
DA:626,0
DA:627,0
DA:630,0
DA:633,0
DA:637,0
DA:648,0
DA:652,0
LF:183
LH:0
BRDA:36,0,0,0
BRDA:39,1,0,0
BRDA:42,2,0,0
BRDA:59,3,0,0
BRDA:61,4,0,0
BRDA:61,4,1,0
BRDA:61,4,2,0
BRDA:62,5,0,0
BRDA:62,5,1,0
BRDA:62,6,0,0
BRDA:62,6,1,0
BRDA:65,7,0,0
BRDA:65,7,1,0
BRDA:67,8,0,0
BRDA:67,8,1,0
BRDA:70,9,0,0
BRDA:70,9,1,0
BRDA:70,10,0,0
BRDA:70,10,1,0
BRDA:77,11,0,0
BRDA:77,11,1,0
BRDA:78,12,0,0
BRDA:78,12,1,0
BRDA:81,13,0,0
BRDA:81,13,1,0
BRDA:81,14,0,0
BRDA:81,14,1,0
BRDA:98,15,0,0
BRDA:98,16,0,0
BRDA:98,17,0,0
BRDA:99,18,0,0
BRDA:99,19,0,0
BRDA:123,20,0,0
BRDA:123,20,1,0
BRDA:123,21,0,0
BRDA:123,21,1,0
BRDA:125,22,0,0
BRDA:125,22,1,0
BRDA:127,23,0,0
BRDA:127,23,1,0
BRDA:130,24,0,0
BRDA:130,24,1,0
BRDA:164,25,0,0
BRDA:164,25,1,0
BRDA:166,26,0,0
BRDA:166,26,1,0
BRDA:167,27,0,0
BRDA:167,27,1,0
BRDA:191,28,0,0
BRDA:191,28,1,0
BRDA:192,29,0,0
BRDA:192,29,1,0
BRDA:195,30,0,0
BRDA:195,30,1,0
BRDA:196,31,0,0
BRDA:196,31,1,0
BRDA:211,32,0,0
BRDA:213,33,0,0
BRDA:214,34,0,0
BRDA:215,35,0,0
BRDA:216,36,0,0
BRDA:217,37,0,0
BRDA:222,38,0,0
BRDA:222,38,1,0
BRDA:223,39,0,0
BRDA:223,39,1,0
BRDA:236,40,0,0
BRDA:236,40,1,0
BRDA:239,41,0,0
BRDA:239,41,1,0
BRDA:242,42,0,0
BRDA:242,42,1,0
BRDA:247,43,0,0
BRDA:247,43,1,0
BRDA:247,44,0,0
BRDA:247,44,1,0
BRDA:251,45,0,0
BRDA:251,45,1,0
BRDA:251,45,2,0
BRDA:251,45,3,0
BRDA:251,45,4,0
BRDA:251,45,5,0
BRDA:253,46,0,0
BRDA:253,46,1,0
BRDA:253,46,2,0
BRDA:254,47,0,0
BRDA:254,47,1,0
BRDA:254,47,2,0
BRDA:257,48,0,0
BRDA:257,48,1,0
BRDA:258,49,0,0
BRDA:258,49,1,0
BRDA:263,50,0,0
BRDA:263,50,1,0
BRDA:263,50,2,0
BRDA:264,51,0,0
BRDA:264,51,1,0
BRDA:264,51,2,0
BRDA:267,52,0,0
BRDA:267,52,1,0
BRDA:268,53,0,0
BRDA:268,53,1,0
BRDA:271,54,0,0
BRDA:271,54,1,0
BRDA:271,55,0,0
BRDA:271,55,1,0
BRDA:272,56,0,0
BRDA:272,56,1,0
BRDA:272,57,0,0
BRDA:272,57,1,0
BRDA:279,58,0,0
BRDA:279,58,1,0
BRDA:280,59,0,0
BRDA:280,59,1,0
BRDA:285,60,0,0
BRDA:285,60,1,0
BRDA:286,61,0,0
BRDA:286,61,1,0
BRDA:310,62,0,0
BRDA:310,62,1,0
BRDA:314,63,0,0
BRDA:314,63,1,0
BRDA:315,64,0,0
BRDA:315,64,1,0
BRDA:337,65,0,0
BRDA:337,65,1,0
BRDA:340,66,0,0
BRDA:340,66,1,0
BRDA:341,67,0,0
BRDA:341,67,1,0
BRDA:358,68,0,0
BRDA:375,69,0,0
BRDA:377,70,0,0
BRDA:378,71,0,0
BRDA:379,72,0,0
BRDA:380,73,0,0
BRDA:381,74,0,0
BRDA:388,75,0,0
BRDA:388,75,1,0
BRDA:391,76,0,0
BRDA:391,76,1,0
BRDA:394,77,0,0
BRDA:394,77,1,0
BRDA:394,78,0,0
BRDA:394,78,1,0
BRDA:398,79,0,0
BRDA:398,79,1,0
BRDA:398,80,0,0
BRDA:398,80,1,0
BRDA:405,81,0,0
BRDA:405,81,1,0
BRDA:413,82,0,0
BRDA:413,82,1,0
BRDA:427,83,0,0
BRDA:427,83,1,0
BRDA:431,84,0,0
BRDA:431,84,1,0
BRDA:471,85,0,0
BRDA:471,85,1,0
BRDA:531,86,0,0
BRDA:531,86,1,0
BRDA:560,87,0,0
BRDA:560,87,1,0
BRDA:560,88,0,0
BRDA:560,88,1,0
BRDA:605,89,0,0
BRDA:619,90,0,0
BRDA:620,91,0,0
BRDA:620,92,0,0
BRDA:620,93,0,0
BRDA:624,94,0,0
BRDA:624,94,1,0
BRDA:647,95,0,0
BRF:173
BRH:0
end_of_record
TN:
SF:services/aerekos-record/chroma/adapter.js
FN:13,withRetry
FN:32,(anonymous_1)
FN:44,createChromaAdapter
FN:57,ensureCollection
FN:62,(anonymous_4)
FN:67,(anonymous_5)
FN:71,(anonymous_6)
FN:79,(anonymous_7)
FN:83,(anonymous_8)
FN:97,addEmbedding
FN:101,(anonymous_10)
FN:118,(anonymous_11)
FN:132,(anonymous_12)
FN:151,(anonymous_13)
FN:171,querySimilar
FN:183,(anonymous_15)
FN:194,(anonymous_16)
FN:204,(anonymous_17)
FN:206,(anonymous_18)
FN:219,(anonymous_19)
FN:230,(anonymous_20)
FN:239,(anonymous_21)
FN:249,(anonymous_22)
FN:251,(anonymous_23)
FN:263,(anonymous_24)
FN:275,deleteByIds
FN:279,(anonymous_26)
FN:290,deleteByFilters
FN:295,(anonymous_28)
FN:299,(anonymous_29)
FN:310,healthCheck
FNF:31
FNH:0
FNDA:0,withRetry
FNDA:0,(anonymous_1)
FNDA:0,createChromaAdapter
FNDA:0,ensureCollection
FNDA:0,(anonymous_4)
FNDA:0,(anonymous_5)
FNDA:0,(anonymous_6)
FNDA:0,(anonymous_7)
FNDA:0,(anonymous_8)
FNDA:0,addEmbedding
FNDA:0,(anonymous_10)
FNDA:0,(anonymous_11)
FNDA:0,(anonymous_12)
FNDA:0,(anonymous_13)
FNDA:0,querySimilar
FNDA:0,(anonymous_15)
FNDA:0,(anonymous_16)
FNDA:0,(anonymous_17)
FNDA:0,(anonymous_18)
FNDA:0,(anonymous_19)
FNDA:0,(anonymous_20)
FNDA:0,(anonymous_21)
FNDA:0,(anonymous_22)
FNDA:0,(anonymous_23)
FNDA:0,(anonymous_24)
FNDA:0,deleteByIds
FNDA:0,(anonymous_26)
FNDA:0,deleteByFilters
FNDA:0,(anonymous_28)
FNDA:0,(anonymous_29)
FNDA:0,healthCheck
DA:1,0
DA:2,0
DA:3,0
DA:6,0
DA:7,0
DA:8,0
DA:14,0
DA:17,0
DA:18,0
DA:19,0
DA:20,0
DA:22,0
DA:23,0
DA:24,0
DA:26,0
DA:27,0
DA:29,0
DA:31,0
DA:32,0
DA:33,0
DA:37,0
DA:45,0
DA:46,0
DA:47,0
DA:48,0
DA:50,0
DA:51,0
DA:58,0
DA:60,0
DA:61,0
DA:62,0
DA:63,0
DA:67,0
DA:69,0
DA:70,0
DA:71,0
DA:72,0
DA:79,0
DA:80,0
DA:83,0
DA:86,0
DA:88,0
DA:91,0
DA:98,0
DA:101,0
DA:102,0
DA:103,0
DA:106,0
DA:107,0
DA:108,0
DA:109,0
DA:110,0
DA:111,0
DA:112,0
DA:113,0
DA:114,0
DA:115,0
DA:118,0
DA:119,0
DA:120,0
DA:121,0
DA:126,0
DA:129,0
DA:131,0
DA:132,0
DA:133,0
DA:142,0
DA:145,0
DA:146,0
DA:151,0
DA:152,0
DA:160,0
DA:162,0
DA:163,0
DA:172,0
DA:174,0
DA:180,0
DA:182,0
DA:183,0
DA:184,0
DA:188,0
DA:189,0
DA:190,0
DA:192,0
DA:194,0
DA:203,0
DA:204,0
DA:205,0
DA:206,0
DA:207,0
DA:208,0
DA:210,0
DA:211,0
DA:213,0
DA:219,0
DA:221,0
DA:223,0
DA:224,0
DA:227,0
DA:228,0
DA:230,0
DA:231,0
DA:235,0
DA:236,0
DA:237,0
DA:239,0
DA:248,0
DA:249,0
DA:250,0
DA:251,0
DA:252,0
DA:253,0
DA:255,0
DA:256,0
DA:258,0
DA:263,0
DA:264,0
DA:267,0
DA:268,0
DA:276,0
DA:278,0
DA:279,0
DA:280,0
DA:291,0
DA:294,0
DA:295,0
DA:296,0
DA:299,0
DA:300,0
DA:311,0
DA:312,0
DA:313,0
DA:315,0
DA:319,0
DA:334,0
LF:135
LH:0
BRDA:13,0,0,0
BRDA:13,1,0,0
BRDA:23,2,0,0
BRDA:23,2,1,0
BRDA:23,2,2,0
BRDA:24,3,0,0
BRDA:24,3,1,0
BRDA:24,3,2,0
BRDA:29,4,0,0
BRDA:29,4,1,0
BRDA:29,5,0,0
BRDA:29,5,1,0
BRDA:44,6,0,0
BRDA:45,7,0,0
BRDA:45,7,1,0
BRDA:46,8,0,0
BRDA:46,8,1,0
BRDA:46,8,2,0
BRDA:47,9,0,0
BRDA:47,9,1,0
BRDA:47,9,2,0
BRDA:48,10,0,0
BRDA:48,10,1,0
BRDA:48,10,2,0
BRDA:50,11,0,0
BRDA:50,11,1,0
BRDA:57,12,0,0
BRDA:67,13,0,0
BRDA:67,13,1,0
BRDA:69,14,0,0
BRDA:69,14,1,0
BRDA:83,15,0,0
BRDA:83,15,1,0
BRDA:86,16,0,0
BRDA:86,16,1,0
BRDA:88,17,0,0
BRDA:88,17,1,0
BRDA:97,18,0,0
BRDA:97,19,0,0
BRDA:103,20,0,0
BRDA:103,20,1,0
BRDA:106,21,0,0
BRDA:106,21,1,0
BRDA:107,22,0,0
BRDA:107,22,1,0
BRDA:108,23,0,0
BRDA:108,23,1,0
BRDA:109,24,0,0
BRDA:109,24,1,0
BRDA:110,25,0,0
BRDA:110,25,1,0
BRDA:111,26,0,0
BRDA:111,26,1,0
BRDA:112,27,0,0
BRDA:112,27,1,0
BRDA:113,28,0,0
BRDA:113,28,1,0
BRDA:114,29,0,0
BRDA:114,29,1,0
BRDA:115,30,0,0
BRDA:115,30,1,0
BRDA:119,31,0,0
BRDA:119,31,1,0
BRDA:129,32,0,0
BRDA:129,32,1,0
BRDA:137,33,0,0
BRDA:137,33,1,0
BRDA:142,34,0,0
BRDA:142,34,1,0
BRDA:147,35,0,0
BRDA:147,35,1,0
BRDA:148,36,0,0
BRDA:148,36,1,0
BRDA:149,37,0,0
BRDA:149,37,1,0
BRDA:162,38,0,0
BRDA:162,38,1,0
BRDA:171,39,0,0
BRDA:171,40,0,0
BRDA:171,41,0,0
BRDA:176,42,0,0
BRDA:176,42,1,0
BRDA:188,43,0,0
BRDA:188,43,1,0
BRDA:189,44,0,0
BRDA:189,44,1,0
BRDA:190,45,0,0
BRDA:190,45,1,0
BRDA:198,46,0,0
BRDA:198,46,1,0
BRDA:199,47,0,0
BRDA:199,47,1,0
BRDA:203,48,0,0
BRDA:203,48,1,0
BRDA:205,49,0,0
BRDA:205,49,1,0
BRDA:210,50,0,0
BRDA:210,50,1,0
BRDA:210,51,0,0
BRDA:210,51,1,0
BRDA:211,52,0,0
BRDA:211,52,1,0
BRDA:211,53,0,0
BRDA:211,53,1,0
BRDA:219,54,0,0
BRDA:219,54,1,0
BRDA:219,55,0,0
BRDA:219,55,1,0
BRDA:221,56,0,0
BRDA:221,56,1,0
BRDA:223,57,0,0
BRDA:223,57,1,0
BRDA:223,58,0,0
BRDA:223,58,1,0
BRDA:235,59,0,0
BRDA:235,59,1,0
BRDA:236,60,0,0
BRDA:236,60,1,0
BRDA:237,61,0,0
BRDA:237,61,1,0
BRDA:243,62,0,0
BRDA:243,62,1,0
BRDA:244,63,0,0
BRDA:244,63,1,0
BRDA:248,64,0,0
BRDA:248,64,1,0
BRDA:250,65,0,0
BRDA:250,65,1,0
BRDA:255,66,0,0
BRDA:255,66,1,0
BRDA:255,67,0,0
BRDA:255,67,1,0
BRDA:256,68,0,0
BRDA:256,68,1,0
BRDA:256,69,0,0
BRDA:256,69,1,0
BRDA:263,70,0,0
BRDA:263,70,1,0
BRDA:263,71,0,0
BRDA:263,71,1,0
BRDA:264,72,0,0
BRDA:264,72,1,0
BRDA:267,73,0,0
BRDA:267,73,1,0
BRDA:275,74,0,0
BRDA:276,75,0,0
BRDA:276,75,1,0
BRDA:276,76,0,0
BRDA:276,76,1,0
BRDA:281,77,0,0
BRDA:281,77,1,0
BRDA:290,78,0,0
BRF:152
BRH:0
end_of_record
TN:
SF:services/aerekos-record/elasticsearch/adapter.js
FN:35,(anonymous_0)
FN:42,(anonymous_1)
FN:70,(anonymous_2)
FN:92,(anonymous_3)
FN:96,(anonymous_4)
FN:109,(anonymous_5)
FN:114,(anonymous_6)
FN:122,(anonymous_7)
FN:151,(anonymous_8)
FN:157,(anonymous_9)
FN:163,(anonymous_10)
FN:170,(anonymous_11)
FN:179,(anonymous_12)
FN:181,(anonymous_13)
FN:183,(anonymous_14)
FN:185,(anonymous_15)
FN:191,(anonymous_16)
FN:195,(anonymous_17)
FN:199,(anonymous_18)
FN:209,(anonymous_19)
FN:211,(anonymous_20)
FN:218,(anonymous_21)
FN:221,(anonymous_22)
FN:234,(anonymous_23)
FN:236,(anonymous_24)
FN:241,(anonymous_25)
FN:258,(anonymous_26)
FN:265,(anonymous_27)
FN:277,(anonymous_28)
FN:279,(anonymous_29)
FN:307,(anonymous_30)
FN:311,(anonymous_31)
FN:315,(anonymous_32)
FN:319,(anonymous_33)
FN:323,(anonymous_34)
FN:327,(anonymous_35)
FN:331,(anonymous_36)
FN:335,(anonymous_37)
FN:339,(anonymous_38)
FN:343,(anonymous_39)
FN:347,(anonymous_40)
FN:351,(anonymous_41)
FN:355,(anonymous_42)
FN:359,(anonymous_43)
FN:363,(anonymous_44)
FN:367,(anonymous_45)
FN:371,(anonymous_46)
FN:375,(anonymous_47)
FN:379,(anonymous_48)
FN:383,(anonymous_49)
FN:387,(anonymous_50)
FN:392,(anonymous_51)
FN:420,(anonymous_52)
FN:432,(anonymous_53)
FN:445,(anonymous_54)
FN:469,(anonymous_55)
FN:491,(anonymous_56)
FN:495,(anonymous_57)
FN:499,(anonymous_58)
FN:513,(anonymous_59)
FN:523,(anonymous_60)
FN:530,(anonymous_61)
FN:531,(anonymous_62)
FN:533,(anonymous_63)
FN:534,(anonymous_64)
FN:543,(anonymous_65)
FN:545,(anonymous_66)
FN:553,(anonymous_67)
FN:559,(anonymous_68)
FN:569,(anonymous_69)
FN:595,(anonymous_70)
FN:607,(anonymous_71)
FN:620,(anonymous_72)
FN:628,(anonymous_73)
FN:641,(anonymous_74)
FN:647,(anonymous_75)
FN:656,(anonymous_76)
FN:694,(anonymous_77)
FN:700,(anonymous_78)
FN:714,(anonymous_79)
FNF:80
FNH:0
FNDA:0,(anonymous_0)
FNDA:0,(anonymous_1)
FNDA:0,(anonymous_2)
FNDA:0,(anonymous_3)
FNDA:0,(anonymous_4)
FNDA:0,(anonymous_5)
FNDA:0,(anonymous_6)
FNDA:0,(anonymous_7)
FNDA:0,(anonymous_8)
FNDA:0,(anonymous_9)
FNDA:0,(anonymous_10)
FNDA:0,(anonymous_11)
FNDA:0,(anonymous_12)
FNDA:0,(anonymous_13)
FNDA:0,(anonymous_14)
FNDA:0,(anonymous_15)
FNDA:0,(anonymous_16)
FNDA:0,(anonymous_17)
FNDA:0,(anonymous_18)
FNDA:0,(anonymous_19)
FNDA:0,(anonymous_20)
FNDA:0,(anonymous_21)
FNDA:0,(anonymous_22)
FNDA:0,(anonymous_23)
FNDA:0,(anonymous_24)
FNDA:0,(anonymous_25)
FNDA:0,(anonymous_26)
FNDA:0,(anonymous_27)
FNDA:0,(anonymous_28)
FNDA:0,(anonymous_29)
FNDA:0,(anonymous_30)
FNDA:0,(anonymous_31)
FNDA:0,(anonymous_32)
FNDA:0,(anonymous_33)
FNDA:0,(anonymous_34)
FNDA:0,(anonymous_35)
FNDA:0,(anonymous_36)
FNDA:0,(anonymous_37)
FNDA:0,(anonymous_38)
FNDA:0,(anonymous_39)
FNDA:0,(anonymous_40)
FNDA:0,(anonymous_41)
FNDA:0,(anonymous_42)
FNDA:0,(anonymous_43)
FNDA:0,(anonymous_44)
FNDA:0,(anonymous_45)
FNDA:0,(anonymous_46)
FNDA:0,(anonymous_47)
FNDA:0,(anonymous_48)
FNDA:0,(anonymous_49)
FNDA:0,(anonymous_50)
FNDA:0,(anonymous_51)
FNDA:0,(anonymous_52)
FNDA:0,(anonymous_53)
FNDA:0,(anonymous_54)
FNDA:0,(anonymous_55)
FNDA:0,(anonymous_56)
FNDA:0,(anonymous_57)
FNDA:0,(anonymous_58)
FNDA:0,(anonymous_59)
FNDA:0,(anonymous_60)
FNDA:0,(anonymous_61)
FNDA:0,(anonymous_62)
FNDA:0,(anonymous_63)
FNDA:0,(anonymous_64)
FNDA:0,(anonymous_65)
FNDA:0,(anonymous_66)
FNDA:0,(anonymous_67)
FNDA:0,(anonymous_68)
FNDA:0,(anonymous_69)
FNDA:0,(anonymous_70)
FNDA:0,(anonymous_71)
FNDA:0,(anonymous_72)
FNDA:0,(anonymous_73)
FNDA:0,(anonymous_74)
FNDA:0,(anonymous_75)
FNDA:0,(anonymous_76)
FNDA:0,(anonymous_77)
FNDA:0,(anonymous_78)
FNDA:0,(anonymous_79)
DA:1,0
DA:2,0
DA:16,0
DA:17,0
DA:19,0
DA:35,0
DA:36,0
DA:38,0
DA:39,0
DA:42,0
DA:43,0
DA:47,0
DA:48,0
DA:49,0
DA:50,0
DA:51,0
DA:52,0
DA:53,0
DA:54,0
DA:55,0
DA:57,0
DA:58,0
DA:61,0
DA:62,0
DA:64,0
DA:68,0
DA:71,0
DA:72,0
DA:73,0
DA:74,0
DA:75,0
DA:76,0
DA:77,0
DA:79,0
DA:80,0
DA:83,0
DA:84,0
DA:86,0
DA:92,0
DA:93,0
DA:94,0
DA:95,0
DA:97,0
DA:98,0
DA:100,0
DA:101,0
DA:102,0
DA:104,0
DA:109,0
DA:110,0
DA:111,0
DA:112,0
DA:114,0
DA:115,0
DA:116,0
DA:117,0
DA:118,0
DA:122,0
DA:123,0
DA:124,0
DA:125,0
DA:126,0
DA:127,0
DA:129,0
DA:133,0
DA:134,0
DA:135,0
DA:137,0
DA:143,0
DA:144,0
DA:146,0
DA:151,0
DA:152,0
DA:154,0
DA:155,0
DA:157,0
DA:158,0
DA:159,0
DA:161,0
DA:164,0
DA:169,0
DA:170,0
DA:171,0
DA:172,0
DA:174,0
DA:176,0
DA:179,0
DA:180,0
DA:181,0
DA:183,0
DA:184,0
DA:185,0
DA:186,0
DA:187,0
DA:188,0
DA:189,0
DA:192,0
DA:193,0
DA:196,0
DA:197,0
DA:200,0
DA:201,0
DA:209,0
DA:210,0
DA:211,0
DA:212,0
DA:213,0
DA:214,0
DA:215,0
DA:216,0
DA:219,0
DA:222,0
DA:223,0
DA:224,0
DA:226,0
DA:234,0
DA:235,0
DA:236,0
DA:237,0
DA:238,0
DA:239,0
DA:240,0
DA:242,0
DA:243,0
DA:244,0
DA:251,0
DA:252,0
DA:253,0
DA:255,0
DA:258,0
DA:259,0
DA:260,0
DA:261,0
DA:262,0
DA:263,0
DA:265,0
DA:267,0
DA:270,0
DA:273,0
DA:276,0
DA:277,0
DA:278,0
DA:279,0
DA:280,0
DA:281,0
DA:282,0
DA:283,0
DA:286,0
DA:287,0
DA:288,0
DA:289,0
DA:294,0
DA:308,0
DA:309,0
DA:312,0
DA:313,0
DA:316,0
DA:317,0
DA:320,0
DA:321,0
DA:324,0
DA:325,0
DA:328,0
DA:329,0
DA:332,0
DA:333,0
DA:336,0
DA:337,0
DA:340,0
DA:341,0
DA:344,0
DA:345,0
DA:348,0
DA:349,0
DA:352,0
DA:353,0
DA:356,0
DA:357,0
DA:360,0
DA:361,0
DA:364,0
DA:365,0
DA:368,0
DA:369,0
DA:372,0
DA:373,0
DA:376,0
DA:377,0
DA:380,0
DA:381,0
DA:384,0
DA:385,0
DA:388,0
DA:389,0
DA:393,0
DA:395,0
DA:396,0
DA:399,0
DA:400,0
DA:403,0
DA:405,0
DA:406,0
DA:409,0
DA:410,0
DA:412,0
DA:413,0
DA:414,0
DA:415,0
DA:416,0
DA:418,0
DA:420,0
DA:421,0
DA:426,0
DA:427,0
DA:431,0
DA:432,0
DA:433,0
DA:436,0
DA:439,0
DA:440,0
DA:442,0
DA:446,0
DA:447,0
DA:448,0
DA:453,0
DA:454,0
DA:455,0
DA:456,0
DA:458,0
DA:460,0
DA:462,0
DA:463,0
DA:465,0
DA:470,0
DA:471,0
DA:472,0
DA:479,0
DA:480,0
DA:483,0
DA:484,0
DA:485,0
DA:486,0
DA:488,0
DA:492,0
DA:496,0
DA:497,0
DA:499,0
DA:500,0
DA:501,0
DA:504,0
DA:512,0
DA:514,0
DA:515,0
DA:516,0
DA:518,0
DA:522,0
DA:523,0
DA:527,0
DA:528,0
DA:529,0
DA:530,0
DA:531,0
DA:533,0
DA:534,0
DA:535,0
DA:536,0
DA:537,0
DA:538,0
DA:540,0
DA:542,0
DA:543,0
DA:544,0
DA:545,0
DA:546,0
DA:547,0
DA:548,0
DA:549,0
DA:550,0
DA:553,0
DA:556,0
DA:560,0
DA:561,0
DA:562,0
DA:566,0
DA:570,0
DA:572,0
DA:573,0
DA:575,0
DA:576,0
DA:579,0
DA:580,0
DA:582,0
DA:583,0
DA:585,0
DA:586,0
DA:589,0
DA:590,0
DA:592,0
DA:593,0
DA:595,0
DA:596,0
DA:601,0
DA:602,0
DA:606,0
DA:607,0
DA:608,0
DA:611,0
DA:614,0
DA:615,0
DA:617,0
DA:621,0
DA:622,0
DA:623,0
DA:624,0
DA:627,0
DA:628,0
DA:629,0
DA:635,0
DA:636,0
DA:638,0
DA:642,0
DA:643,0
DA:644,0
DA:648,0
DA:650,0
DA:651,0
DA:654,0
DA:656,0
DA:657,0
DA:658,0
DA:662,0
DA:663,0
DA:665,0
DA:670,0
DA:671,0
DA:675,0
DA:676,0
DA:678,0
DA:681,0
DA:683,0
DA:688,0
DA:690,0
DA:691,0
DA:694,0
DA:696,0
DA:700,0
DA:701,0
DA:702,0
DA:703,0
DA:709,0
DA:714,0
DA:716,0
DA:721,0
DA:724,0
LF:354
LH:0
BRDA:20,0,0,0
BRDA:20,0,1,0
BRDA:21,1,0,0
BRDA:21,1,1,0
BRDA:21,2,0,0
BRDA:21,2,1,0
BRDA:25,3,0,0
BRDA:25,3,1,0
BRDA:26,4,0,0
BRDA:26,4,1,0
BRDA:29,5,0,0
BRDA:29,5,1,0
BRDA:30,6,0,0
BRDA:30,6,1,0
BRDA:32,7,0,0
BRDA:32,7,1,0
BRDA:36,8,0,0
BRDA:36,8,1,0
BRDA:38,9,0,0
BRDA:38,9,1,0
BRDA:43,10,0,0
BRDA:43,10,1,0
BRDA:43,10,2,0
BRDA:43,10,3,0
BRDA:43,10,4,0
BRDA:47,11,0,0
BRDA:47,11,1,0
BRDA:50,12,0,0
BRDA:50,12,1,0
BRDA:51,13,0,0
BRDA:51,13,1,0
BRDA:51,14,0,0
BRDA:51,14,1,0
BRDA:53,15,0,0
BRDA:53,15,1,0
BRDA:54,16,0,0
BRDA:54,16,1,0
BRDA:57,17,0,0
BRDA:57,17,1,0
BRDA:61,18,0,0
BRDA:61,18,1,0
BRDA:72,19,0,0
BRDA:72,19,1,0
BRDA:73,20,0,0
BRDA:73,20,1,0
BRDA:73,21,0,0
BRDA:73,21,1,0
BRDA:75,22,0,0
BRDA:75,22,1,0
BRDA:76,23,0,0
BRDA:76,23,1,0
BRDA:79,24,0,0
BRDA:79,24,1,0
BRDA:83,25,0,0
BRDA:83,25,1,0
BRDA:93,26,0,0
BRDA:93,26,1,0
BRDA:94,27,0,0
BRDA:94,27,1,0
BRDA:97,28,0,0
BRDA:97,28,1,0
BRDA:100,29,0,0
BRDA:100,29,1,0
BRDA:100,30,0,0
BRDA:100,30,1,0
BRDA:101,31,0,0
BRDA:101,31,1,0
BRDA:102,32,0,0
BRDA:102,32,1,0
BRDA:109,33,0,0
BRDA:117,34,0,0
BRDA:117,34,1,0
BRDA:124,35,0,0
BRDA:124,35,1,0
BRDA:125,36,0,0
BRDA:125,36,1,0
BRDA:126,37,0,0
BRDA:126,37,1,0
BRDA:127,38,0,0
BRDA:127,38,1,0
BRDA:143,39,0,0
BRDA:143,39,1,0
BRDA:143,39,2,0
BRDA:144,40,0,0
BRDA:144,40,1,0
BRDA:144,41,0,0
BRDA:144,41,1,0
BRDA:154,42,0,0
BRDA:154,42,1,0
BRDA:154,43,0,0
BRDA:154,43,1,0
BRDA:169,44,0,0
BRDA:169,44,1,0
BRDA:169,45,0,0
BRDA:169,45,1,0
BRDA:184,46,0,0
BRDA:184,46,1,0
BRDA:187,47,0,0
BRDA:187,47,1,0
BRDA:191,48,0,0
BRDA:191,49,0,0
BRDA:199,50,0,0
BRDA:210,51,0,0
BRDA:210,51,1,0
BRDA:213,52,0,0
BRDA:213,52,1,0
BRDA:218,53,0,0
BRDA:222,54,0,0
BRDA:222,54,1,0
BRDA:235,55,0,0
BRDA:235,55,1,0
BRDA:238,56,0,0
BRDA:238,56,1,0
BRDA:241,57,0,0
BRDA:243,58,0,0
BRDA:243,58,1,0
BRDA:251,59,0,0
BRDA:251,59,1,0
BRDA:252,60,0,0
BRDA:252,60,1,0
BRDA:253,61,0,0
BRDA:253,61,1,0
BRDA:258,62,0,0
BRDA:258,63,0,0
BRDA:276,64,0,0
BRDA:276,64,1,0
BRDA:278,65,0,0
BRDA:278,65,1,0
BRDA:280,66,0,0
BRDA:280,66,1,0
BRDA:282,67,0,0
BRDA:282,67,1,0
BRDA:282,68,0,0
BRDA:282,68,1,0
BRDA:286,69,0,0
BRDA:286,69,1,0
BRDA:288,70,0,0
BRDA:288,70,1,0
BRDA:288,71,0,0
BRDA:288,71,1,0
BRDA:304,72,0,0
BRDA:304,72,1,0
BRDA:307,73,0,0
BRDA:311,74,0,0
BRDA:315,75,0,0
BRDA:319,76,0,0
BRDA:323,77,0,0
BRDA:327,78,0,0
BRDA:331,79,0,0
BRDA:335,80,0,0
BRDA:339,81,0,0
BRDA:343,82,0,0
BRDA:347,83,0,0
BRDA:351,84,0,0
BRDA:355,85,0,0
BRDA:359,86,0,0
BRDA:363,87,0,0
BRDA:367,88,0,0
BRDA:371,89,0,0
BRDA:375,90,0,0
BRDA:379,91,0,0
BRDA:383,92,0,0
BRDA:396,93,0,0
BRDA:396,93,1,0
BRDA:403,94,0,0
BRDA:403,94,1,0
BRDA:414,95,0,0
BRDA:414,95,1,0
BRDA:431,96,0,0
BRDA:431,96,1,0
BRDA:431,97,0,0
BRDA:431,97,1,0
BRDA:445,98,0,0
BRDA:453,99,0,0
BRDA:453,99,1,0
BRDA:455,100,0,0
BRDA:455,100,1,0
BRDA:455,101,0,0
BRDA:455,101,1,0
BRDA:455,101,2,0
BRDA:462,102,0,0
BRDA:462,102,1,0
BRDA:462,103,0,0
BRDA:462,103,1,0
BRDA:469,104,0,0
BRDA:479,105,0,0
BRDA:479,105,1,0
BRDA:485,106,0,0
BRDA:485,106,1,0
BRDA:485,107,0,0
BRDA:485,107,1,0
BRDA:485,107,2,0
BRDA:491,108,0,0
BRDA:495,109,0,0
BRDA:495,110,0,0
BRDA:499,111,0,0
BRDA:499,111,1,0
BRDA:499,112,0,0
BRDA:499,112,1,0
BRDA:501,113,0,0
BRDA:501,113,1,0
BRDA:501,114,0,0
BRDA:501,114,1,0
BRDA:508,115,0,0
BRDA:508,115,1,0
BRDA:509,116,0,0
BRDA:509,116,1,0
BRDA:515,117,0,0
BRDA:515,117,1,0
BRDA:515,118,0,0
BRDA:515,118,1,0
BRDA:515,118,2,0
BRDA:522,119,0,0
BRDA:522,119,1,0
BRDA:528,120,0,0
BRDA:528,120,1,0
BRDA:536,121,0,0
BRDA:536,121,1,0
BRDA:536,122,0,0
BRDA:536,122,1,0
BRDA:547,123,0,0
BRDA:547,123,1,0
BRDA:548,124,0,0
BRDA:548,124,1,0
BRDA:549,125,0,0
BRDA:549,125,1,0
BRDA:553,126,0,0
BRDA:553,126,1,0
BRDA:559,127,0,0
BRDA:559,128,0,0
BRDA:573,129,0,0
BRDA:573,129,1,0
BRDA:576,130,0,0
BRDA:576,130,1,0
BRDA:583,131,0,0
BRDA:583,131,1,0
BRDA:593,132,0,0
BRDA:593,132,1,0
BRDA:606,133,0,0
BRDA:606,133,1,0
BRDA:606,134,0,0
BRDA:606,134,1,0
BRDA:620,135,0,0
BRDA:622,136,0,0
BRDA:622,136,1,0
BRDA:624,137,0,0
BRDA:624,137,1,0
BRDA:641,138,0,0
BRDA:643,139,0,0
BRDA:643,139,1,0
BRDA:647,140,0,0
BRDA:647,141,0,0
BRDA:651,142,0,0
BRDA:651,142,1,0
BRDA:657,143,0,0
BRDA:657,143,1,0
BRDA:657,144,0,0
BRDA:657,144,1,0
BRDA:675,145,0,0
BRDA:675,145,1,0
BRF:260
BRH:0
end_of_record
TN:
SF:services/aerekos-record/mongodb/adapter.js
FN:34,(anonymous_0)
FN:47,(anonymous_1)
FN:57,(anonymous_2)
FN:70,(anonymous_3)
FN:74,(anonymous_4)
FN:87,(anonymous_5)
FN:94,(anonymous_6)
FN:98,(anonymous_7)
FN:111,(anonymous_8)
FN:116,(anonymous_9)
FN:123,(anonymous_10)
FN:129,(anonymous_11)
FN:136,(anonymous_12)
FN:145,(anonymous_13)
FN:147,(anonymous_14)
FN:149,(anonymous_15)
FN:151,(anonymous_16)
FN:157,(anonymous_17)
FN:161,(anonymous_18)
FN:165,(anonymous_19)
FN:175,(anonymous_20)
FN:177,(anonymous_21)
FN:184,(anonymous_22)
FN:187,(anonymous_23)
FN:200,(anonymous_24)
FN:202,(anonymous_25)
FN:207,(anonymous_26)
FN:224,(anonymous_27)
FN:237,(anonymous_28)
FN:239,(anonymous_29)
FN:266,(anonymous_30)
FN:270,(anonymous_31)
FN:274,(anonymous_32)
FN:278,(anonymous_33)
FN:282,(anonymous_34)
FN:286,(anonymous_35)
FN:290,(anonymous_36)
FN:294,(anonymous_37)
FN:298,(anonymous_38)
FN:302,(anonymous_39)
FN:306,(anonymous_40)
FN:310,(anonymous_41)
FN:314,(anonymous_42)
FN:318,(anonymous_43)
FN:322,(anonymous_44)
FN:326,(anonymous_45)
FN:330,(anonymous_46)
FN:334,(anonymous_47)
FN:338,(anonymous_48)
FN:342,(anonymous_49)
FN:346,(anonymous_50)
FN:351,(anonymous_51)
FN:378,(anonymous_52)
FN:386,(anonymous_53)
FN:399,(anonymous_54)
FN:406,(anonymous_55)
FN:413,(anonymous_56)
FN:417,(anonymous_57)
FN:428,(anonymous_58)
FN:431,(anonymous_59)
FN:438,(anonymous_60)
FN:439,(anonymous_61)
FN:441,(anonymous_62)
FN:442,(anonymous_63)
FN:451,(anonymous_64)
FN:453,(anonymous_65)
FN:461,(anonymous_66)
FN:467,(anonymous_67)
FN:473,(anonymous_68)
FN:500,(anonymous_69)
FN:508,(anonymous_70)
FN:521,(anonymous_71)
FN:533,(anonymous_72)
FN:545,(anonymous_73)
FN:552,(anonymous_74)
FN:585,(anonymous_75)
FN:594,(anonymous_76)
FN:605,(anonymous_77)
FN:614,(anonymous_78)
FNF:79
FNH:0
FNDA:0,(anonymous_0)
FNDA:0,(anonymous_1)
FNDA:0,(anonymous_2)
FNDA:0,(anonymous_3)
FNDA:0,(anonymous_4)
FNDA:0,(anonymous_5)
FNDA:0,(anonymous_6)
FNDA:0,(anonymous_7)
FNDA:0,(anonymous_8)
FNDA:0,(anonymous_9)
FNDA:0,(anonymous_10)
FNDA:0,(anonymous_11)
FNDA:0,(anonymous_12)
FNDA:0,(anonymous_13)
FNDA:0,(anonymous_14)
FNDA:0,(anonymous_15)
FNDA:0,(anonymous_16)
FNDA:0,(anonymous_17)
FNDA:0,(anonymous_18)
FNDA:0,(anonymous_19)
FNDA:0,(anonymous_20)
FNDA:0,(anonymous_21)
FNDA:0,(anonymous_22)
FNDA:0,(anonymous_23)
FNDA:0,(anonymous_24)
FNDA:0,(anonymous_25)
FNDA:0,(anonymous_26)
FNDA:0,(anonymous_27)
FNDA:0,(anonymous_28)
FNDA:0,(anonymous_29)
FNDA:0,(anonymous_30)
FNDA:0,(anonymous_31)
FNDA:0,(anonymous_32)
FNDA:0,(anonymous_33)
FNDA:0,(anonymous_34)
FNDA:0,(anonymous_35)
FNDA:0,(anonymous_36)
FNDA:0,(anonymous_37)
FNDA:0,(anonymous_38)
FNDA:0,(anonymous_39)
FNDA:0,(anonymous_40)
FNDA:0,(anonymous_41)
FNDA:0,(anonymous_42)
FNDA:0,(anonymous_43)
FNDA:0,(anonymous_44)
FNDA:0,(anonymous_45)
FNDA:0,(anonymous_46)
FNDA:0,(anonymous_47)
FNDA:0,(anonymous_48)
FNDA:0,(anonymous_49)
FNDA:0,(anonymous_50)
FNDA:0,(anonymous_51)
FNDA:0,(anonymous_52)
FNDA:0,(anonymous_53)
FNDA:0,(anonymous_54)
FNDA:0,(anonymous_55)
FNDA:0,(anonymous_56)
FNDA:0,(anonymous_57)
FNDA:0,(anonymous_58)
FNDA:0,(anonymous_59)
FNDA:0,(anonymous_60)
FNDA:0,(anonymous_61)
FNDA:0,(anonymous_62)
FNDA:0,(anonymous_63)
FNDA:0,(anonymous_64)
FNDA:0,(anonymous_65)
FNDA:0,(anonymous_66)
FNDA:0,(anonymous_67)
FNDA:0,(anonymous_68)
FNDA:0,(anonymous_69)
FNDA:0,(anonymous_70)
FNDA:0,(anonymous_71)
FNDA:0,(anonymous_72)
FNDA:0,(anonymous_73)
FNDA:0,(anonymous_74)
FNDA:0,(anonymous_75)
FNDA:0,(anonymous_76)
FNDA:0,(anonymous_77)
FNDA:0,(anonymous_78)
DA:1,0
DA:2,0
DA:16,0
DA:17,0
DA:19,0
DA:34,0
DA:35,0
DA:36,0
DA:37,0
DA:40,0
DA:41,0
DA:42,0
DA:44,0
DA:47,0
DA:48,0
DA:49,0
DA:50,0
DA:51,0
DA:52,0
DA:53,0
DA:55,0
DA:56,0
DA:57,0
DA:58,0
DA:59,0
DA:60,0
DA:61,0
DA:62,0
DA:65,0
DA:67,0
DA:70,0
DA:71,0
DA:72,0
DA:73,0
DA:75,0
DA:76,0
DA:78,0
DA:79,0
DA:80,0
DA:82,0
DA:87,0
DA:88,0
DA:89,0
DA:90,0
DA:91,0
DA:92,0
DA:94,0
DA:95,0
DA:96,0
DA:98,0
DA:99,0
DA:100,0
DA:101,0
DA:103,0
DA:104,0
DA:105,0
DA:108,0
DA:111,0
DA:112,0
DA:113,0
DA:116,0
DA:117,0
DA:119,0
DA:120,0
DA:121,0
DA:123,0
DA:124,0
DA:125,0
DA:127,0
DA:130,0
DA:135,0
DA:136,0
DA:137,0
DA:138,0
DA:140,0
DA:142,0
DA:145,0
DA:146,0
DA:147,0
DA:149,0
DA:150,0
DA:151,0
DA:152,0
DA:153,0
DA:154,0
DA:155,0
DA:158,0
DA:159,0
DA:162,0
DA:163,0
DA:166,0
DA:167,0
DA:175,0
DA:176,0
DA:177,0
DA:178,0
DA:179,0
DA:180,0
DA:181,0
DA:182,0
DA:185,0
DA:188,0
DA:189,0
DA:190,0
DA:192,0
DA:200,0
DA:201,0
DA:202,0
DA:203,0
DA:204,0
DA:205,0
DA:206,0
DA:208,0
DA:209,0
DA:210,0
DA:217,0
DA:218,0
DA:219,0
DA:221,0
DA:224,0
DA:225,0
DA:226,0
DA:227,0
DA:228,0
DA:230,0
DA:233,0
DA:236,0
DA:237,0
DA:238,0
DA:239,0
DA:240,0
DA:241,0
DA:242,0
DA:243,0
DA:246,0
DA:247,0
DA:248,0
DA:249,0
DA:254,0
DA:267,0
DA:268,0
DA:271,0
DA:272,0
DA:275,0
DA:276,0
DA:279,0
DA:280,0
DA:283,0
DA:284,0
DA:287,0
DA:288,0
DA:291,0
DA:292,0
DA:295,0
DA:296,0
DA:299,0
DA:300,0
DA:303,0
DA:304,0
DA:307,0
DA:308,0
DA:311,0
DA:312,0
DA:315,0
DA:316,0
DA:319,0
DA:320,0
DA:323,0
DA:324,0
DA:327,0
DA:328,0
DA:331,0
DA:332,0
DA:335,0
DA:336,0
DA:339,0
DA:340,0
DA:343,0
DA:344,0
DA:347,0
DA:348,0
DA:352,0
DA:353,0
DA:356,0
DA:357,0
DA:360,0
DA:362,0
DA:363,0
DA:366,0
DA:367,0
DA:369,0
DA:370,0
DA:371,0
DA:372,0
DA:373,0
DA:375,0
DA:376,0
DA:378,0
DA:379,0
DA:380,0
DA:381,0
DA:385,0
DA:386,0
DA:387,0
DA:390,0
DA:393,0
DA:394,0
DA:396,0
DA:400,0
DA:401,0
DA:402,0
DA:403,0
DA:407,0
DA:408,0
DA:409,0
DA:410,0
DA:414,0
DA:418,0
DA:419,0
DA:420,0
DA:422,0
DA:423,0
DA:424,0
DA:425,0
DA:427,0
DA:428,0
DA:430,0
DA:431,0
DA:435,0
DA:436,0
DA:437,0
DA:438,0
DA:439,0
DA:441,0
DA:442,0
DA:443,0
DA:444,0
DA:445,0
DA:446,0
DA:448,0
DA:450,0
DA:451,0
DA:452,0
DA:453,0
DA:454,0
DA:455,0
DA:456,0
DA:457,0
DA:458,0
DA:461,0
DA:464,0
DA:468,0
DA:469,0
DA:470,0
DA:474,0
DA:475,0
DA:477,0
DA:478,0
DA:481,0
DA:482,0
DA:484,0
DA:485,0
DA:487,0
DA:488,0
DA:491,0
DA:492,0
DA:494,0
DA:495,0
DA:497,0
DA:498,0
DA:500,0
DA:501,0
DA:502,0
DA:503,0
DA:507,0
DA:508,0
DA:509,0
DA:512,0
DA:515,0
DA:516,0
DA:518,0
DA:522,0
DA:523,0
DA:524,0
DA:526,0
DA:527,0
DA:528,0
DA:530,0
DA:534,0
DA:535,0
DA:536,0
DA:538,0
DA:539,0
DA:540,0
DA:542,0
DA:546,0
DA:547,0
DA:550,0
DA:552,0
DA:553,0
DA:554,0
DA:555,0
DA:556,0
DA:558,0
DA:562,0
DA:566,0
DA:567,0
DA:569,0
DA:572,0
DA:574,0
DA:579,0
DA:581,0
DA:582,0
DA:585,0
DA:586,0
DA:587,0
DA:588,0
DA:589,0
DA:594,0
DA:595,0
DA:596,0
DA:597,0
DA:598,0
DA:600,0
DA:605,0
DA:606,0
DA:608,0
DA:614,0
DA:617,0
LF:329
LH:0
BRDA:20,0,0,0
BRDA:20,0,1,0
BRDA:21,1,0,0
BRDA:21,1,1,0
BRDA:26,2,0,0
BRDA:26,2,1,0
BRDA:27,3,0,0
BRDA:27,3,1,0
BRDA:28,4,0,0
BRDA:28,4,1,0
BRDA:29,5,0,0
BRDA:29,5,1,0
BRDA:30,6,0,0
BRDA:30,6,1,0
BRDA:36,7,0,0
BRDA:36,7,1,0
BRDA:36,8,0,0
BRDA:36,8,1,0
BRDA:40,9,0,0
BRDA:40,9,1,0
BRDA:41,10,0,0
BRDA:41,10,1,0
BRDA:48,11,0,0
BRDA:48,11,1,0
BRDA:49,12,0,0
BRDA:49,12,1,0
BRDA:52,13,0,0
BRDA:52,13,1,0
BRDA:52,14,0,0
BRDA:52,14,1,0
BRDA:55,15,0,0
BRDA:55,15,1,0
BRDA:58,16,0,0
BRDA:58,16,1,0
BRDA:61,17,0,0
BRDA:61,17,1,0
BRDA:61,18,0,0
BRDA:61,18,1,0
BRDA:71,19,0,0
BRDA:71,19,1,0
BRDA:72,20,0,0
BRDA:72,20,1,0
BRDA:75,21,0,0
BRDA:75,21,1,0
BRDA:78,22,0,0
BRDA:78,22,1,0
BRDA:78,23,0,0
BRDA:78,23,1,0
BRDA:79,24,0,0
BRDA:79,24,1,0
BRDA:80,25,0,0
BRDA:80,25,1,0
BRDA:87,26,0,0
BRDA:95,27,0,0
BRDA:95,27,1,0
BRDA:96,28,0,0
BRDA:96,28,1,0
BRDA:99,29,0,0
BRDA:99,29,1,0
BRDA:119,30,0,0
BRDA:119,30,1,0
BRDA:135,31,0,0
BRDA:135,31,1,0
BRDA:135,32,0,0
BRDA:135,32,1,0
BRDA:150,33,0,0
BRDA:150,33,1,0
BRDA:153,34,0,0
BRDA:153,34,1,0
BRDA:157,35,0,0
BRDA:157,36,0,0
BRDA:165,37,0,0
BRDA:176,38,0,0
BRDA:176,38,1,0
BRDA:179,39,0,0
BRDA:179,39,1,0
BRDA:184,40,0,0
BRDA:188,41,0,0
BRDA:188,41,1,0
BRDA:201,42,0,0
BRDA:201,42,1,0
BRDA:204,43,0,0
BRDA:204,43,1,0
BRDA:207,44,0,0
BRDA:209,45,0,0
BRDA:209,45,1,0
BRDA:217,46,0,0
BRDA:217,46,1,0
BRDA:218,47,0,0
BRDA:218,47,1,0
BRDA:219,48,0,0
BRDA:219,48,1,0
BRDA:224,49,0,0
BRDA:224,50,0,0
BRDA:236,51,0,0
BRDA:236,51,1,0
BRDA:238,52,0,0
BRDA:238,52,1,0
BRDA:240,53,0,0
BRDA:240,53,1,0
BRDA:242,54,0,0
BRDA:242,54,1,0
BRDA:242,55,0,0
BRDA:242,55,1,0
BRDA:246,56,0,0
BRDA:246,56,1,0
BRDA:248,57,0,0
BRDA:248,57,1,0
BRDA:248,58,0,0
BRDA:248,58,1,0
BRDA:263,59,0,0
BRDA:263,59,1,0
BRDA:266,60,0,0
BRDA:270,61,0,0
BRDA:274,62,0,0
BRDA:278,63,0,0
BRDA:282,64,0,0
BRDA:286,65,0,0
BRDA:290,66,0,0
BRDA:294,67,0,0
BRDA:298,68,0,0
BRDA:302,69,0,0
BRDA:306,70,0,0
BRDA:310,71,0,0
BRDA:314,72,0,0
BRDA:318,73,0,0
BRDA:322,74,0,0
BRDA:326,75,0,0
BRDA:330,76,0,0
BRDA:334,77,0,0
BRDA:338,78,0,0
BRDA:342,79,0,0
BRDA:353,80,0,0
BRDA:353,80,1,0
BRDA:360,81,0,0
BRDA:360,81,1,0
BRDA:371,82,0,0
BRDA:371,82,1,0
BRDA:385,83,0,0
BRDA:385,83,1,0
BRDA:385,84,0,0
BRDA:385,84,1,0
BRDA:399,85,0,0
BRDA:403,86,0,0
BRDA:403,86,1,0
BRDA:406,87,0,0
BRDA:410,88,0,0
BRDA:410,88,1,0
BRDA:413,89,0,0
BRDA:417,90,0,0
BRDA:417,91,0,0
BRDA:423,92,0,0
BRDA:423,92,1,0
BRDA:424,93,0,0
BRDA:424,93,1,0
BRDA:425,94,0,0
BRDA:425,94,1,0
BRDA:430,95,0,0
BRDA:430,95,1,0
BRDA:436,96,0,0
BRDA:436,96,1,0
BRDA:444,97,0,0
BRDA:444,97,1,0
BRDA:444,98,0,0
BRDA:444,98,1,0
BRDA:455,99,0,0
BRDA:455,99,1,0
BRDA:456,100,0,0
BRDA:456,100,1,0
BRDA:457,101,0,0
BRDA:457,101,1,0
BRDA:461,102,0,0
BRDA:461,102,1,0
BRDA:467,103,0,0
BRDA:467,104,0,0
BRDA:475,105,0,0
BRDA:475,105,1,0
BRDA:478,106,0,0
BRDA:478,106,1,0
BRDA:485,107,0,0
BRDA:485,107,1,0
BRDA:495,108,0,0
BRDA:495,108,1,0
BRDA:498,109,0,0
BRDA:498,109,1,0
BRDA:502,110,0,0
BRDA:502,110,1,0
BRDA:507,111,0,0
BRDA:507,111,1,0
BRDA:507,112,0,0
BRDA:507,112,1,0
BRDA:521,113,0,0
BRDA:522,114,0,0
BRDA:522,114,1,0
BRDA:524,115,0,0
BRDA:524,115,1,0
BRDA:533,116,0,0
BRDA:534,117,0,0
BRDA:534,117,1,0
BRDA:536,118,0,0
BRDA:536,118,1,0
BRDA:545,119,0,0
BRDA:545,120,0,0
BRDA:547,121,0,0
BRDA:547,121,1,0
BRDA:554,122,0,0
BRDA:554,122,1,0
BRDA:554,123,0,0
BRDA:554,123,1,0
BRDA:555,124,0,0
BRDA:555,124,1,0
BRDA:559,125,0,0
BRDA:559,125,1,0
BRDA:566,126,0,0
BRDA:566,126,1,0
BRDA:586,127,0,0
BRDA:586,127,1,0
BRDA:606,128,0,0
BRDA:606,128,1,0
BRDA:609,129,0,0
BRDA:609,129,1,0
BRF:221
BRH:0
end_of_record
TN:
SF:services/aerekos-record/neo4j/adapter.js
FN:32,(anonymous_0)
FN:38,(anonymous_1)
FN:77,(anonymous_2)
FN:81,(anonymous_3)
FN:94,(anonymous_4)
FN:115,(anonymous_5)
FN:125,(anonymous_6)
FN:142,(anonymous_7)
FN:149,(anonymous_8)
FN:151,(anonymous_9)
FN:157,(anonymous_10)
FN:164,(anonymous_11)
FN:173,(anonymous_12)
FN:175,(anonymous_13)
FN:177,(anonymous_14)
FN:179,(anonymous_15)
FN:185,(anonymous_16)
FN:189,(anonymous_17)
FN:204,(anonymous_18)
FN:212,(anonymous_19)
FN:218,(anonymous_20)
FN:221,(anonymous_21)
FN:224,(anonymous_22)
FN:233,(anonymous_23)
FN:235,(anonymous_24)
FN:242,(anonymous_25)
FN:245,(anonymous_26)
FN:258,(anonymous_27)
FN:260,(anonymous_28)
FN:265,(anonymous_29)
FN:282,(anonymous_30)
FN:289,(anonymous_31)
FN:301,(anonymous_32)
FN:303,(anonymous_33)
FN:318,(anonymous_34)
FN:319,(anonymous_35)
FN:338,(anonymous_36)
FN:342,(anonymous_37)
FN:346,(anonymous_38)
FN:350,(anonymous_39)
FN:354,(anonymous_40)
FN:358,(anonymous_41)
FN:362,(anonymous_42)
FN:366,(anonymous_43)
FN:370,(anonymous_44)
FN:374,(anonymous_45)
FN:378,(anonymous_46)
FN:382,(anonymous_47)
FN:386,(anonymous_48)
FN:390,(anonymous_49)
FN:394,(anonymous_50)
FN:398,(anonymous_51)
FN:402,(anonymous_52)
FN:406,(anonymous_53)
FN:410,(anonymous_54)
FN:414,(anonymous_55)
FN:418,(anonymous_56)
FN:423,(anonymous_57)
FN:452,(anonymous_58)
FN:461,(anonymous_59)
FN:474,(anonymous_60)
FN:484,(anonymous_61)
FN:494,(anonymous_62)
FN:498,(anonymous_63)
FN:511,(anonymous_64)
FN:516,(anonymous_65)
FN:517,(anonymous_66)
FN:522,(anonymous_67)
FN:525,(anonymous_68)
FN:526,(anonymous_69)
FN:528,(anonymous_70)
FN:537,(anonymous_71)
FN:539,(anonymous_72)
FN:547,(anonymous_73)
FN:550,(anonymous_74)
FN:560,(anonymous_75)
FN:591,(anonymous_76)
FN:592,(anonymous_77)
FN:601,(anonymous_78)
FN:614,(anonymous_79)
FN:628,(anonymous_80)
FN:634,(anonymous_81)
FN:649,(anonymous_82)
FN:656,(anonymous_83)
FN:665,(anonymous_84)
FN:692,(anonymous_85)
FN:707,(anonymous_86)
FN:716,(anonymous_87)
FN:742,(anonymous_88)
FN:758,(anonymous_89)
FN:763,(anonymous_90)
FN:764,(anonymous_91)
FN:766,(anonymous_92)
FN:768,(anonymous_93)
FN:779,(anonymous_94)
FN:785,(anonymous_95)
FN:796,(anonymous_96)
FN:800,(anonymous_97)
FN:802,(anonymous_98)
FN:816,(anonymous_99)
FN:839,(anonymous_100)
FN:844,(anonymous_101)
FN:856,(anonymous_102)
FNF:103
FNH:0
FNDA:0,(anonymous_0)
FNDA:0,(anonymous_1)
FNDA:0,(anonymous_2)
FNDA:0,(anonymous_3)
FNDA:0,(anonymous_4)
FNDA:0,(anonymous_5)
FNDA:0,(anonymous_6)
FNDA:0,(anonymous_7)
FNDA:0,(anonymous_8)
FNDA:0,(anonymous_9)
FNDA:0,(anonymous_10)
FNDA:0,(anonymous_11)
FNDA:0,(anonymous_12)
FNDA:0,(anonymous_13)
FNDA:0,(anonymous_14)
FNDA:0,(anonymous_15)
FNDA:0,(anonymous_16)
FNDA:0,(anonymous_17)
FNDA:0,(anonymous_18)
FNDA:0,(anonymous_19)
FNDA:0,(anonymous_20)
FNDA:0,(anonymous_21)
FNDA:0,(anonymous_22)
FNDA:0,(anonymous_23)
FNDA:0,(anonymous_24)
FNDA:0,(anonymous_25)
FNDA:0,(anonymous_26)
FNDA:0,(anonymous_27)
FNDA:0,(anonymous_28)
FNDA:0,(anonymous_29)
FNDA:0,(anonymous_30)
FNDA:0,(anonymous_31)
FNDA:0,(anonymous_32)
FNDA:0,(anonymous_33)
FNDA:0,(anonymous_34)
FNDA:0,(anonymous_35)
FNDA:0,(anonymous_36)
FNDA:0,(anonymous_37)
FNDA:0,(anonymous_38)
FNDA:0,(anonymous_39)
FNDA:0,(anonymous_40)
FNDA:0,(anonymous_41)
FNDA:0,(anonymous_42)
FNDA:0,(anonymous_43)
FNDA:0,(anonymous_44)
FNDA:0,(anonymous_45)
FNDA:0,(anonymous_46)
FNDA:0,(anonymous_47)
FNDA:0,(anonymous_48)
FNDA:0,(anonymous_49)
FNDA:0,(anonymous_50)
FNDA:0,(anonymous_51)
FNDA:0,(anonymous_52)
FNDA:0,(anonymous_53)
FNDA:0,(anonymous_54)
FNDA:0,(anonymous_55)
FNDA:0,(anonymous_56)
FNDA:0,(anonymous_57)
FNDA:0,(anonymous_58)
FNDA:0,(anonymous_59)
FNDA:0,(anonymous_60)
FNDA:0,(anonymous_61)
FNDA:0,(anonymous_62)
FNDA:0,(anonymous_63)
FNDA:0,(anonymous_64)
FNDA:0,(anonymous_65)
FNDA:0,(anonymous_66)
FNDA:0,(anonymous_67)
FNDA:0,(anonymous_68)
FNDA:0,(anonymous_69)
FNDA:0,(anonymous_70)
FNDA:0,(anonymous_71)
FNDA:0,(anonymous_72)
FNDA:0,(anonymous_73)
FNDA:0,(anonymous_74)
FNDA:0,(anonymous_75)
FNDA:0,(anonymous_76)
FNDA:0,(anonymous_77)
FNDA:0,(anonymous_78)
FNDA:0,(anonymous_79)
FNDA:0,(anonymous_80)
FNDA:0,(anonymous_81)
FNDA:0,(anonymous_82)
FNDA:0,(anonymous_83)
FNDA:0,(anonymous_84)
FNDA:0,(anonymous_85)
FNDA:0,(anonymous_86)
FNDA:0,(anonymous_87)
FNDA:0,(anonymous_88)
FNDA:0,(anonymous_89)
FNDA:0,(anonymous_90)
FNDA:0,(anonymous_91)
FNDA:0,(anonymous_92)
FNDA:0,(anonymous_93)
FNDA:0,(anonymous_94)
FNDA:0,(anonymous_95)
FNDA:0,(anonymous_96)
FNDA:0,(anonymous_97)
FNDA:0,(anonymous_98)
FNDA:0,(anonymous_99)
FNDA:0,(anonymous_100)
FNDA:0,(anonymous_101)
FNDA:0,(anonymous_102)
DA:1,0
DA:2,0
DA:17,0
DA:18,0
DA:20,0
DA:32,0
DA:33,0
DA:34,0
DA:35,0
DA:36,0
DA:38,0
DA:39,0
DA:40,0
DA:41,0
DA:42,0
DA:43,0
DA:44,0
DA:45,0
DA:46,0
DA:47,0
DA:49,0
DA:50,0
DA:51,0
DA:52,0
DA:54,0
DA:55,0
DA:56,0
DA:57,0
DA:59,0
DA:60,0
DA:61,0
DA:62,0
DA:64,0
DA:65,0
DA:66,0
DA:67,0
DA:69,0
DA:70,0
DA:73,0
DA:74,0
DA:77,0
DA:78,0
DA:79,0
DA:80,0
DA:82,0
DA:83,0
DA:85,0
DA:86,0
DA:87,0
DA:89,0
DA:94,0
DA:95,0
DA:96,0
DA:100,0
DA:101,0
DA:106,0
DA:107,0
DA:112,0
DA:115,0
DA:116,0
DA:117,0
DA:122,0
DA:123,0
DA:125,0
DA:126,0
DA:128,0
DA:130,0
DA:134,0
DA:135,0
DA:136,0
DA:138,0
DA:142,0
DA:143,0
DA:144,0
DA:145,0
DA:149,0
DA:150,0
DA:151,0
DA:152,0
DA:153,0
DA:155,0
DA:158,0
DA:163,0
DA:164,0
DA:165,0
DA:166,0
DA:168,0
DA:170,0
DA:173,0
DA:174,0
DA:175,0
DA:177,0
DA:178,0
DA:179,0
DA:180,0
DA:181,0
DA:182,0
DA:183,0
DA:186,0
DA:187,0
DA:190,0
DA:191,0
DA:192,0
DA:193,0
DA:202,0
DA:205,0
DA:206,0
DA:211,0
DA:212,0
DA:213,0
DA:214,0
DA:215,0
DA:216,0
DA:219,0
DA:222,0
DA:225,0
DA:233,0
DA:234,0
DA:235,0
DA:236,0
DA:237,0
DA:238,0
DA:239,0
DA:240,0
DA:243,0
DA:246,0
DA:247,0
DA:248,0
DA:250,0
DA:258,0
DA:259,0
DA:260,0
DA:261,0
DA:262,0
DA:263,0
DA:264,0
DA:266,0
DA:267,0
DA:268,0
DA:275,0
DA:276,0
DA:277,0
DA:279,0
DA:282,0
DA:283,0
DA:284,0
DA:285,0
DA:286,0
DA:287,0
DA:289,0
DA:291,0
DA:294,0
DA:297,0
DA:300,0
DA:301,0
DA:302,0
DA:303,0
DA:304,0
DA:305,0
DA:306,0
DA:307,0
DA:310,0
DA:311,0
DA:312,0
DA:313,0
DA:318,0
DA:319,0
DA:320,0
DA:321,0
DA:325,0
DA:339,0
DA:340,0
DA:343,0
DA:344,0
DA:347,0
DA:348,0
DA:351,0
DA:352,0
DA:355,0
DA:356,0
DA:359,0
DA:360,0
DA:363,0
DA:364,0
DA:367,0
DA:368,0
DA:371,0
DA:372,0
DA:375,0
DA:376,0
DA:379,0
DA:380,0
DA:383,0
DA:384,0
DA:387,0
DA:388,0
DA:391,0
DA:392,0
DA:395,0
DA:396,0
DA:399,0
DA:400,0
DA:403,0
DA:404,0
DA:407,0
DA:408,0
DA:411,0
DA:412,0
DA:415,0
DA:416,0
DA:419,0
DA:420,0
DA:424,0
DA:426,0
DA:427,0
DA:430,0
DA:431,0
DA:434,0
DA:436,0
DA:437,0
DA:440,0
DA:441,0
DA:443,0
DA:444,0
DA:445,0
DA:446,0
DA:447,0
DA:449,0
DA:452,0
DA:453,0
DA:454,0
DA:455,0
DA:456,0
DA:460,0
DA:461,0
DA:462,0
DA:465,0
DA:468,0
DA:469,0
DA:471,0
DA:475,0
DA:476,0
DA:477,0
DA:478,0
DA:479,0
DA:480,0
DA:481,0
DA:485,0
DA:486,0
DA:487,0
DA:488,0
DA:489,0
DA:490,0
DA:491,0
DA:495,0
DA:499,0
DA:500,0
DA:501,0
DA:502,0
DA:503,0
DA:504,0
DA:505,0
DA:507,0
DA:508,0
DA:509,0
DA:510,0
DA:511,0
DA:515,0
DA:516,0
DA:517,0
DA:519,0
DA:520,0
DA:521,0
DA:522,0
DA:523,0
DA:525,0
DA:526,0
DA:528,0
DA:529,0
DA:530,0
DA:531,0
DA:532,0
DA:534,0
DA:536,0
DA:537,0
DA:538,0
DA:539,0
DA:540,0
DA:541,0
DA:542,0
DA:543,0
DA:544,0
DA:547,0
DA:551,0
DA:552,0
DA:553,0
DA:554,0
DA:555,0
DA:556,0
DA:557,0
DA:561,0
DA:563,0
DA:564,0
DA:566,0
DA:567,0
DA:570,0
DA:571,0
DA:574,0
DA:575,0
DA:577,0
DA:578,0
DA:581,0
DA:582,0
DA:584,0
DA:585,0
DA:587,0
DA:588,0
DA:591,0
DA:592,0
DA:593,0
DA:594,0
DA:595,0
DA:596,0
DA:600,0
DA:601,0
DA:602,0
DA:605,0
DA:608,0
DA:609,0
DA:611,0
DA:615,0
DA:616,0
DA:617,0
DA:618,0
DA:619,0
DA:621,0
DA:622,0
DA:623,0
DA:624,0
DA:625,0
DA:626,0
DA:628,0
DA:629,0
DA:630,0
DA:631,0
DA:635,0
DA:636,0
DA:637,0
DA:638,0
DA:639,0
DA:641,0
DA:642,0
DA:643,0
DA:644,0
DA:645,0
DA:646,0
DA:647,0
DA:649,0
DA:650,0
DA:651,0
DA:652,0
DA:653,0
DA:657,0
DA:659,0
DA:660,0
DA:663,0
DA:665,0
DA:666,0
DA:667,0
DA:668,0
DA:669,0
DA:671,0
DA:672,0
DA:673,0
DA:674,0
DA:678,0
DA:679,0
DA:681,0
DA:684,0
DA:686,0
DA:691,0
DA:693,0
DA:694,0
DA:696,0
DA:697,0
DA:698,0
DA:699,0
DA:701,0
DA:703,0
DA:704,0
DA:705,0
DA:708,0
DA:709,0
DA:711,0
DA:712,0
DA:714,0
DA:717,0
DA:718,0
DA:719,0
DA:720,0
DA:721,0
DA:722,0
DA:723,0
DA:724,0
DA:725,0
DA:726,0
DA:727,0
DA:728,0
DA:729,0
DA:730,0
DA:731,0
DA:732,0
DA:737,0
DA:738,0
DA:739,0
DA:740,0
DA:743,0
DA:744,0
DA:745,0
DA:746,0
DA:747,0
DA:748,0
DA:749,0
DA:750,0
DA:751,0
DA:752,0
DA:753,0
DA:754,0
DA:755,0
DA:756,0
DA:757,0
DA:758,0
DA:763,0
DA:764,0
DA:765,0
DA:766,0
DA:769,0
DA:770,0
DA:771,0
DA:772,0
DA:773,0
DA:774,0
DA:775,0
DA:776,0
DA:777,0
DA:778,0
DA:779,0
DA:780,0
DA:781,0
DA:782,0
DA:783,0
DA:786,0
DA:787,0
DA:788,0
DA:789,0
DA:790,0
DA:791,0
DA:792,0
DA:793,0
DA:794,0
DA:795,0
DA:796,0
DA:797,0
DA:798,0
DA:799,0
DA:800,0
DA:803,0
DA:804,0
DA:805,0
DA:806,0
DA:807,0
DA:808,0
DA:809,0
DA:810,0
DA:811,0
DA:812,0
DA:813,0
DA:814,0
DA:817,0
DA:818,0
DA:819,0
DA:820,0
DA:821,0
DA:822,0
DA:823,0
DA:824,0
DA:825,0
DA:826,0
DA:827,0
DA:828,0
DA:833,0
DA:835,0
DA:836,0
DA:839,0
DA:840,0
DA:844,0
DA:845,0
DA:846,0
DA:847,0
DA:848,0
DA:849,0
DA:851,0
DA:856,0
DA:858,0
DA:864,0
DA:867,0
LF:506
LH:0
BRDA:21,0,0,0
BRDA:21,0,1,0
BRDA:22,1,0,0
BRDA:22,1,1,0
BRDA:23,2,0,0
BRDA:23,2,1,0
BRDA:24,3,0,0
BRDA:24,3,1,0
BRDA:27,4,0,0
BRDA:27,4,1,0
BRDA:28,5,0,0
BRDA:28,5,1,0
BRDA:29,6,0,0
BRDA:29,6,1,0
BRDA:35,7,0,0
BRDA:35,7,1,0
BRDA:35,8,0,0
BRDA:35,8,1,0
BRDA:38,9,0,0
BRDA:38,9,1,0
BRDA:40,10,0,0
BRDA:40,10,1,0
BRDA:43,11,0,0
BRDA:43,11,1,0
BRDA:43,12,0,0
BRDA:43,12,1,0
BRDA:43,12,2,0
BRDA:43,12,3,0
BRDA:43,12,4,0
BRDA:44,13,0,0
BRDA:44,13,1,0
BRDA:49,14,0,0
BRDA:49,14,1,0
BRDA:54,15,0,0
BRDA:54,15,1,0
BRDA:59,16,0,0
BRDA:59,16,1,0
BRDA:64,17,0,0
BRDA:64,17,1,0
BRDA:64,18,0,0
BRDA:64,18,1,0
BRDA:73,19,0,0
BRDA:73,19,1,0
BRDA:78,20,0,0
BRDA:78,20,1,0
BRDA:79,21,0,0
BRDA:79,21,1,0
BRDA:82,22,0,0
BRDA:82,22,1,0
BRDA:85,23,0,0
BRDA:85,23,1,0
BRDA:85,24,0,0
BRDA:85,24,1,0
BRDA:86,25,0,0
BRDA:86,25,1,0
BRDA:87,26,0,0
BRDA:87,26,1,0
BRDA:100,27,0,0
BRDA:100,27,1,0
BRDA:106,28,0,0
BRDA:106,28,1,0
BRDA:115,29,0,0
BRDA:125,30,0,0
BRDA:125,31,0,0
BRDA:125,32,0,0
BRDA:126,33,0,0
BRDA:126,33,1,0
BRDA:131,34,0,0
BRDA:131,34,1,0
BRDA:163,35,0,0
BRDA:163,35,1,0
BRDA:163,36,0,0
BRDA:163,36,1,0
BRDA:178,37,0,0
BRDA:178,37,1,0
BRDA:181,38,0,0
BRDA:181,38,1,0
BRDA:185,39,0,0
BRDA:185,40,0,0
BRDA:189,41,0,0
BRDA:189,42,0,0
BRDA:192,43,0,0
BRDA:192,43,1,0
BRDA:204,44,0,0
BRDA:211,45,0,0
BRDA:211,45,1,0
BRDA:215,46,0,0
BRDA:215,46,1,0
BRDA:218,47,0,0
BRDA:218,48,0,0
BRDA:224,49,0,0
BRDA:234,50,0,0
BRDA:234,50,1,0
BRDA:237,51,0,0
BRDA:237,51,1,0
BRDA:242,52,0,0
BRDA:246,53,0,0
BRDA:246,53,1,0
BRDA:259,54,0,0
BRDA:259,54,1,0
BRDA:262,55,0,0
BRDA:262,55,1,0
BRDA:265,56,0,0
BRDA:267,57,0,0
BRDA:267,57,1,0
BRDA:275,58,0,0
BRDA:275,58,1,0
BRDA:276,59,0,0
BRDA:276,59,1,0
BRDA:277,60,0,0
BRDA:277,60,1,0
BRDA:282,61,0,0
BRDA:282,62,0,0
BRDA:300,63,0,0
BRDA:300,63,1,0
BRDA:302,64,0,0
BRDA:302,64,1,0
BRDA:304,65,0,0
BRDA:304,65,1,0
BRDA:306,66,0,0
BRDA:306,66,1,0
BRDA:306,67,0,0
BRDA:306,67,1,0
BRDA:310,68,0,0
BRDA:310,68,1,0
BRDA:312,69,0,0
BRDA:312,69,1,0
BRDA:312,70,0,0
BRDA:312,70,1,0
BRDA:318,71,0,0
BRDA:335,72,0,0
BRDA:335,72,1,0
BRDA:338,73,0,0
BRDA:342,74,0,0
BRDA:346,75,0,0
BRDA:350,76,0,0
BRDA:354,77,0,0
BRDA:358,78,0,0
BRDA:362,79,0,0
BRDA:366,80,0,0
BRDA:370,81,0,0
BRDA:374,82,0,0
BRDA:378,83,0,0
BRDA:382,84,0,0
BRDA:386,85,0,0
BRDA:390,86,0,0
BRDA:394,87,0,0
BRDA:398,88,0,0
BRDA:402,89,0,0
BRDA:406,90,0,0
BRDA:410,91,0,0
BRDA:414,92,0,0
BRDA:427,93,0,0
BRDA:427,93,1,0
BRDA:434,94,0,0
BRDA:434,94,1,0
BRDA:445,95,0,0
BRDA:445,95,1,0
BRDA:460,96,0,0
BRDA:460,96,1,0
BRDA:460,97,0,0
BRDA:460,97,1,0
BRDA:474,98,0,0
BRDA:481,99,0,0
BRDA:481,99,1,0
BRDA:484,100,0,0
BRDA:491,101,0,0
BRDA:491,101,1,0
BRDA:494,102,0,0
BRDA:498,103,0,0
BRDA:498,104,0,0
BRDA:502,105,0,0
BRDA:502,105,1,0
BRDA:502,106,0,0
BRDA:502,106,1,0
BRDA:503,107,0,0
BRDA:503,107,1,0
BRDA:504,108,0,0
BRDA:504,108,1,0
BRDA:507,109,0,0
BRDA:507,109,1,0
BRDA:511,110,0,0
BRDA:511,110,1,0
BRDA:521,111,0,0
BRDA:521,111,1,0
BRDA:523,112,0,0
BRDA:523,112,1,0
BRDA:526,113,0,0
BRDA:526,113,1,0
BRDA:530,114,0,0
BRDA:530,114,1,0
BRDA:530,115,0,0
BRDA:530,115,1,0
BRDA:541,116,0,0
BRDA:541,116,1,0
BRDA:542,117,0,0
BRDA:542,117,1,0
BRDA:543,118,0,0
BRDA:543,118,1,0
BRDA:547,119,0,0
BRDA:547,119,1,0
BRDA:550,120,0,0
BRDA:550,121,0,0
BRDA:557,122,0,0
BRDA:557,122,1,0
BRDA:564,123,0,0
BRDA:564,123,1,0
BRDA:567,124,0,0
BRDA:567,124,1,0
BRDA:575,125,0,0
BRDA:575,125,1,0
BRDA:585,126,0,0
BRDA:585,126,1,0
BRDA:588,127,0,0
BRDA:588,127,1,0
BRDA:596,128,0,0
BRDA:596,128,1,0
BRDA:600,129,0,0
BRDA:600,129,1,0
BRDA:600,130,0,0
BRDA:600,130,1,0
BRDA:614,131,0,0
BRDA:617,132,0,0
BRDA:617,132,1,0
BRDA:619,133,0,0
BRDA:619,133,1,0
BRDA:623,134,0,0
BRDA:623,134,1,0
BRDA:634,135,0,0
BRDA:637,136,0,0
BRDA:637,136,1,0
BRDA:639,137,0,0
BRDA:639,137,1,0
BRDA:643,138,0,0
BRDA:643,138,1,0
BRDA:647,139,0,0
BRDA:647,139,1,0
BRDA:653,140,0,0
BRDA:653,140,1,0
BRDA:656,141,0,0
BRDA:656,142,0,0
BRDA:660,143,0,0
BRDA:660,143,1,0
BRDA:666,144,0,0
BRDA:666,144,1,0
BRDA:666,145,0,0
BRDA:666,145,1,0
BRDA:678,146,0,0
BRDA:678,146,1,0
BRDA:692,147,0,0
BRDA:692,148,0,0
BRDA:694,149,0,0
BRDA:694,149,1,0
BRDA:696,150,0,0
BRDA:696,150,1,0
BRDA:698,151,0,0
BRDA:698,151,1,0
BRDA:705,152,0,0
BRDA:705,152,1,0
BRDA:707,153,0,0
BRDA:716,154,0,0
BRDA:716,155,0,0
BRDA:716,156,0,0
BRDA:716,157,0,0
BRDA:716,158,0,0
BRDA:718,159,0,0
BRDA:718,159,1,0
BRDA:722,160,0,0
BRDA:722,160,1,0
BRDA:722,161,0,0
BRDA:722,161,1,0
BRDA:726,162,0,0
BRDA:726,162,1,0
BRDA:726,163,0,0
BRDA:726,163,1,0
BRDA:726,164,0,0
BRDA:726,164,1,0
BRDA:729,165,0,0
BRDA:729,165,1,0
BRDA:730,166,0,0
BRDA:730,166,1,0
BRDA:734,167,0,0
BRDA:734,167,1,0
BRDA:737,168,0,0
BRDA:737,168,1,0
BRDA:738,169,0,0
BRDA:738,169,1,0
BRDA:740,170,0,0
BRDA:740,170,1,0
BRDA:743,171,0,0
BRDA:743,172,0,0
BRDA:743,173,0,0
BRDA:743,174,0,0
BRDA:743,175,0,0
BRDA:743,176,0,0
BRDA:743,176,1,0
BRDA:745,177,0,0
BRDA:745,177,1,0
BRDA:749,178,0,0
BRDA:749,178,1,0
BRDA:749,179,0,0
BRDA:749,179,1,0
BRDA:753,180,0,0
BRDA:753,180,1,0
BRDA:753,181,0,0
BRDA:753,181,1,0
BRDA:753,182,0,0
BRDA:753,182,1,0
BRDA:756,183,0,0
BRDA:756,183,1,0
BRDA:760,184,0,0
BRDA:760,184,1,0
BRDA:763,185,0,0
BRDA:763,185,1,0
BRDA:764,186,0,0
BRDA:764,186,1,0
BRDA:766,187,0,0
BRDA:766,187,1,0
BRDA:768,188,0,0
BRDA:768,189,0,0
BRDA:768,190,0,0
BRDA:768,191,0,0
BRDA:770,192,0,0
BRDA:770,192,1,0
BRDA:774,193,0,0
BRDA:774,193,1,0
BRDA:774,194,0,0
BRDA:774,194,1,0
BRDA:777,195,0,0
BRDA:777,195,1,0
BRDA:778,196,0,0
BRDA:778,196,1,0
BRDA:783,197,0,0
BRDA:783,197,1,0
BRDA:785,198,0,0
BRDA:785,199,0,0
BRDA:785,200,0,0
BRDA:785,201,0,0
BRDA:787,202,0,0
BRDA:787,202,1,0
BRDA:791,203,0,0
BRDA:791,203,1,0
BRDA:791,204,0,0
BRDA:791,204,1,0
BRDA:794,205,0,0
BRDA:794,205,1,0
BRDA:795,206,0,0
BRDA:795,206,1,0
BRDA:802,207,0,0
BRDA:802,208,0,0
BRDA:802,209,0,0
BRDA:804,210,0,0
BRDA:804,210,1,0
BRDA:808,211,0,0
BRDA:808,211,1,0
BRDA:808,212,0,0
BRDA:808,212,1,0
BRDA:816,213,0,0
BRDA:816,214,0,0
BRDA:816,215,0,0
BRDA:818,216,0,0
BRDA:818,216,1,0
BRDA:822,217,0,0
BRDA:822,217,1,0
BRDA:822,218,0,0
BRDA:822,218,1,0
BRF:366
BRH:0
end_of_record
TN:
SF:services/aerekos-record/psql/adapter.js
FN:32,(anonymous_0)
FN:41,(anonymous_1)
FN:47,(anonymous_2)
FN:90,(anonymous_3)
FN:101,(anonymous_4)
FN:105,(anonymous_5)
FN:118,(anonymous_6)
FN:123,(anonymous_7)
FN:135,(anonymous_8)
FN:176,(anonymous_9)
FN:178,(anonymous_10)
FN:184,(anonymous_11)
FN:191,(anonymous_12)
FN:200,(anonymous_13)
FN:202,(anonymous_14)
FN:204,(anonymous_15)
FN:206,(anonymous_16)
FN:212,(anonymous_17)
FN:216,(anonymous_18)
FN:220,(anonymous_19)
FN:230,(anonymous_20)
FN:232,(anonymous_21)
FN:239,(anonymous_22)
FN:242,(anonymous_23)
FN:255,(anonymous_24)
FN:257,(anonymous_25)
FN:262,(anonymous_26)
FN:279,(anonymous_27)
FN:286,(anonymous_28)
FN:298,(anonymous_29)
FN:300,(anonymous_30)
FN:328,(anonymous_31)
FN:332,(anonymous_32)
FN:336,(anonymous_33)
FN:340,(anonymous_34)
FN:344,(anonymous_35)
FN:348,(anonymous_36)
FN:352,(anonymous_37)
FN:356,(anonymous_38)
FN:360,(anonymous_39)
FN:364,(anonymous_40)
FN:368,(anonymous_41)
FN:372,(anonymous_42)
FN:376,(anonymous_43)
FN:380,(anonymous_44)
FN:384,(anonymous_45)
FN:388,(anonymous_46)
FN:392,(anonymous_47)
FN:396,(anonymous_48)
FN:400,(anonymous_49)
FN:404,(anonymous_50)
FN:408,(anonymous_51)
FN:413,(anonymous_52)
FN:441,(anonymous_53)
FN:443,(anonymous_54)
FN:455,(anonymous_55)
FN:468,(anonymous_56)
FN:475,(anonymous_57)
FN:482,(anonymous_58)
FN:486,(anonymous_59)
FN:495,(anonymous_60)
FN:498,(anonymous_61)
FN:505,(anonymous_62)
FN:506,(anonymous_63)
FN:508,(anonymous_64)
FN:509,(anonymous_65)
FN:518,(anonymous_66)
FN:520,(anonymous_67)
FN:528,(anonymous_68)
FN:534,(anonymous_69)
FN:541,(anonymous_70)
FN:570,(anonymous_71)
FN:571,(anonymous_72)
FN:582,(anonymous_73)
FN:595,(anonymous_74)
FN:607,(anonymous_75)
FN:613,(anonymous_76)
FN:616,(anonymous_77)
FN:628,(anonymous_78)
FN:637,(anonymous_79)
FN:646,(anonymous_80)
FN:675,(anonymous_81)
FN:680,(anonymous_82)
FN:692,(anonymous_83)
FNF:84
FNH:0
FNDA:0,(anonymous_0)
FNDA:0,(anonymous_1)
FNDA:0,(anonymous_2)
FNDA:0,(anonymous_3)
FNDA:0,(anonymous_4)
FNDA:0,(anonymous_5)
FNDA:0,(anonymous_6)
FNDA:0,(anonymous_7)
FNDA:0,(anonymous_8)
FNDA:0,(anonymous_9)
FNDA:0,(anonymous_10)
FNDA:0,(anonymous_11)
FNDA:0,(anonymous_12)
FNDA:0,(anonymous_13)
FNDA:0,(anonymous_14)
FNDA:0,(anonymous_15)
FNDA:0,(anonymous_16)
FNDA:0,(anonymous_17)
FNDA:0,(anonymous_18)
FNDA:0,(anonymous_19)
FNDA:0,(anonymous_20)
FNDA:0,(anonymous_21)
FNDA:0,(anonymous_22)
FNDA:0,(anonymous_23)
FNDA:0,(anonymous_24)
FNDA:0,(anonymous_25)
FNDA:0,(anonymous_26)
FNDA:0,(anonymous_27)
FNDA:0,(anonymous_28)
FNDA:0,(anonymous_29)
FNDA:0,(anonymous_30)
FNDA:0,(anonymous_31)
FNDA:0,(anonymous_32)
FNDA:0,(anonymous_33)
FNDA:0,(anonymous_34)
FNDA:0,(anonymous_35)
FNDA:0,(anonymous_36)
FNDA:0,(anonymous_37)
FNDA:0,(anonymous_38)
FNDA:0,(anonymous_39)
FNDA:0,(anonymous_40)
FNDA:0,(anonymous_41)
FNDA:0,(anonymous_42)
FNDA:0,(anonymous_43)
FNDA:0,(anonymous_44)
FNDA:0,(anonymous_45)
FNDA:0,(anonymous_46)
FNDA:0,(anonymous_47)
FNDA:0,(anonymous_48)
FNDA:0,(anonymous_49)
FNDA:0,(anonymous_50)
FNDA:0,(anonymous_51)
FNDA:0,(anonymous_52)
FNDA:0,(anonymous_53)
FNDA:0,(anonymous_54)
FNDA:0,(anonymous_55)
FNDA:0,(anonymous_56)
FNDA:0,(anonymous_57)
FNDA:0,(anonymous_58)
FNDA:0,(anonymous_59)
FNDA:0,(anonymous_60)
FNDA:0,(anonymous_61)
FNDA:0,(anonymous_62)
FNDA:0,(anonymous_63)
FNDA:0,(anonymous_64)
FNDA:0,(anonymous_65)
FNDA:0,(anonymous_66)
FNDA:0,(anonymous_67)
FNDA:0,(anonymous_68)
FNDA:0,(anonymous_69)
FNDA:0,(anonymous_70)
FNDA:0,(anonymous_71)
FNDA:0,(anonymous_72)
FNDA:0,(anonymous_73)
FNDA:0,(anonymous_74)
FNDA:0,(anonymous_75)
FNDA:0,(anonymous_76)
FNDA:0,(anonymous_77)
FNDA:0,(anonymous_78)
FNDA:0,(anonymous_79)
FNDA:0,(anonymous_80)
FNDA:0,(anonymous_81)
FNDA:0,(anonymous_82)
FNDA:0,(anonymous_83)
DA:1,0
DA:2,0
DA:16,0
DA:17,0
DA:19,0
DA:32,0
DA:33,0
DA:34,0
DA:35,0
DA:37,0
DA:38,0
DA:41,0
DA:42,0
DA:43,0
DA:44,0
DA:45,0
DA:46,0
DA:47,0
DA:48,0
DA:49,0
DA:51,0
DA:52,0
DA:53,0
DA:54,0
DA:55,0
DA:56,0
DA:58,0
DA:59,0
DA:60,0
DA:61,0
DA:63,0
DA:64,0
DA:65,0
DA:66,0
DA:68,0
DA:69,0
DA:70,0
DA:71,0
DA:73,0
DA:74,0
DA:75,0
DA:76,0
DA:78,0
DA:79,0
DA:80,0
DA:84,0
DA:90,0
DA:91,0
DA:92,0
DA:93,0
DA:95,0
DA:96,0
DA:98,0
DA:101,0
DA:102,0
DA:103,0
DA:104,0
DA:106,0
DA:107,0
DA:109,0
DA:110,0
DA:111,0
DA:113,0
DA:118,0
DA:119,0
DA:120,0
DA:121,0
DA:123,0
DA:124,0
DA:125,0
DA:127,0
DA:132,0
DA:134,0
DA:136,0
DA:137,0
DA:138,0
DA:139,0
DA:140,0
DA:141,0
DA:145,0
DA:157,0
DA:158,0
DA:159,0
DA:165,0
DA:166,0
DA:167,0
DA:172,0
DA:176,0
DA:177,0
DA:178,0
DA:179,0
DA:180,0
DA:182,0
DA:185,0
DA:190,0
DA:191,0
DA:192,0
DA:193,0
DA:195,0
DA:197,0
DA:200,0
DA:201,0
DA:202,0
DA:204,0
DA:205,0
DA:206,0
DA:207,0
DA:208,0
DA:209,0
DA:210,0
DA:213,0
DA:214,0
DA:217,0
DA:218,0
DA:221,0
DA:222,0
DA:230,0
DA:231,0
DA:232,0
DA:233,0
DA:234,0
DA:235,0
DA:236,0
DA:237,0
DA:240,0
DA:243,0
DA:244,0
DA:245,0
DA:247,0
DA:255,0
DA:256,0
DA:257,0
DA:258,0
DA:259,0
DA:260,0
DA:261,0
DA:263,0
DA:264,0
DA:265,0
DA:272,0
DA:273,0
DA:274,0
DA:276,0
DA:279,0
DA:280,0
DA:281,0
DA:282,0
DA:283,0
DA:284,0
DA:286,0
DA:288,0
DA:291,0
DA:294,0
DA:297,0
DA:298,0
DA:299,0
DA:300,0
DA:301,0
DA:302,0
DA:303,0
DA:304,0
DA:307,0
DA:308,0
DA:309,0
DA:310,0
DA:315,0
DA:329,0
DA:330,0
DA:333,0
DA:334,0
DA:337,0
DA:338,0
DA:341,0
DA:342,0
DA:345,0
DA:346,0
DA:349,0
DA:350,0
DA:353,0
DA:354,0
DA:357,0
DA:358,0
DA:361,0
DA:362,0
DA:365,0
DA:366,0
DA:369,0
DA:370,0
DA:373,0
DA:374,0
DA:377,0
DA:378,0
DA:381,0
DA:382,0
DA:385,0
DA:386,0
DA:389,0
DA:390,0
DA:393,0
DA:394,0
DA:397,0
DA:398,0
DA:401,0
DA:402,0
DA:405,0
DA:406,0
DA:409,0
DA:410,0
DA:414,0
DA:416,0
DA:417,0
DA:420,0
DA:421,0
DA:424,0
DA:426,0
DA:427,0
DA:430,0
DA:431,0
DA:433,0
DA:434,0
DA:435,0
DA:436,0
DA:437,0
DA:439,0
DA:441,0
DA:442,0
DA:443,0
DA:444,0
DA:446,0
DA:450,0
DA:454,0
DA:455,0
DA:456,0
DA:459,0
DA:462,0
DA:463,0
DA:465,0
DA:469,0
DA:470,0
DA:471,0
DA:472,0
DA:476,0
DA:477,0
DA:478,0
DA:479,0
DA:483,0
DA:487,0
DA:488,0
DA:489,0
DA:490,0
DA:491,0
DA:493,0
DA:494,0
DA:495,0
DA:497,0
DA:498,0
DA:502,0
DA:503,0
DA:504,0
DA:505,0
DA:506,0
DA:508,0
DA:509,0
DA:510,0
DA:511,0
DA:512,0
DA:513,0
DA:515,0
DA:517,0
DA:518,0
DA:519,0
DA:520,0
DA:521,0
DA:522,0
DA:523,0
DA:524,0
DA:525,0
DA:528,0
DA:531,0
DA:535,0
DA:536,0
DA:537,0
DA:538,0
DA:542,0
DA:544,0
DA:545,0
DA:547,0
DA:548,0
DA:551,0
DA:552,0
DA:554,0
DA:555,0
DA:557,0
DA:558,0
DA:561,0
DA:562,0
DA:564,0
DA:565,0
DA:567,0
DA:568,0
DA:570,0
DA:571,0
DA:572,0
DA:573,0
DA:577,0
DA:581,0
DA:582,0
DA:583,0
DA:586,0
DA:589,0
DA:590,0
DA:592,0
DA:596,0
DA:597,0
DA:598,0
DA:599,0
DA:601,0
DA:602,0
DA:603,0
DA:604,0
DA:607,0
DA:608,0
DA:609,0
DA:613,0
DA:617,0
DA:618,0
DA:619,0
DA:620,0
DA:622,0
DA:623,0
DA:624,0
DA:625,0
DA:628,0
DA:629,0
DA:630,0
DA:634,0
DA:638,0
DA:640,0
DA:641,0
DA:644,0
DA:646,0
DA:647,0
DA:648,0
DA:649,0
DA:651,0
DA:652,0
DA:656,0
DA:657,0
DA:659,0
DA:662,0
DA:664,0
DA:669,0
DA:671,0
DA:672,0
DA:675,0
DA:676,0
DA:680,0
DA:681,0
DA:682,0
DA:683,0
DA:684,0
DA:685,0
DA:687,0
DA:692,0
DA:693,0
DA:700,0
DA:703,0
LF:367
LH:0
BRDA:20,0,0,0
BRDA:20,0,1,0
BRDA:21,1,0,0
BRDA:21,1,1,0
BRDA:22,2,0,0
BRDA:22,2,1,0
BRDA:23,3,0,0
BRDA:23,3,1,0
BRDA:24,4,0,0
BRDA:24,4,1,0
BRDA:26,5,0,0
BRDA:26,5,1,0
BRDA:27,6,0,0
BRDA:27,6,1,0
BRDA:28,7,0,0
BRDA:28,7,1,0
BRDA:29,8,0,0
BRDA:29,8,1,0
BRDA:32,9,0,0
BRDA:37,10,0,0
BRDA:37,10,1,0
BRDA:37,11,0,0
BRDA:37,11,1,0
BRDA:38,12,0,0
BRDA:38,12,1,0
BRDA:41,13,0,0
BRDA:41,13,1,0
BRDA:42,14,0,0
BRDA:42,14,1,0
BRDA:43,15,0,0
BRDA:43,15,1,0
BRDA:46,16,0,0
BRDA:46,16,1,0
BRDA:51,17,0,0
BRDA:51,17,1,0
BRDA:52,18,0,0
BRDA:52,18,1,0
BRDA:52,19,0,0
BRDA:52,19,1,0
BRDA:52,19,2,0
BRDA:52,19,3,0
BRDA:52,19,4,0
BRDA:53,20,0,0
BRDA:53,20,1,0
BRDA:54,21,0,0
BRDA:54,21,1,0
BRDA:58,22,0,0
BRDA:58,22,1,0
BRDA:59,23,0,0
BRDA:59,23,1,0
BRDA:63,24,0,0
BRDA:63,24,1,0
BRDA:64,25,0,0
BRDA:64,25,1,0
BRDA:68,26,0,0
BRDA:68,26,1,0
BRDA:69,27,0,0
BRDA:69,27,1,0
BRDA:73,28,0,0
BRDA:73,28,1,0
BRDA:73,29,0,0
BRDA:73,29,1,0
BRDA:74,30,0,0
BRDA:74,30,1,0
BRDA:78,31,0,0
BRDA:78,31,1,0
BRDA:85,32,0,0
BRDA:85,32,1,0
BRDA:91,33,0,0
BRDA:91,33,1,0
BRDA:92,34,0,0
BRDA:92,34,1,0
BRDA:95,35,0,0
BRDA:95,35,1,0
BRDA:102,36,0,0
BRDA:102,36,1,0
BRDA:103,37,0,0
BRDA:103,37,1,0
BRDA:106,38,0,0
BRDA:106,38,1,0
BRDA:109,39,0,0
BRDA:109,39,1,0
BRDA:109,40,0,0
BRDA:109,40,1,0
BRDA:110,41,0,0
BRDA:110,41,1,0
BRDA:111,42,0,0
BRDA:111,42,1,0
BRDA:118,43,0,0
BRDA:132,44,0,0
BRDA:132,44,1,0
BRDA:137,45,0,0
BRDA:137,45,1,0
BRDA:138,46,0,0
BRDA:138,46,1,0
BRDA:139,47,0,0
BRDA:139,47,1,0
BRDA:140,48,0,0
BRDA:140,48,1,0
BRDA:157,49,0,0
BRDA:157,49,1,0
BRDA:165,50,0,0
BRDA:165,50,1,0
BRDA:190,51,0,0
BRDA:190,51,1,0
BRDA:190,52,0,0
BRDA:190,52,1,0
BRDA:205,53,0,0
BRDA:205,53,1,0
BRDA:208,54,0,0
BRDA:208,54,1,0
BRDA:212,55,0,0
BRDA:212,56,0,0
BRDA:220,57,0,0
BRDA:231,58,0,0
BRDA:231,58,1,0
BRDA:234,59,0,0
BRDA:234,59,1,0
BRDA:239,60,0,0
BRDA:243,61,0,0
BRDA:243,61,1,0
BRDA:256,62,0,0
BRDA:256,62,1,0
BRDA:259,63,0,0
BRDA:259,63,1,0
BRDA:262,64,0,0
BRDA:264,65,0,0
BRDA:264,65,1,0
BRDA:272,66,0,0
BRDA:272,66,1,0
BRDA:273,67,0,0
BRDA:273,67,1,0
BRDA:274,68,0,0
BRDA:274,68,1,0
BRDA:279,69,0,0
BRDA:279,70,0,0
BRDA:297,71,0,0
BRDA:297,71,1,0
BRDA:299,72,0,0
BRDA:299,72,1,0
BRDA:301,73,0,0
BRDA:301,73,1,0
BRDA:303,74,0,0
BRDA:303,74,1,0
BRDA:303,75,0,0
BRDA:303,75,1,0
BRDA:307,76,0,0
BRDA:307,76,1,0
BRDA:309,77,0,0
BRDA:309,77,1,0
BRDA:309,78,0,0
BRDA:309,78,1,0
BRDA:325,79,0,0
BRDA:325,79,1,0
BRDA:328,80,0,0
BRDA:332,81,0,0
BRDA:336,82,0,0
BRDA:340,83,0,0
BRDA:344,84,0,0
BRDA:348,85,0,0
BRDA:352,86,0,0
BRDA:356,87,0,0
BRDA:360,88,0,0
BRDA:364,89,0,0
BRDA:368,90,0,0
BRDA:372,91,0,0
BRDA:376,92,0,0
BRDA:380,93,0,0
BRDA:384,94,0,0
BRDA:388,95,0,0
BRDA:392,96,0,0
BRDA:396,97,0,0
BRDA:400,98,0,0
BRDA:404,99,0,0
BRDA:417,100,0,0
BRDA:417,100,1,0
BRDA:424,101,0,0
BRDA:424,101,1,0
BRDA:435,102,0,0
BRDA:435,102,1,0
BRDA:454,103,0,0
BRDA:454,103,1,0
BRDA:454,104,0,0
BRDA:454,104,1,0
BRDA:468,105,0,0
BRDA:472,106,0,0
BRDA:472,106,1,0
BRDA:475,107,0,0
BRDA:479,108,0,0
BRDA:479,108,1,0
BRDA:482,109,0,0
BRDA:486,110,0,0
BRDA:486,111,0,0
BRDA:490,112,0,0
BRDA:490,112,1,0
BRDA:491,113,0,0
BRDA:491,113,1,0
BRDA:497,114,0,0
BRDA:497,114,1,0
BRDA:503,115,0,0
BRDA:503,115,1,0
BRDA:511,116,0,0
BRDA:511,116,1,0
BRDA:511,117,0,0
BRDA:511,117,1,0
BRDA:522,118,0,0
BRDA:522,118,1,0
BRDA:523,119,0,0
BRDA:523,119,1,0
BRDA:524,120,0,0
BRDA:524,120,1,0
BRDA:528,121,0,0
BRDA:528,121,1,0
BRDA:534,122,0,0
BRDA:534,123,0,0
BRDA:545,124,0,0
BRDA:545,124,1,0
BRDA:548,125,0,0
BRDA:548,125,1,0
BRDA:555,126,0,0
BRDA:555,126,1,0
BRDA:565,127,0,0
BRDA:565,127,1,0
BRDA:568,128,0,0
BRDA:568,128,1,0
BRDA:577,129,0,0
BRDA:577,129,1,0
BRDA:581,130,0,0
BRDA:581,130,1,0
BRDA:581,131,0,0
BRDA:581,131,1,0
BRDA:595,132,0,0
BRDA:597,133,0,0
BRDA:597,133,1,0
BRDA:599,134,0,0
BRDA:599,134,1,0
BRDA:603,135,0,0
BRDA:603,135,1,0
BRDA:616,136,0,0
BRDA:618,137,0,0
BRDA:618,137,1,0
BRDA:620,138,0,0
BRDA:620,138,1,0
BRDA:624,139,0,0
BRDA:624,139,1,0
BRDA:634,140,0,0
BRDA:634,140,1,0
[...]
FN:553,(anonymous_52)
FN:576,(anonymous_53)
FN:587,(anonymous_54)
FN:600,(anonymous_55)
FN:611,(anonymous_56)
FN:622,(anonymous_57)
FN:646,(anonymous_58)
FN:650,(anonymous_59)
FN:654,(anonymous_60)
FN:658,(anonymous_61)
FN:662,(anonymous_62)
FN:666,(anonymous_63)
FN:670,(anonymous_64)
FN:674,(anonymous_65)
FN:678,(anonymous_66)
FN:682,(anonymous_67)
FN:686,(anonymous_68)
FN:690,(anonymous_69)
FN:694,(anonymous_70)
FN:698,(anonymous_71)
FN:702,(anonymous_72)
FN:706,(anonymous_73)
FN:710,(anonymous_74)
FN:714,(anonymous_75)
FN:718,(anonymous_76)
FN:722,(anonymous_77)
FN:726,(anonymous_78)
FN:740,(anonymous_79)
FN:750,(anonymous_80)
FN:759,(anonymous_81)
FNF:82
FNH:0
FNDA:0,(anonymous_0)
FNDA:0,(anonymous_1)
FNDA:0,(anonymous_2)
FNDA:0,(anonymous_3)
FNDA:0,(anonymous_4)
FNDA:0,(anonymous_5)
FNDA:0,(anonymous_6)
FNDA:0,(anonymous_7)
FNDA:0,(anonymous_8)
FNDA:0,(anonymous_9)
FNDA:0,(anonymous_10)
FNDA:0,(anonymous_11)
FNDA:0,(anonymous_12)
FNDA:0,(anonymous_13)
FNDA:0,(anonymous_14)
FNDA:0,(anonymous_15)
FNDA:0,(anonymous_16)
FNDA:0,(anonymous_17)
FNDA:0,(anonymous_18)
FNDA:0,(anonymous_19)
FNDA:0,(anonymous_20)
FNDA:0,(anonymous_21)
FNDA:0,(anonymous_22)
FNDA:0,(anonymous_23)
FNDA:0,(anonymous_24)
FNDA:0,(anonymous_25)
FNDA:0,(anonymous_26)
FNDA:0,(anonymous_27)
FNDA:0,(anonymous_28)
FNDA:0,(anonymous_29)
FNDA:0,(anonymous_30)
FNDA:0,(anonymous_31)
FNDA:0,(anonymous_32)
FNDA:0,(anonymous_33)
FNDA:0,(anonymous_34)
FNDA:0,(anonymous_35)
FNDA:0,(anonymous_36)
FNDA:0,(anonymous_37)
FNDA:0,(anonymous_38)
FNDA:0,(anonymous_39)
FNDA:0,(anonymous_40)
FNDA:0,(anonymous_41)
FNDA:0,(anonymous_42)
FNDA:0,(anonymous_43)
FNDA:0,(anonymous_44)
FNDA:0,(anonymous_45)
FNDA:0,(anonymous_46)
FNDA:0,(anonymous_47)
FNDA:0,(anonymous_48)
FNDA:0,(anonymous_49)
FNDA:0,(anonymous_50)
FNDA:0,(anonymous_51)
FNDA:0,(anonymous_52)
FNDA:0,(anonymous_53)
FNDA:0,(anonymous_54)
FNDA:0,(anonymous_55)
FNDA:0,(anonymous_56)
FNDA:0,(anonymous_57)
FNDA:0,(anonymous_58)
FNDA:0,(anonymous_59)
FNDA:0,(anonymous_60)
FNDA:0,(anonymous_61)
FNDA:0,(anonymous_62)
FNDA:0,(anonymous_63)
FNDA:0,(anonymous_64)
FNDA:0,(anonymous_65)
FNDA:0,(anonymous_66)
FNDA:0,(anonymous_67)
FNDA:0,(anonymous_68)
FNDA:0,(anonymous_69)
FNDA:0,(anonymous_70)
FNDA:0,(anonymous_71)
FNDA:0,(anonymous_72)
FNDA:0,(anonymous_73)
FNDA:0,(anonymous_74)
FNDA:0,(anonymous_75)
FNDA:0,(anonymous_76)
FNDA:0,(anonymous_77)
FNDA:0,(anonymous_78)
FNDA:0,(anonymous_79)
FNDA:0,(anonymous_80)
FNDA:0,(anonymous_81)
DA:1,0
DA:2,0
DA:16,0
DA:17,0
DA:19,0
DA:28,0
DA:29,0
DA:30,0
DA:31,0
DA:33,0
DA:34,0
DA:37,0
DA:38,0
DA:39,0
DA:40,0
DA:41,0
DA:42,0
DA:43,0
DA:44,0
DA:45,0
DA:46,0
DA:47,0
DA:48,0
DA:49,0
DA:50,0
DA:51,0
DA:53,0
DA:54,0
DA:55,0
DA:56,0
DA:58,0
DA:59,0
DA:60,0
DA:61,0
DA:63,0
DA:64,0
DA:65,0
DA:66,0
DA:68,0
DA:69,0
DA:70,0
DA:71,0
DA:73,0
DA:74,0
DA:75,0
DA:79,0
DA:85,0
DA:86,0
DA:87,0
DA:88,0
DA:90,0
DA:91,0
DA:93,0
DA:96,0
DA:97,0
DA:98,0
DA:99,0
DA:101,0
DA:102,0
DA:104,0
DA:105,0
DA:106,0
DA:108,0
DA:113,0
DA:114,0
DA:115,0
DA:123,0
DA:126,0
DA:128,0
DA:131,0
DA:132,0
DA:133,0
DA:134,0
DA:135,0
DA:139,0
DA:140,0
DA:141,0
DA:142,0
DA:145,0
DA:148,0
DA:149,0
DA:150,0
DA:151,0
DA:152,0
DA:153,0
DA:154,0
DA:156,0
DA:160,0
DA:161,0
DA:162,0
DA:166,0
DA:167,0
DA:171,0
DA:172,0
DA:173,0
DA:177,0
DA:178,0
DA:181,0
DA:182,0
DA:183,0
DA:184,0
DA:185,0
DA:190,0
DA:191,0
DA:192,0
DA:193,0
DA:194,0
DA:199,0
DA:200,0
DA:201,0
DA:202,0
DA:203,0
DA:205,0
DA:208,0
DA:213,0
DA:214,0
DA:215,0
DA:216,0
DA:218,0
DA:220,0
DA:223,0
DA:224,0
DA:225,0
DA:227,0
DA:228,0
DA:229,0
DA:230,0
DA:231,0
DA:232,0
DA:233,0
DA:236,0
DA:237,0
DA:240,0
DA:241,0
DA:244,0
DA:245,0
DA:253,0
DA:254,0
DA:255,0
DA:256,0
DA:257,0
DA:258,0
DA:259,0
DA:260,0
DA:263,0
DA:266,0
DA:267,0
DA:268,0
DA:270,0
DA:278,0
DA:279,0
DA:280,0
DA:281,0
DA:282,0
DA:283,0
DA:284,0
DA:286,0
DA:287,0
DA:288,0
DA:295,0
DA:296,0
DA:297,0
DA:299,0
DA:302,0
DA:303,0
DA:304,0
DA:305,0
DA:306,0
DA:307,0
DA:309,0
DA:310,0
DA:313,0
DA:316,0
DA:319,0
DA:320,0
DA:321,0
DA:322,0
DA:323,0
DA:324,0
DA:325,0
DA:326,0
DA:329,0
DA:330,0
DA:335,0
DA:349,0
DA:350,0
DA:352,0
DA:353,0
DA:354,0
DA:357,0
DA:359,0
DA:360,0
DA:361,0
DA:362,0
DA:364,0
DA:365,0
DA:367,0
DA:369,0
DA:374,0
DA:375,0
DA:376,0
DA:379,0
DA:380,0
DA:381,0
DA:382,0
DA:386,0
DA:387,0
DA:388,0
DA:390,0
DA:391,0
DA:392,0
DA:394,0
DA:395,0
DA:396,0
DA:398,0
DA:402,0
DA:403,0
DA:404,0
DA:405,0
DA:406,0
DA:407,0
DA:408,0
DA:409,0
DA:413,0
DA:414,0
DA:415,0
DA:416,0
DA:417,0
DA:418,0
DA:419,0
DA:420,0
DA:424,0
DA:433,0
DA:435,0
DA:436,0
DA:437,0
DA:438,0
DA:439,0
DA:441,0
DA:442,0
DA:445,0
DA:446,0
DA:447,0
DA:449,0
DA:452,0
DA:453,0
DA:454,0
DA:455,0
DA:456,0
DA:458,0
DA:459,0
DA:460,0
DA:462,0
DA:464,0
DA:465,0
DA:467,0
DA:468,0
DA:469,0
DA:470,0
DA:473,0
DA:474,0
DA:475,0
DA:476,0
DA:477,0
DA:481,0
DA:482,0
DA:483,0
DA:488,0
DA:492,0
DA:493,0
DA:495,0
DA:496,0
DA:498,0
DA:499,0
DA:500,0
DA:502,0
DA:503,0
DA:504,0
DA:505,0
DA:507,0
DA:508,0
DA:510,0
DA:511,0
DA:514,0
DA:515,0
DA:516,0
DA:518,0
DA:519,0
DA:520,0
DA:522,0
DA:523,0
DA:524,0
DA:526,0
DA:530,0
DA:531,0
DA:532,0
DA:534,0
DA:535,0
DA:536,0
DA:538,0
DA:539,0
DA:542,0
DA:543,0
DA:544,0
DA:546,0
DA:547,0
DA:548,0
DA:550,0
DA:554,0
DA:555,0
DA:557,0
DA:558,0
DA:560,0
DA:562,0
DA:563,0
DA:564,0
DA:565,0
DA:567,0
DA:568,0
DA:569,0
DA:572,0
DA:573,0
DA:577,0
DA:578,0
DA:579,0
DA:580,0
DA:581,0
DA:582,0
DA:583,0
DA:584,0
DA:588,0
DA:589,0
DA:590,0
DA:592,0
DA:593,0
DA:594,0
DA:596,0
DA:597,0
DA:600,0
DA:601,0
DA:602,0
DA:604,0
DA:605,0
DA:606,0
DA:608,0
DA:612,0
DA:613,0
DA:614,0
DA:615,0
DA:618,0
DA:619,0
DA:620,0
DA:622,0
DA:624,0
DA:625,0
DA:628,0
DA:629,0
DA:630,0
DA:631,0
DA:633,0
DA:634,0
DA:635,0
DA:638,0
DA:639,0
DA:642,0
DA:647,0
DA:648,0
DA:651,0
DA:652,0
DA:655,0
DA:656,0
DA:659,0
DA:660,0
DA:663,0
DA:664,0
DA:667,0
DA:668,0
DA:671,0
DA:672,0
DA:675,0
DA:676,0
DA:679,0
DA:680,0
DA:683,0
DA:684,0
DA:687,0
DA:688,0
DA:691,0
DA:692,0
DA:695,0
DA:696,0
DA:699,0
DA:700,0
DA:703,0
DA:704,0
DA:707,0
DA:708,0
DA:711,0
DA:712,0
DA:715,0
DA:716,0
DA:719,0
DA:720,0
DA:723,0
DA:724,0
DA:727,0
DA:728,0
DA:733,0
DA:735,0
DA:736,0
DA:740,0
DA:741,0
DA:742,0
DA:743,0
DA:745,0
DA:750,0
DA:751,0
DA:759,0
DA:760,0
DA:763,0
DA:772,0
LF:421
LH:0
BRDA:20,0,0,0
BRDA:20,0,1,0
BRDA:22,1,0,0
BRDA:22,1,1,0
BRDA:23,2,0,0
BRDA:23,2,1,0
BRDA:24,3,0,0
BRDA:24,3,1,0
BRDA:25,4,0,0
BRDA:25,4,1,0
BRDA:28,5,0,0
BRDA:33,6,0,0
BRDA:33,6,1,0
BRDA:33,7,0,0
BRDA:33,7,1,0
BRDA:34,8,0,0
BRDA:34,8,1,0
BRDA:37,9,0,0
BRDA:37,9,1,0
BRDA:38,10,0,0
BRDA:38,10,1,0
BRDA:39,11,0,0
BRDA:39,11,1,0
BRDA:42,12,0,0
BRDA:42,12,1,0
BRDA:44,13,0,0
BRDA:44,13,1,0
BRDA:47,14,0,0
BRDA:47,14,1,0
BRDA:47,15,0,0
BRDA:47,15,1,0
BRDA:47,15,2,0
BRDA:47,15,3,0
BRDA:47,15,4,0
BRDA:48,16,0,0
BRDA:48,16,1,0
BRDA:49,17,0,0
BRDA:49,17,1,0
BRDA:53,18,0,0
BRDA:53,18,1,0
BRDA:54,19,0,0
BRDA:54,19,1,0
BRDA:58,20,0,0
BRDA:58,20,1,0
BRDA:59,21,0,0
BRDA:59,21,1,0
BRDA:63,22,0,0
BRDA:63,22,1,0
BRDA:64,23,0,0
BRDA:64,23,1,0
BRDA:68,24,0,0
BRDA:68,24,1,0
BRDA:68,25,0,0
BRDA:68,25,1,0
BRDA:69,26,0,0
BRDA:69,26,1,0
BRDA:73,27,0,0
BRDA:73,27,1,0
BRDA:80,28,0,0
BRDA:80,28,1,0
BRDA:86,29,0,0
BRDA:86,29,1,0
BRDA:87,30,0,0
BRDA:87,30,1,0
BRDA:90,31,0,0
BRDA:90,31,1,0
BRDA:97,32,0,0
BRDA:97,32,1,0
BRDA:98,33,0,0
BRDA:98,33,1,0
BRDA:101,34,0,0
BRDA:101,34,1,0
BRDA:104,35,0,0
BRDA:104,35,1,0
BRDA:104,36,0,0
BRDA:104,36,1,0
BRDA:105,37,0,0
BRDA:105,37,1,0
BRDA:106,38,0,0
BRDA:106,38,1,0
BRDA:113,39,0,0
BRDA:131,40,0,0
BRDA:131,40,1,0
BRDA:148,41,0,0
BRDA:148,41,1,0
BRDA:150,42,0,0
BRDA:150,42,1,0
BRDA:151,43,0,0
BRDA:151,43,1,0
BRDA:152,44,0,0
BRDA:152,44,1,0
BRDA:153,45,0,0
BRDA:153,45,1,0
BRDA:160,46,0,0
BRDA:160,46,1,0
BRDA:166,47,0,0
BRDA:166,47,1,0
BRDA:171,48,0,0
BRDA:171,48,1,0
BRDA:181,49,0,0
BRDA:181,49,1,0
BRDA:181,50,0,0
BRDA:181,50,1,0
BRDA:190,51,0,0
BRDA:190,51,1,0
BRDA:190,52,0,0
BRDA:190,52,1,0
BRDA:213,53,0,0
BRDA:213,53,1,0
BRDA:213,54,0,0
BRDA:213,54,1,0
BRDA:228,55,0,0
BRDA:228,55,1,0
BRDA:231,56,0,0
BRDA:231,56,1,0
BRDA:235,57,0,0
BRDA:235,58,0,0
BRDA:243,59,0,0
BRDA:254,60,0,0
BRDA:254,60,1,0
BRDA:257,61,0,0
BRDA:257,61,1,0
BRDA:262,62,0,0
BRDA:266,63,0,0
BRDA:266,63,1,0
BRDA:279,64,0,0
BRDA:279,64,1,0
BRDA:282,65,0,0
BRDA:282,65,1,0
BRDA:285,66,0,0
BRDA:287,67,0,0
BRDA:287,67,1,0
BRDA:295,68,0,0
BRDA:295,68,1,0
BRDA:296,69,0,0
BRDA:296,69,1,0
BRDA:297,70,0,0
BRDA:297,70,1,0
BRDA:302,71,0,0
BRDA:302,72,0,0
BRDA:319,73,0,0
BRDA:319,73,1,0
BRDA:321,74,0,0
BRDA:321,74,1,0
BRDA:323,75,0,0
BRDA:323,75,1,0
BRDA:325,76,0,0
BRDA:325,76,1,0
BRDA:325,77,0,0
BRDA:325,77,1,0
BRDA:329,78,0,0
BRDA:329,78,1,0
BRDA:346,79,0,0
BRDA:346,79,1,0
BRDA:348,80,0,0
BRDA:357,81,0,0
BRDA:357,81,1,0
BRDA:374,82,0,0
BRDA:374,82,1,0
BRDA:379,83,0,0
BRDA:379,83,1,0
BRDA:381,84,0,0
BRDA:381,84,1,0
BRDA:401,85,0,0
BRDA:403,86,0,0
BRDA:409,87,0,0
BRDA:409,87,1,0
BRDA:412,88,0,0
BRDA:414,89,0,0
BRDA:420,90,0,0
BRDA:420,90,1,0
BRDA:423,91,0,0
BRDA:426,92,0,0
BRDA:432,93,0,0
BRDA:438,94,0,0
BRDA:438,94,1,0
BRDA:439,95,0,0
BRDA:439,95,1,0
BRDA:441,96,0,0
BRDA:441,96,1,0
BRDA:441,97,0,0
BRDA:441,97,1,0
BRDA:441,97,2,0
BRDA:452,98,0,0
BRDA:452,98,1,0
BRDA:452,99,0,0
BRDA:452,99,1,0
BRDA:456,100,0,0
BRDA:456,100,1,0
BRDA:460,101,0,0
BRDA:460,101,1,0
BRDA:475,102,0,0
BRDA:475,102,1,0
BRDA:482,103,0,0
BRDA:482,103,1,0
BRDA:483,104,0,0
BRDA:483,104,1,0
BRDA:483,105,0,0
BRDA:483,105,1,0
BRDA:491,106,0,0
BRDA:496,107,0,0
BRDA:496,107,1,0
BRDA:510,108,0,0
BRDA:510,108,1,0
BRDA:529,109,0,0
BRDA:538,110,0,0
BRDA:538,110,1,0
BRDA:553,111,0,0
BRDA:558,112,0,0
BRDA:558,112,1,0
BRDA:562,113,0,0
BRDA:562,113,1,0
BRDA:576,114,0,0
BRDA:576,115,0,0
BRDA:578,116,0,0
BRDA:584,117,0,0
BRDA:584,117,1,0
BRDA:587,118,0,0
BRDA:596,119,0,0
BRDA:596,119,1,0
BRDA:611,120,0,0
BRDA:628,121,0,0
BRDA:628,121,1,0
BRDA:646,122,0,0
BRDA:650,123,0,0
BRDA:654,124,0,0
BRDA:658,125,0,0
BRDA:662,126,0,0
BRDA:666,127,0,0
BRDA:670,128,0,0
BRDA:674,129,0,0
BRDA:678,130,0,0
BRDA:682,131,0,0
BRDA:686,132,0,0
BRDA:690,133,0,0
BRDA:694,134,0,0
BRDA:698,135,0,0
BRDA:702,136,0,0
BRDA:706,137,0,0
BRDA:710,138,0,0
BRDA:714,139,0,0
BRDA:718,140,0,0
BRDA:722,141,0,0
BRF:243
BRH:0
end_of_record
TN:
SF:services/aerekos-record/utils/errors.js
FN:6,(anonymous_0)
FN:13,(anonymous_1)
FN:20,(anonymous_2)
FNF:3
FNH:0
FNDA:0,(anonymous_0)
FNDA:0,(anonymous_1)
FNDA:0,(anonymous_2)
DA:7,0
DA:8,0
DA:14,0
DA:15,0
DA:21,0
DA:22,0
DA:26,0
LF:7
LH:0
BRF:0
BRH:0
end_of_record
TN:
SF:services/aerekos-record/utils/logger.js
FN:6,(anonymous_0)
FN:9,(anonymous_1)
FN:12,(anonymous_2)
FNF:3
FNH:0
FNDA:0,(anonymous_0)
FNDA:0,(anonymous_1)
FNDA:0,(anonymous_2)
DA:5,0
DA:7,0
DA:10,0
DA:13,0
DA:17,0
LF:5
LH:0
BRDA:6,0,0,0
BRDA:9,1,0,0
BRDA:12,2,0,0
BRF:3
BRH:0
end_of_record
TN:
SF:utils/resourceDetector.js
FN:14,(anonymous_0)
FN:23,(anonymous_1)
FN:32,(anonymous_2)
FN:104,(anonymous_3)
FN:139,(anonymous_4)
FN:210,(anonymous_5)
FN:309,(anonymous_6)
FN:396,(anonymous_7)
FN:429,(anonymous_8)
FN:469,(anonymous_9)
FN:541,(anonymous_10)
FN:549,(anonymous_11)
FN:597,(anonymous_12)
FN:626,(anonymous_13)
FN:634,(anonymous_14)
FN:642,(anonymous_15)
FN:644,(anonymous_16)
FN:649,(anonymous_17)
FN:682,(anonymous_18)
FN:688,(anonymous_19)
FN:689,(anonymous_20)
FN:690,(anonymous_21)
FN:694,(anonymous_22)
FN:695,(anonymous_23)
FN:714,(anonymous_24)
FNF:25
FNH:15
FNDA:14,(anonymous_0)
FNDA:2,(anonymous_1)
FNDA:5,(anonymous_2)
FNDA:11,(anonymous_3)
FNDA:3,(anonymous_4)
FNDA:12,(anonymous_5)
FNDA:0,(anonymous_6)
FNDA:0,(anonymous_7)
FNDA:0,(anonymous_8)
FNDA:0,(anonymous_9)
FNDA:11,(anonymous_10)
FNDA:10,(anonymous_11)
FNDA:0,(anonymous_12)
FNDA:10,(anonymous_13)
FNDA:142,(anonymous_14)
FNDA:65,(anonymous_15)
FNDA:0,(anonymous_16)
FNDA:8,(anonymous_17)
FNDA:8,(anonymous_18)
FNDA:0,(anonymous_19)
FNDA:0,(anonymous_20)
FNDA:0,(anonymous_21)
FNDA:0,(anonymous_22)
FNDA:8,(anonymous_23)
FNDA:56,(anonymous_24)
DA:1,2
DA:2,2
DA:3,2
DA:15,14
DA:24,2
DA:33,5
DA:35,5
DA:36,5
DA:37,3
DA:38,3
DA:40,3
DA:41,3
DA:42,3
DA:43,2
DA:44,2
DA:47,1
DA:48,1
DA:51,3
DA:61,2
DA:62,1
DA:65,1
DA:66,1
DA:67,1
DA:68,1
DA:70,1
DA:71,6
DA:72,2
DA:73,4
DA:74,2
DA:75,2
DA:76,2
DA:81,1
DA:84,1
DA:85,1
DA:86,1
DA:88,1
DA:95,1
DA:96,1
DA:105,11
DA:106,11
DA:107,1
DA:108,1
DA:109,1
DA:114,10
DA:115,9
DA:117,9
DA:124,1
DA:125,1
DA:140,3
DA:142,3
DA:143,2
DA:145,2
DA:147,2
DA:148,10
DA:149,2
DA:150,8
DA:151,2
DA:152,6
DA:153,2
DA:154,4
DA:155,2
DA:156,2
DA:157,2
DA:162,2
DA:163,2
DA:164,2
DA:165,2
DA:169,2
DA:170,2
DA:171,1
DA:173,1
DA:176,1
DA:179,1
DA:180,1
DA:181,1
DA:183,1
DA:193,1
DA:200,1
DA:201,1
DA:211,12
DA:215,12
DA:216,11
DA:217,11
DA:218,11
DA:219,11
DA:222,11
DA:225,11
DA:226,11
DA:229,11
DA:230,1
DA:231,1
DA:232,1
DA:233,1
DA:235,1
DA:236,0
DA:244,11
DA:245,0
DA:246,0
DA:247,0
DA:248,0
DA:249,0
DA:257,11
DA:258,11
DA:260,1
DA:261,1
DA:262,1
DA:267,11
DA:268,11
DA:269,1
DA:270,1
DA:274,1
DA:275,1
DA:277,1
DA:287,10
DA:294,1
DA:295,1
DA:310,0
DA:311,0
DA:314,0
DA:315,0
DA:316,0
DA:317,0
DA:319,0
DA:320,0
DA:322,0
DA:325,0
DA:326,0
DA:329,0
DA:330,0
DA:331,0
DA:332,0
DA:333,0
DA:334,0
DA:338,0
DA:340,0
DA:341,0
DA:344,0
DA:345,0
DA:346,0
DA:347,0
DA:348,0
DA:351,0
DA:355,0
DA:356,0
DA:357,0
DA:358,0
DA:359,0
DA:360,0
DA:361,0
DA:362,0
DA:366,0
DA:367,0
DA:368,0
DA:369,0
DA:371,0
DA:372,0
DA:373,0
DA:376,0
DA:377,0
DA:381,0
DA:382,0
DA:390,0
DA:391,0
DA:393,0
DA:394,0
DA:395,0
DA:396,0
DA:397,0
DA:398,0
DA:399,0
DA:400,0
DA:402,0
DA:403,0
DA:404,0
DA:406,0
DA:407,0
DA:408,0
DA:410,0
DA:411,0
DA:418,0
DA:419,0
DA:420,0
DA:425,0
DA:426,0
DA:427,0
DA:428,0
DA:429,0
DA:430,0
DA:431,0
DA:432,0
DA:433,0
DA:435,0
DA:436,0
DA:437,0
DA:438,0
DA:439,0
DA:440,0
DA:442,0
DA:443,0
DA:450,0
DA:451,0
DA:452,0
DA:456,0
DA:465,0
DA:466,0
DA:467,0
DA:468,0
DA:469,0
DA:470,0
DA:471,0
DA:472,0
DA:473,0
DA:475,0
DA:476,0
DA:489,0
DA:490,0
DA:493,0
DA:494,0
DA:495,0
DA:496,0
DA:497,0
DA:498,0
DA:502,0
DA:503,0
DA:504,0
DA:505,0
DA:506,0
DA:507,0
DA:510,0
DA:511,0
DA:512,0
DA:513,0
DA:514,0
DA:515,0
DA:516,0
DA:517,0
DA:529,0
DA:531,0
DA:532,0
DA:542,11
DA:546,11
DA:549,10
DA:550,10
DA:551,10
DA:552,10
DA:555,10
DA:559,10
DA:560,10
DA:561,1
DA:562,1
DA:566,1
DA:567,1
DA:569,1
DA:578,9
DA:584,1
DA:585,1
DA:598,0
DA:600,0
DA:601,0
DA:603,0
DA:604,0
DA:605,0
DA:606,0
DA:607,0
DA:615,0
DA:617,0
DA:618,0
DA:627,10
DA:630,10
DA:631,10
DA:634,10
DA:635,142
DA:642,10
DA:643,65
DA:645,0
DA:649,10
DA:650,8
DA:653,8
DA:664,2
DA:665,2
DA:683,8
DA:688,0
DA:689,0
DA:690,0
DA:694,8
DA:695,8
DA:696,8
DA:700,8
DA:703,8
DA:704,8
DA:706,8
DA:714,56
DA:770,2
LF:293
LH:149
BRDA:15,0,0,14
BRDA:15,0,1,3
BRDA:36,1,0,3
BRDA:36,1,1,2
BRDA:38,2,0,3
BRDA:38,2,1,0
BRDA:38,3,0,3
BRDA:38,3,1,3
BRDA:43,4,0,2
BRDA:43,4,1,0
BRDA:48,5,0,1
BRDA:48,5,1,0
BRDA:62,6,0,1
BRDA:62,6,1,0
BRDA:71,7,0,2
BRDA:71,7,1,4
BRDA:73,8,0,2
BRDA:73,8,1,2
BRDA:75,9,0,2
BRDA:75,9,1,0
BRDA:75,10,0,2
BRDA:75,10,1,2
BRDA:81,11,0,1
BRDA:81,11,1,0
BRDA:85,12,0,1
BRDA:85,12,1,0
BRDA:89,13,0,1
BRDA:89,13,1,0
BRDA:90,14,0,1
BRDA:90,14,1,0
BRDA:106,15,0,1
BRDA:106,15,1,10
BRDA:108,16,0,1
BRDA:108,16,1,0
BRDA:121,17,0,9
BRDA:121,17,1,0
BRDA:148,18,0,2
BRDA:148,18,1,8
BRDA:149,19,0,2
BRDA:149,19,1,0
BRDA:150,20,0,2
BRDA:150,20,1,6
BRDA:151,21,0,2
BRDA:151,21,1,0
BRDA:152,22,0,2
BRDA:152,22,1,4
BRDA:153,23,0,2
BRDA:153,23,1,0
BRDA:154,24,0,2
BRDA:154,24,1,2
BRDA:155,25,0,2
BRDA:155,25,1,0
BRDA:156,26,0,2
BRDA:156,26,1,0
BRDA:157,27,0,2
BRDA:157,27,1,0
BRDA:170,28,0,1
BRDA:170,28,1,1
BRDA:173,29,0,1
BRDA:173,29,1,0
BRDA:173,30,0,1
BRDA:173,30,1,1
BRDA:176,31,0,1
BRDA:176,31,1,0
BRDA:222,32,0,11
BRDA:222,32,1,0
BRDA:229,33,0,1
BRDA:229,33,1,10
BRDA:235,34,0,0
BRDA:235,34,1,1
BRDA:235,35,0,1
BRDA:235,35,1,1
BRDA:244,36,0,0
BRDA:244,36,1,11
BRDA:244,37,0,11
BRDA:244,37,1,10
BRDA:248,38,0,0
BRDA:248,38,1,0
BRDA:258,39,0,1
BRDA:258,39,1,10
BRDA:258,40,0,11
BRDA:258,40,1,1
BRDA:258,40,2,1
BRDA:262,41,0,1
BRDA:262,41,1,0
BRDA:268,42,0,1
BRDA:268,42,1,10
BRDA:270,43,0,1
BRDA:270,43,1,0
BRDA:270,44,0,1
BRDA:270,44,1,1
BRDA:315,45,0,0
BRDA:315,45,1,0
BRDA:317,46,0,0
BRDA:317,46,1,0
BRDA:317,47,0,0
BRDA:317,47,1,0
BRDA:332,48,0,0
BRDA:332,48,1,0
BRDA:332,49,0,0
BRDA:332,49,1,0
BRDA:338,50,0,0
BRDA:338,50,1,0
BRDA:347,51,0,0
BRDA:347,51,1,0
BRDA:347,52,0,0
BRDA:347,52,1,0
BRDA:355,53,0,0
BRDA:355,53,1,0
BRDA:357,54,0,0
BRDA:357,54,1,0
BRDA:359,55,0,0
BRDA:359,55,1,0
BRDA:360,56,0,0
BRDA:360,56,1,0
BRDA:361,57,0,0
BRDA:361,57,1,0
BRDA:362,58,0,0
BRDA:362,58,1,0
BRDA:367,59,0,0
BRDA:367,59,1,0
BRDA:369,60,0,0
BRDA:369,60,1,0
BRDA:369,61,0,0
BRDA:369,61,1,0
BRDA:371,62,0,0
BRDA:371,62,1,0
BRDA:390,63,0,0
BRDA:390,63,1,0
BRDA:390,64,0,0
BRDA:390,64,1,0
BRDA:395,65,0,0
BRDA:395,65,1,0
BRDA:397,66,0,0
BRDA:397,66,1,0
BRDA:398,67,0,0
BRDA:398,67,1,0
BRDA:399,68,0,0
BRDA:399,68,1,0
BRDA:400,69,0,0
BRDA:400,69,1,0
BRDA:402,70,0,0
BRDA:402,70,1,0
BRDA:404,71,0,0
BRDA:404,71,1,0
BRDA:404,72,0,0
BRDA:404,72,1,0
BRDA:406,73,0,0
BRDA:406,73,1,0
BRDA:428,74,0,0
BRDA:428,74,1,0
BRDA:430,75,0,0
BRDA:430,75,1,0
BRDA:431,76,0,0
BRDA:431,76,1,0
BRDA:432,77,0,0
BRDA:432,77,1,0
BRDA:433,78,0,0
BRDA:433,78,1,0
BRDA:435,79,0,0
BRDA:435,79,1,0
BRDA:437,80,0,0
BRDA:437,80,1,0
BRDA:437,81,0,0
BRDA:437,81,1,0
BRDA:438,82,0,0
BRDA:438,82,1,0
BRDA:468,83,0,0
BRDA:468,83,1,0
BRDA:470,84,0,0
BRDA:470,84,1,0
BRDA:471,85,0,0
BRDA:471,85,1,0
BRDA:472,86,0,0
BRDA:472,86,1,0
BRDA:473,87,0,0
BRDA:473,87,1,0
BRDA:475,88,0,0
BRDA:475,88,1,0
BRDA:496,89,0,0
BRDA:496,89,1,0
BRDA:496,90,0,0
BRDA:496,90,1,0
BRDA:502,91,0,0
BRDA:502,91,1,0
BRDA:504,92,0,0
BRDA:504,92,1,0
BRDA:504,93,0,0
BRDA:504,93,1,0
BRDA:513,94,0,0
BRDA:513,94,1,0
BRDA:515,95,0,0
BRDA:515,95,1,0
BRDA:516,96,0,0
BRDA:516,96,1,0
BRDA:549,97,0,10
BRDA:549,97,1,0
BRDA:549,97,2,0
BRDA:550,98,0,10
BRDA:550,98,1,0
BRDA:551,99,0,10
BRDA:551,99,1,0
BRDA:552,100,0,10
BRDA:552,100,1,0
BRDA:555,101,0,10
BRDA:555,101,1,0
BRDA:560,102,0,1
BRDA:560,102,1,9
BRDA:562,103,0,1
BRDA:562,103,1,0
BRDA:562,104,0,1
BRDA:562,104,1,1
BRDA:606,105,0,0
BRDA:606,105,1,0
BRDA:606,106,0,0
BRDA:606,106,1,0
BRDA:606,106,2,0
BRDA:606,106,3,0
BRDA:635,107,0,142
BRDA:635,107,1,135
BRDA:635,107,2,135
BRDA:635,107,3,135
BRDA:642,108,0,10
BRDA:642,108,1,1
BRDA:642,108,2,1
BRDA:642,108,3,1
BRDA:643,109,0,65
BRDA:643,109,1,9
BRDA:645,110,0,0
BRDA:645,110,1,0
BRDA:645,110,2,0
BRDA:649,111,0,10
BRDA:649,111,1,0
BRDA:654,112,0,8
BRDA:654,112,1,0
BRDA:655,113,0,8
BRDA:655,113,1,0
BRDA:656,114,0,8
BRDA:656,114,1,0
BRDA:657,115,0,8
BRDA:657,115,1,1
BRDA:658,116,0,8
BRDA:658,116,1,0
BRDA:659,117,0,8
BRDA:659,117,1,0
BRDA:660,118,0,8
BRDA:660,118,1,1
BRDA:661,119,0,8
BRDA:661,119,1,1
BRDA:695,120,0,8
BRDA:695,120,1,0
BRDA:695,120,2,0
BRDA:700,121,0,8
BRDA:700,121,1,1
BRDA:703,122,0,8
BRDA:703,122,1,0
BRDA:704,123,0,8
BRDA:704,123,1,0
BRDA:711,124,0,8
BRDA:711,124,1,0
BRDA:712,125,0,8
BRDA:712,125,1,0
BRDA:712,125,2,0
BRDA:713,126,0,8
BRDA:713,126,1,0
BRDA:713,126,2,0
BRDA:716,127,0,56
BRDA:716,127,1,0
BRDA:717,128,0,56
BRDA:717,128,1,0
BRDA:719,129,0,8
BRDA:719,129,1,8
BRDA:720,130,0,8
BRDA:720,130,1,8
BRDA:726,131,0,8
BRDA:726,131,1,7
BRDA:737,132,0,8
BRDA:737,132,1,1
BRDA:738,133,0,8
BRDA:738,133,1,1
BRDA:739,134,0,8
BRDA:739,134,1,3
BRDA:740,135,0,8
BRDA:740,135,1,3
BRDA:752,136,0,8
BRDA:752,136,1,1
BRDA:752,136,2,1
BRDA:753,137,0,8
BRDA:753,137,1,1
BRDA:753,137,2,1
BRDA:754,138,0,8
BRDA:754,138,1,3
BRDA:755,139,0,8
BRDA:755,139,1,3
BRDA:756,140,0,8
BRDA:756,140,1,7
BRDA:757,141,0,8
BRDA:757,141,1,7
BRDA:758,142,0,8
BRDA:758,142,1,8
BRDA:759,143,0,8
BRDA:759,143,1,8
BRDA:765,144,0,8
BRDA:765,144,1,0
BRF:304
BRH:140
end_of_record
TN:
SF:utils/workerIdStorage.js
FN:10,ensureDataDir
FN:20,getStoredWorkerId
FN:37,storeWorkerId
FN:54,clearWorkerId
FNF:4
FNH:4
FNDA:20,ensureDataDir
FNDA:10,getStoredWorkerId
FNDA:10,storeWorkerId
FNDA:5,clearWorkerId
DA:1,2
DA:2,2
DA:4,2
DA:5,2
DA:11,20
DA:12,0
DA:21,10
DA:22,10
DA:23,10
DA:24,7
DA:25,6
DA:28,1
DA:30,4
DA:38,10
DA:39,10
DA:40,10
DA:44,10
DA:45,10
DA:47,0
DA:55,5
DA:56,5
DA:57,4
DA:58,4
DA:61,0
DA:65,2
LF:25
LH:22
BRDA:11,0,0,0
BRDA:11,0,1,20
BRDA:23,1,0,7
BRDA:23,1,1,3
BRDA:25,2,0,6
BRDA:25,2,1,1
BRDA:56,3,0,4
BRDA:56,3,1,1
BRF:8
BRH:7
end_of_record
